#-----------------------------------------------------------
# Vivado v2020.2 (64-bit)
# SW Build 3064766 on Wed Nov 18 09:12:47 MST 2020
# IP Build 3064653 on Wed Nov 18 14:17:31 MST 2020
# Start of session at: Sun Jul 27 20:28:20 2025
# Process ID: 170275
# Current directory: /home/gabber/FUDAN/workspace/SBM_0728/BBQ_BM
# Command line: vivado BBQ_BM.xpr
# Log file: /home/gabber/FUDAN/workspace/SBM_0728/BBQ_BM/vivado.log
# Journal file: /home/gabber/FUDAN/workspace/SBM_0728/BBQ_BM/vivado.jou
#-----------------------------------------------------------
start_gui
open_project BBQ_BM.xpr
INFO: [Project 1-313] Project file moved from '/home/gabber/FUDAN/workspace/BBQ_BM/BBQ_BM' since last save.
Scanning sources...
Finished scanning sources
INFO: [IP_Flow 19-234] Refreshing IP repositories
INFO: [IP_Flow 19-1704] No user IP repositories specified
INFO: [IP_Flow 19-2313] Loaded Vivado IP repository '/tools/Xilinx/Vivado/2020.2/data/ip'.
open_project: Time (s): cpu = 00:00:12 ; elapsed = 00:00:06 . Memory (MB): peak = 7398.840 ; gain = 86.309 ; free physical = 22867 ; free virtual = 57822
INFO: [IP_Flow 19-3899] Cannot get the environment domain name variable for the component vendor name. Setting the vendor name to 'user.org'.
update_compile_order -fileset sources_1
export_ip_user_files -of_objects  [get_files /home/gabber/FUDAN/workspace/SBM_0728/BBQ_BM/BBQ_BM.srcs/sources_1/ip/ila_2/ila_2.xci] -no_script -reset -force -quiet
remove_files  -fileset ila_2 /home/gabber/FUDAN/workspace/SBM_0728/BBQ_BM/BBQ_BM.srcs/sources_1/ip/ila_2/ila_2.xci
INFO: [Project 1-386] Moving file '/home/gabber/FUDAN/workspace/SBM_0728/BBQ_BM/BBQ_BM.srcs/sources_1/ip/ila_2/ila_2.xci' from fileset 'ila_2' to fileset 'sources_1'.
export_ip_user_files -of_objects  [get_files /home/gabber/FUDAN/workspace/SBM_0728/BBQ_BM/BBQ_BM.srcs/sources_1/ip/ila_1/ila_1.xci] -no_script -reset -force -quiet
remove_files  -fileset ila_1 /home/gabber/FUDAN/workspace/SBM_0728/BBQ_BM/BBQ_BM.srcs/sources_1/ip/ila_1/ila_1.xci
INFO: [Project 1-386] Moving file '/home/gabber/FUDAN/workspace/SBM_0728/BBQ_BM/BBQ_BM.srcs/sources_1/ip/ila_1/ila_1.xci' from fileset 'ila_1' to fileset 'sources_1'.
file delete -force /home/gabber/FUDAN/workspace/SBM_0728/BBQ_BM/BBQ_BM.srcs/sources_1/ip/ila_1
file delete -force /home/gabber/FUDAN/workspace/SBM_0728/BBQ_BM/BBQ_BM.gen/sources_1/ip/ila_1
create_ip -name hbm -vendor xilinx.com -library ip -version 1.0 -module_name hbm_0
set_property -dict [list CONFIG.USER_DEBUG_EN {TRUE} CONFIG.USER_CLK_SEL_LIST0 {AXI_00_ACLK} CONFIG.USER_MC_ENABLE_01 {FALSE} CONFIG.USER_MC_ENABLE_02 {FALSE} CONFIG.USER_MC_ENABLE_03 {FALSE} CONFIG.USER_MC_ENABLE_04 {FALSE} CONFIG.USER_MC_ENABLE_05 {FALSE} CONFIG.USER_MC_ENABLE_06 {FALSE} CONFIG.USER_MC_ENABLE_07 {FALSE} CONFIG.USER_SAXI_01 {false} CONFIG.USER_SAXI_02 {false} CONFIG.USER_SAXI_03 {false} CONFIG.USER_SAXI_04 {false} CONFIG.USER_SAXI_05 {false} CONFIG.USER_SAXI_06 {false} CONFIG.USER_SAXI_07 {false} CONFIG.USER_SAXI_08 {false} CONFIG.USER_SAXI_09 {false} CONFIG.USER_SAXI_10 {false} CONFIG.USER_SAXI_11 {false} CONFIG.USER_SAXI_12 {false} CONFIG.USER_SAXI_13 {false} CONFIG.USER_SAXI_14 {false} CONFIG.USER_SAXI_15 {false}] [get_ips hbm_0]
generate_target {instantiation_template} [get_files /home/gabber/FUDAN/workspace/SBM_0728/BBQ_BM/BBQ_BM.srcs/sources_1/ip/hbm_0/hbm_0.xci]
INFO: [IP_Flow 19-1686] Generating 'Instantiation Template' target for IP 'hbm_0'...
generate_target all [get_files  /home/gabber/FUDAN/workspace/SBM_0728/BBQ_BM/BBQ_BM.srcs/sources_1/ip/hbm_0/hbm_0.xci]
INFO: [IP_Flow 19-1686] Generating 'Synthesis' target for IP 'hbm_0'...
INFO: [IP_Flow 19-1686] Generating 'Simulation' target for IP 'hbm_0'...
WARNING: [IP_Flow 19-5611] Unable to find an associated reset port for the interface 'SAXI_00'. A default connection has been created.
INFO: [IP_Flow 19-1686] Generating 'Change Log' target for IP 'hbm_0'...
catch { config_ip_cache -export [get_ips -all hbm_0] }
export_ip_user_files -of_objects [get_files /home/gabber/FUDAN/workspace/SBM_0728/BBQ_BM/BBQ_BM.srcs/sources_1/ip/hbm_0/hbm_0.xci] -no_script -sync -force -quiet
create_ip_run [get_files -of_objects [get_fileset sources_1] /home/gabber/FUDAN/workspace/SBM_0728/BBQ_BM/BBQ_BM.srcs/sources_1/ip/hbm_0/hbm_0.xci]
launch_runs hbm_0_synth_1 -jobs 8
[Sun Jul 27 20:32:09 2025] Launched hbm_0_synth_1...
Run output will be captured here: /home/gabber/FUDAN/workspace/SBM_0728/BBQ_BM/BBQ_BM.runs/hbm_0_synth_1/runme.log
export_simulation -of_objects [get_files /home/gabber/FUDAN/workspace/SBM_0728/BBQ_BM/BBQ_BM.srcs/sources_1/ip/hbm_0/hbm_0.xci] -directory /home/gabber/FUDAN/workspace/SBM_0728/BBQ_BM/BBQ_BM.ip_user_files/sim_scripts -ip_user_files_dir /home/gabber/FUDAN/workspace/SBM_0728/BBQ_BM/BBQ_BM.ip_user_files -ipstatic_source_dir /home/gabber/FUDAN/workspace/SBM_0728/BBQ_BM/BBQ_BM.ip_user_files/ipstatic -lib_map_path [list {modelsim=/home/gabber/FUDAN/workspace/SBM_0728/BBQ_BM/BBQ_BM.cache/compile_simlib/modelsim} {questa=/home/gabber/FUDAN/workspace/SBM_0728/BBQ_BM/BBQ_BM.cache/compile_simlib/questa} {ies=/home/gabber/FUDAN/workspace/SBM_0728/BBQ_BM/BBQ_BM.cache/compile_simlib/ies} {xcelium=/home/gabber/FUDAN/workspace/SBM_0728/BBQ_BM/BBQ_BM.cache/compile_simlib/xcelium} {vcs=/home/gabber/FUDAN/workspace/SBM_0728/BBQ_BM/BBQ_BM.cache/compile_simlib/vcs} {riviera=/home/gabber/FUDAN/workspace/SBM_0728/BBQ_BM/BBQ_BM.cache/compile_simlib/riviera}] -use_ip_compiled_libs -force -quiet
update_compile_order -fileset sources_1
update_compile_order -fileset sources_1
set_property -dict [list CONFIG.CLKOUT2_USED {true} CONFIG.CLKOUT3_USED {true} CONFIG.CLKOUT4_USED {true} CONFIG.CLK_OUT2_PORT {hbm_ref} CONFIG.CLK_OUT3_PORT {axi_clk} CONFIG.CLK_OUT4_PORT {apb_clk} CONFIG.MMCM_CLKOUT1_DIVIDE {12} CONFIG.MMCM_CLKOUT2_DIVIDE {12} CONFIG.MMCM_CLKOUT3_DIVIDE {12} CONFIG.NUM_OUT_CLKS {4} CONFIG.CLKOUT2_JITTER {115.831} CONFIG.CLKOUT2_PHASE_ERROR {87.180} CONFIG.CLKOUT3_JITTER {115.831} CONFIG.CLKOUT3_PHASE_ERROR {87.180} CONFIG.CLKOUT4_JITTER {115.831} CONFIG.CLKOUT4_PHASE_ERROR {87.180}] [get_ips clk_wiz_0]
generate_target all [get_files  /home/gabber/FUDAN/workspace/SBM_0728/BBQ_BM/BBQ_BM.srcs/sources_1/ip/clk_wiz_0/clk_wiz_0.xci]
INFO: [IP_Flow 19-1686] Generating 'Instantiation Template' target for IP 'clk_wiz_0'...
INFO: [IP_Flow 19-1686] Generating 'Synthesis' target for IP 'clk_wiz_0'...
INFO: [IP_Flow 19-1686] Generating 'Simulation' target for IP 'clk_wiz_0'...
INFO: [IP_Flow 19-1686] Generating 'Implementation' target for IP 'clk_wiz_0'...
INFO: [IP_Flow 19-1686] Generating 'Change Log' target for IP 'clk_wiz_0'...
catch { config_ip_cache -export [get_ips -all clk_wiz_0] }
export_ip_user_files -of_objects [get_files /home/gabber/FUDAN/workspace/SBM_0728/BBQ_BM/BBQ_BM.srcs/sources_1/ip/clk_wiz_0/clk_wiz_0.xci] -no_script -sync -force -quiet
reset_run clk_wiz_0_synth_1
launch_runs clk_wiz_0_synth_1 -jobs 8
[Mon Jul 28 09:10:55 2025] Launched clk_wiz_0_synth_1...
Run output will be captured here: /home/gabber/FUDAN/workspace/SBM_0728/BBQ_BM/BBQ_BM.runs/clk_wiz_0_synth_1/runme.log
export_simulation -of_objects [get_files /home/gabber/FUDAN/workspace/SBM_0728/BBQ_BM/BBQ_BM.srcs/sources_1/ip/clk_wiz_0/clk_wiz_0.xci] -directory /home/gabber/FUDAN/workspace/SBM_0728/BBQ_BM/BBQ_BM.ip_user_files/sim_scripts -ip_user_files_dir /home/gabber/FUDAN/workspace/SBM_0728/BBQ_BM/BBQ_BM.ip_user_files -ipstatic_source_dir /home/gabber/FUDAN/workspace/SBM_0728/BBQ_BM/BBQ_BM.ip_user_files/ipstatic -lib_map_path [list {modelsim=/home/gabber/FUDAN/workspace/SBM_0728/BBQ_BM/BBQ_BM.cache/compile_simlib/modelsim} {questa=/home/gabber/FUDAN/workspace/SBM_0728/BBQ_BM/BBQ_BM.cache/compile_simlib/questa} {ies=/home/gabber/FUDAN/workspace/SBM_0728/BBQ_BM/BBQ_BM.cache/compile_simlib/ies} {xcelium=/home/gabber/FUDAN/workspace/SBM_0728/BBQ_BM/BBQ_BM.cache/compile_simlib/xcelium} {vcs=/home/gabber/FUDAN/workspace/SBM_0728/BBQ_BM/BBQ_BM.cache/compile_simlib/vcs} {riviera=/home/gabber/FUDAN/workspace/SBM_0728/BBQ_BM/BBQ_BM.cache/compile_simlib/riviera}] -use_ip_compiled_libs -force -quiet
reset_run synth_1
launch_runs impl_1 -to_step write_bitstream -jobs 8
INFO: [Vivado 12-4149] The synthesis checkpoint for IP '/home/gabber/FUDAN/workspace/SBM_0728/BBQ_BM/BBQ_BM.srcs/sources_1/ip/blk_mem_gen_1/blk_mem_gen_1.xci' is already up-to-date
INFO: [Vivado 12-4149] The synthesis checkpoint for IP '/home/gabber/FUDAN/workspace/SBM_0728/BBQ_BM/BBQ_BM.srcs/sources_1/ip/blk_mem_gen_0/blk_mem_gen_0.xci' is already up-to-date
INFO: [Vivado 12-4149] The synthesis checkpoint for IP '/home/gabber/FUDAN/workspace/SBM_0728/BBQ_BM/BBQ_BM.srcs/sources_1/ip/fifo_generator_0/fifo_generator_0.xci' is already up-to-date
[Mon Jul 28 09:39:00 2025] Launched synth_1...
Run output will be captured here: /home/gabber/FUDAN/workspace/SBM_0728/BBQ_BM/BBQ_BM.runs/synth_1/runme.log
[Mon Jul 28 09:39:00 2025] Launched impl_1...
Run output will be captured here: /home/gabber/FUDAN/workspace/SBM_0728/BBQ_BM/BBQ_BM.runs/impl_1/runme.log
open_hw_manager
connect_hw_server -allow_non_jtag
INFO: [Labtools 27-2285] Connecting to hw_server url TCP:localhost:3121
INFO: [Labtools 27-2222] Launching hw_server...
INFO: [Labtools 27-2221] Launch Output:

****** Xilinx hw_server v2020.2
  **** Build date : Nov 18 2020 at 09:50:49
    ** Copyright 1986-2020 Xilinx, Inc. All Rights Reserved.


INFO: [Labtools 27-3415] Connecting to cs_server url TCP:localhost:3042
INFO: [Labtools 27-3417] Launching cs_server...
INFO: [Labtools 27-2221] Launch Output:


******** Xilinx cs_server v2020.2
  ****** Build date   : Nov 04 2020-05:02:56
    **** Build number : 2020.2.1604437376
      ** Copyright 2017-2020 Xilinx, Inc. All Rights Reserved.



open_hw_target
INFO: [Labtoolstcl 44-466] Opening hw_target localhost:3121/xilinx_tcf/Xilinx/217702027011A
set_property PROGRAM.FILE {/home/gabber/FUDAN/workspace/SBM_0728/BBQ_BM/BBQ_BM.runs/impl_1/top.bit} [get_hw_devices xcu280_u55c_0]
set_property PROBES.FILE {/home/gabber/FUDAN/workspace/SBM_0728/BBQ_BM/BBQ_BM.runs/impl_1/top.ltx} [get_hw_devices xcu280_u55c_0]
set_property FULL_PROBES.FILE {/home/gabber/FUDAN/workspace/SBM_0728/BBQ_BM/BBQ_BM.runs/impl_1/top.ltx} [get_hw_devices xcu280_u55c_0]
current_hw_device [get_hw_devices xcu280_u55c_0]
refresh_hw_device [lindex [get_hw_devices xcu280_u55c_0] 0]
INFO: [Labtools 27-2302] Device xcu280_u55c (JTAG device index = 0) is programmed with a design that has 1 ILA core(s).
WARNING: [Labtools 27-3413] Dropping logic core with cellname:'nolabel_line114' at location 'uuid_D180AE86A9615946A237DEC07CF58A6D' from probes file, since it cannot be found on the programmed device.
WARNING: [Labtools 27-1974] Mismatch between the design programmed into the device xcu280_u55c_0 and the probes file(s) /home/gabber/FUDAN/workspace/SBM_0728/BBQ_BM/BBQ_BM.runs/impl_1/top.ltx.
The device design has 1 ILA core(s) and 0 VIO core(s). 0 ILA core(s) and 0 VIO core(s) are matched in the probes file(s).
Resolution: 
1. Reprogram device with the correct programming file and associated probes file(s) OR
2. Goto device properties and associate the correct probes file(s) with the programming file already programmed in the device.
set_property PROBES.FILE {/home/gabber/FUDAN/workspace/SBM_0728/BBQ_BM/BBQ_BM.runs/impl_1/top.ltx} [get_hw_devices xcu280_u55c_0]
set_property FULL_PROBES.FILE {/home/gabber/FUDAN/workspace/SBM_0728/BBQ_BM/BBQ_BM.runs/impl_1/top.ltx} [get_hw_devices xcu280_u55c_0]
set_property PROGRAM.FILE {/home/gabber/FUDAN/workspace/SBM_0728/BBQ_BM/BBQ_BM.runs/impl_1/top.bit} [get_hw_devices xcu280_u55c_0]
program_hw_devices [get_hw_devices xcu280_u55c_0]
INFO: [Labtools 27-3164] End of startup status: HIGH
program_hw_devices: Time (s): cpu = 00:00:49 ; elapsed = 00:00:48 . Memory (MB): peak = 10716.344 ; gain = 0.000 ; free physical = 19128 ; free virtual = 54768
refresh_hw_device [lindex [get_hw_devices xcu280_u55c_0] 0]
INFO: [Labtools 27-2302] Device xcu280_u55c (JTAG device index = 0) is programmed with a design that has 1 HBM core(s).
INFO: [Labtools 27-2302] Device xcu280_u55c (JTAG device index = 0) is programmed with a design that has 1 ILA core(s).
display_hw_ila_data [ get_hw_ila_data hw_ila_data_1 -of_objects [get_hw_ilas -of_objects [get_hw_devices xcu280_u55c_0] -filter {CELL_NAME=~"nolabel_line114"}]]
WARNING: Simulation object bbq_inst/counter was not found in the design.
WARNING: Simulation object bbq_inst/counter_l2_wraddress_counter_r was not found in the design.
WARNING: Simulation object bbq_inst/state_next was not found in the design.
WARNING: Simulation object bbq_inst/fl_init_done_r was not found in the design.
WARNING: Simulation object bbq_inst/counter_l2_init_done_r was not found in the design.
run_hw_ila [get_hw_ilas -of_objects [get_hw_devices xcu280_u55c_0] -filter {CELL_NAME=~"nolabel_line114"}]
INFO: [Labtools 27-1964] The ILA core 'hw_ila_1' trigger was armed at 2025-Jul-28 10:54:48
wait_on_hw_ila [get_hw_ilas -of_objects [get_hw_devices xcu280_u55c_0] -filter {CELL_NAME=~"nolabel_line114"}]
display_hw_ila_data [upload_hw_ila_data [get_hw_ilas -of_objects [get_hw_devices xcu280_u55c_0] -filter {CELL_NAME=~"nolabel_line114"}]]
INFO: [Labtools 27-1966] The ILA core 'hw_ila_1' triggered at 2025-Jul-28 10:54:48
INFO: [Labtools 27-3304] ILA Waveform data saved to file /home/gabber/FUDAN/workspace/SBM_0728/BBQ_BM/BBQ_BM.hw/backup/hw_ila_data_1.ila. Use Tcl command 'read_hw_ila_data' or Vivado File->Import->Import ILA Data menu item to import the previously saved data.
run_hw_ila [get_hw_ilas -of_objects [get_hw_devices xcu280_u55c_0] -filter {CELL_NAME=~"nolabel_line114"}]
INFO: [Labtools 27-1964] The ILA core 'hw_ila_1' trigger was armed at 2025-Jul-28 10:54:52
wait_on_hw_ila [get_hw_ilas -of_objects [get_hw_devices xcu280_u55c_0] -filter {CELL_NAME=~"nolabel_line114"}]
display_hw_ila_data [upload_hw_ila_data [get_hw_ilas -of_objects [get_hw_devices xcu280_u55c_0] -filter {CELL_NAME=~"nolabel_line114"}]]
INFO: [Labtools 27-1966] The ILA core 'hw_ila_1' triggered at 2025-Jul-28 10:54:52
INFO: [Labtools 27-3304] ILA Waveform data saved to file /home/gabber/FUDAN/workspace/SBM_0728/BBQ_BM/BBQ_BM.hw/backup/hw_ila_data_1.ila. Use Tcl command 'read_hw_ila_data' or Vivado File->Import->Import ILA Data menu item to import the previously saved data.
run_hw_ila [get_hw_ilas -of_objects [get_hw_devices xcu280_u55c_0] -filter {CELL_NAME=~"nolabel_line114"}]
INFO: [Labtools 27-1964] The ILA core 'hw_ila_1' trigger was armed at 2025-Jul-28 10:54:55
wait_on_hw_ila [get_hw_ilas -of_objects [get_hw_devices xcu280_u55c_0] -filter {CELL_NAME=~"nolabel_line114"}]
display_hw_ila_data [upload_hw_ila_data [get_hw_ilas -of_objects [get_hw_devices xcu280_u55c_0] -filter {CELL_NAME=~"nolabel_line114"}]]
INFO: [Labtools 27-1966] The ILA core 'hw_ila_1' triggered at 2025-Jul-28 10:54:55
INFO: [Labtools 27-3304] ILA Waveform data saved to file /home/gabber/FUDAN/workspace/SBM_0728/BBQ_BM/BBQ_BM.hw/backup/hw_ila_data_1.ila. Use Tcl command 'read_hw_ila_data' or Vivado File->Import->Import ILA Data menu item to import the previously saved data.
run_hw_ila [get_hw_ilas -of_objects [get_hw_devices xcu280_u55c_0] -filter {CELL_NAME=~"nolabel_line114"}]
INFO: [Labtools 27-1964] The ILA core 'hw_ila_1' trigger was armed at 2025-Jul-28 10:54:58
wait_on_hw_ila [get_hw_ilas -of_objects [get_hw_devices xcu280_u55c_0] -filter {CELL_NAME=~"nolabel_line114"}]
display_hw_ila_data [upload_hw_ila_data [get_hw_ilas -of_objects [get_hw_devices xcu280_u55c_0] -filter {CELL_NAME=~"nolabel_line114"}]]
INFO: [Labtools 27-1966] The ILA core 'hw_ila_1' triggered at 2025-Jul-28 10:54:58
INFO: [Labtools 27-3304] ILA Waveform data saved to file /home/gabber/FUDAN/workspace/SBM_0728/BBQ_BM/BBQ_BM.hw/backup/hw_ila_data_1.ila. Use Tcl command 'read_hw_ila_data' or Vivado File->Import->Import ILA Data menu item to import the previously saved data.
add_wave -into {hw_ila_data_1.wcfg} -radix hex { {heap_out_he_data} {heap_out_he_priority} {heap_out_op_type} {heap_out_valid} }
save_wave_config {/home/gabber/FUDAN/workspace/SBM_0728/BBQ_BM/BBQ_BM.hw/hw_1/wave/hw_ila_data_1/hw_ila_data_1.wcfg}
close_hw_manager
exit
INFO: [Common 17-206] Exiting Vivado at Mon Jul 28 18:50:44 2025...
