#-----------------------------------------------------------
# Vivado v2020.2 (64-bit)
# SW Build 3064766 on Wed Nov 18 09:12:47 MST 2020
# IP Build 3064653 on Wed Nov 18 14:17:31 MST 2020
# Start of session at: Fri Jul 25 15:29:30 2025
# Process ID: 3081886
# Current directory: /home/gabber/FUDAN/workspace/BBQ_BM/BBQ_BM
# Command line: vivado BBQ_BM.xpr
# Log file: /home/gabber/FUDAN/workspace/BBQ_BM/BBQ_BM/vivado.log
# Journal file: /home/gabber/FUDAN/workspace/BBQ_BM/BBQ_BM/vivado.jou
#-----------------------------------------------------------
start_gui
open_project BBQ_BM.xpr
INFO: [Project 1-313] Project file moved from '/home/pnic/mkxue/BBQ_BM' since last save.
Scanning sources...
Finished scanning sources
INFO: [IP_Flow 19-234] Refreshing IP repositories
INFO: [IP_Flow 19-1704] No user IP repositories specified
INFO: [IP_Flow 19-2313] Loaded Vivado IP repository '/tools/Xilinx/Vivado/2020.2/data/ip'.
open_project: Time (s): cpu = 00:00:12 ; elapsed = 00:00:06 . Memory (MB): peak = 7400.848 ; gain = 86.309 ; free physical = 26204 ; free virtual = 57963
INFO: [IP_Flow 19-3899] Cannot get the environment domain name variable for the component vendor name. Setting the vendor name to 'user.org'.
update_compile_order -fileset sources_1
reset_run synth_1
launch_runs impl_1 -to_step write_bitstream -jobs 8
INFO: [Vivado 12-4149] The synthesis checkpoint for IP '/home/gabber/FUDAN/workspace/BBQ_BM/BBQ_BM/BBQ_BM.srcs/sources_1/ip/blk_mem_gen_1/blk_mem_gen_1.xci' is already up-to-date
INFO: [Vivado 12-4149] The synthesis checkpoint for IP '/home/gabber/FUDAN/workspace/BBQ_BM/BBQ_BM/BBQ_BM.srcs/sources_1/ip/blk_mem_gen_0/blk_mem_gen_0.xci' is already up-to-date
INFO: [Vivado 12-4149] The synthesis checkpoint for IP '/home/gabber/FUDAN/workspace/BBQ_BM/BBQ_BM/BBQ_BM.srcs/sources_1/ip/fifo_generator_0/fifo_generator_0.xci' is already up-to-date
[Fri Jul 25 15:30:01 2025] Launched synth_1...
Run output will be captured here: /home/gabber/FUDAN/workspace/BBQ_BM/BBQ_BM/BBQ_BM.runs/synth_1/runme.log
[Fri Jul 25 15:30:01 2025] Launched impl_1...
Run output will be captured here: /home/gabber/FUDAN/workspace/BBQ_BM/BBQ_BM/BBQ_BM.runs/impl_1/runme.log
open_hw_manager
connect_hw_server -allow_non_jtag
INFO: [Labtools 27-2285] Connecting to hw_server url TCP:localhost:3121
INFO: [Labtools 27-2222] Launching hw_server...
INFO: [Labtools 27-2221] Launch Output:

****** Xilinx hw_server v2020.2
  **** Build date : Nov 18 2020 at 09:50:49
    ** Copyright 1986-2020 Xilinx, Inc. All Rights Reserved.


INFO: [Labtools 27-3415] Connecting to cs_server url TCP:localhost:3042
INFO: [Labtools 27-3417] Launching cs_server...
INFO: [Labtools 27-2221] Launch Output:


******** Xilinx cs_server v2020.2
  ****** Build date   : Nov 04 2020-05:02:56
    **** Build number : 2020.2.1604437376
      ** Copyright 2017-2020 Xilinx, Inc. All Rights Reserved.



open_hw_target
INFO: [Labtoolstcl 44-466] Opening hw_target localhost:3121/xilinx_tcf/Xilinx/217702027011A
current_hw_device [get_hw_devices xcu280_u55c_0]
refresh_hw_device -update_hw_probes false [lindex [get_hw_devices xcu280_u55c_0] 0]
WARNING: [Labtools 27-3436] No Memory Controllers are detected. This may be due to one of the following:
  1. An undriven APB clock, or one that is over the maximum allowed frequency.
  2. The APB port of the HBM is being held in reset (active-low).
  3. The APB port is in use by the user port (apb_x_psel=1).
INFO: [Labtools 27-2302] Device xcu280_u55c (JTAG device index = 0) is programmed with a design that has 1 HBM core(s).
INFO: [Labtools 27-2302] Device xcu280_u55c (JTAG device index = 0) is programmed with a design that has 1 ILA core(s).
INFO: [Labtools 27-2302] Device xcu280_u55c (JTAG device index = 0) is programmed with a design that has 2 VIO core(s).
set_property PROBES.FILE {/home/gabber/FUDAN/workspace/BBQ_BM/BBQ_BM/BBQ_BM.runs/impl_1/top.ltx} [get_hw_devices xcu280_u55c_0]
set_property FULL_PROBES.FILE {/home/gabber/FUDAN/workspace/BBQ_BM/BBQ_BM/BBQ_BM.runs/impl_1/top.ltx} [get_hw_devices xcu280_u55c_0]
set_property PROGRAM.FILE {/home/gabber/FUDAN/workspace/BBQ_BM/BBQ_BM/BBQ_BM.runs/impl_1/top.bit} [get_hw_devices xcu280_u55c_0]
program_hw_devices [get_hw_devices xcu280_u55c_0]
INFO: [Labtools 27-3164] End of startup status: HIGH
program_hw_devices: Time (s): cpu = 00:00:49 ; elapsed = 00:00:48 . Memory (MB): peak = 8483.953 ; gain = 0.000 ; free physical = 24559 ; free virtual = 56379
refresh_hw_device [lindex [get_hw_devices xcu280_u55c_0] 0]
INFO: [Labtools 27-2302] Device xcu280_u55c (JTAG device index = 0) is programmed with a design that has 3 ILA core(s).
display_hw_ila_data [ get_hw_ila_data hw_ila_data_1 -of_objects [get_hw_ilas -of_objects [get_hw_devices xcu280_u55c_0] -filter {CELL_NAME=~"bbq_inst/ila_2"}]]
display_hw_ila_data [ get_hw_ila_data hw_ila_data_2 -of_objects [get_hw_ilas -of_objects [get_hw_devices xcu280_u55c_0] -filter {CELL_NAME=~"ila_1"}]]
display_hw_ila_data [ get_hw_ila_data hw_ila_data_3 -of_objects [get_hw_ilas -of_objects [get_hw_devices xcu280_u55c_0] -filter {CELL_NAME=~"nolabel_line114"}]]
run_hw_ila [get_hw_ilas -of_objects [get_hw_devices xcu280_u55c_0] -filter {CELL_NAME=~"ila_1"}]
INFO: [Labtools 27-1964] The ILA core 'hw_ila_2' trigger was armed at 2025-Jul-25 15:38:56
wait_on_hw_ila [get_hw_ilas -of_objects [get_hw_devices xcu280_u55c_0] -filter {CELL_NAME=~"ila_1"}]
display_hw_ila_data [upload_hw_ila_data [get_hw_ilas -of_objects [get_hw_devices xcu280_u55c_0] -filter {CELL_NAME=~"ila_1"}]]
INFO: [Labtools 27-1966] The ILA core 'hw_ila_2' triggered at 2025-Jul-25 15:38:56
INFO: [Labtools 27-3304] ILA Waveform data saved to file /home/gabber/FUDAN/workspace/BBQ_BM/BBQ_BM/BBQ_BM.hw/backup/hw_ila_data_2.ila. Use Tcl command 'read_hw_ila_data' or Vivado File->Import->Import ILA Data menu item to import the previously saved data.
run_hw_ila [get_hw_ilas -of_objects [get_hw_devices xcu280_u55c_0] -filter {CELL_NAME=~"ila_1"}]
INFO: [Labtools 27-1964] The ILA core 'hw_ila_2' trigger was armed at 2025-Jul-25 15:39:00
wait_on_hw_ila [get_hw_ilas -of_objects [get_hw_devices xcu280_u55c_0] -filter {CELL_NAME=~"ila_1"}]
display_hw_ila_data [upload_hw_ila_data [get_hw_ilas -of_objects [get_hw_devices xcu280_u55c_0] -filter {CELL_NAME=~"ila_1"}]]
INFO: [Labtools 27-1966] The ILA core 'hw_ila_2' triggered at 2025-Jul-25 15:39:00
INFO: [Labtools 27-3304] ILA Waveform data saved to file /home/gabber/FUDAN/workspace/BBQ_BM/BBQ_BM/BBQ_BM.hw/backup/hw_ila_data_2.ila. Use Tcl command 'read_hw_ila_data' or Vivado File->Import->Import ILA Data menu item to import the previously saved data.
run_hw_ila [get_hw_ilas -of_objects [get_hw_devices xcu280_u55c_0] -filter {CELL_NAME=~"nolabel_line114"}]
INFO: [Labtools 27-1964] The ILA core 'hw_ila_3' trigger was armed at 2025-Jul-25 15:39:02
wait_on_hw_ila [get_hw_ilas -of_objects [get_hw_devices xcu280_u55c_0] -filter {CELL_NAME=~"nolabel_line114"}]
display_hw_ila_data [upload_hw_ila_data [get_hw_ilas -of_objects [get_hw_devices xcu280_u55c_0] -filter {CELL_NAME=~"nolabel_line114"}]]
INFO: [Labtools 27-1966] The ILA core 'hw_ila_3' triggered at 2025-Jul-25 15:39:02
INFO: [Labtools 27-3304] ILA Waveform data saved to file /home/gabber/FUDAN/workspace/BBQ_BM/BBQ_BM/BBQ_BM.hw/backup/hw_ila_data_3.ila. Use Tcl command 'read_hw_ila_data' or Vivado File->Import->Import ILA Data menu item to import the previously saved data.
run_hw_ila [get_hw_ilas -of_objects [get_hw_devices xcu280_u55c_0] -filter {CELL_NAME=~"nolabel_line114"}]
INFO: [Labtools 27-1964] The ILA core 'hw_ila_3' trigger was armed at 2025-Jul-25 15:39:06
run_hw_ila [get_hw_ilas -of_objects [get_hw_devices xcu280_u55c_0] -filter {CELL_NAME=~"ila_1"}]
INFO: [Labtools 27-1964] The ILA core 'hw_ila_2' trigger was armed at 2025-Jul-25 15:39:06
wait_on_hw_ila [get_hw_ilas -of_objects [get_hw_devices xcu280_u55c_0] -filter {CELL_NAME=~"ila_1"}]\
  [get_hw_ilas -of_objects [get_hw_devices xcu280_u55c_0] -filter {CELL_NAME=~"nolabel_line114"}]
display_hw_ila_data [upload_hw_ila_data [get_hw_ilas -of_objects [get_hw_devices xcu280_u55c_0] -filter {CELL_NAME=~"ila_1"}]]
INFO: [Labtools 27-1966] The ILA core 'hw_ila_2' triggered at 2025-Jul-25 15:39:06
INFO: [Labtools 27-3304] ILA Waveform data saved to file /home/gabber/FUDAN/workspace/BBQ_BM/BBQ_BM/BBQ_BM.hw/backup/hw_ila_data_2.ila. Use Tcl command 'read_hw_ila_data' or Vivado File->Import->Import ILA Data menu item to import the previously saved data.
display_hw_ila_data [upload_hw_ila_data [get_hw_ilas -of_objects [get_hw_devices xcu280_u55c_0] -filter {CELL_NAME=~"nolabel_line114"}]]
INFO: [Labtools 27-1966] The ILA core 'hw_ila_3' triggered at 2025-Jul-25 15:39:06
INFO: [Labtools 27-3304] ILA Waveform data saved to file /home/gabber/FUDAN/workspace/BBQ_BM/BBQ_BM/BBQ_BM.hw/backup/hw_ila_data_3.ila. Use Tcl command 'read_hw_ila_data' or Vivado File->Import->Import ILA Data menu item to import the previously saved data.
run_hw_ila [get_hw_ilas -of_objects [get_hw_devices xcu280_u55c_0] -filter {CELL_NAME=~"bbq_inst/ila_2"}]
INFO: [Labtools 27-1964] The ILA core 'hw_ila_1' trigger was armed at 2025-Jul-25 15:39:08
wait_on_hw_ila [get_hw_ilas -of_objects [get_hw_devices xcu280_u55c_0] -filter {CELL_NAME=~"bbq_inst/ila_2"}]
display_hw_ila_data [upload_hw_ila_data [get_hw_ilas -of_objects [get_hw_devices xcu280_u55c_0] -filter {CELL_NAME=~"bbq_inst/ila_2"}]]
INFO: [Labtools 27-1966] The ILA core 'hw_ila_1' triggered at 2025-Jul-25 15:39:08
INFO: [Labtools 27-3304] ILA Waveform data saved to file /home/gabber/FUDAN/workspace/BBQ_BM/BBQ_BM/BBQ_BM.hw/backup/hw_ila_data_1.ila. Use Tcl command 'read_hw_ila_data' or Vivado File->Import->Import ILA Data menu item to import the previously saved data.
run_hw_ila [get_hw_ilas -of_objects [get_hw_devices xcu280_u55c_0] -filter {CELL_NAME=~"ila_1"}]\
   [get_hw_ilas -of_objects [get_hw_devices xcu280_u55c_0] -filter {CELL_NAME=~"nolabel_line114"}]
INFO: [Labtools 27-1964] The ILA core 'hw_ila_2' trigger was armed at 2025-Jul-25 15:39:09
INFO: [Labtools 27-1964] The ILA core 'hw_ila_3' trigger was armed at 2025-Jul-25 15:39:09
wait_on_hw_ila [get_hw_ilas -of_objects [get_hw_devices xcu280_u55c_0] -filter {CELL_NAME=~"ila_1"}]\
  [get_hw_ilas -of_objects [get_hw_devices xcu280_u55c_0] -filter {CELL_NAME=~"nolabel_line114"}]
display_hw_ila_data [upload_hw_ila_data [get_hw_ilas -of_objects [get_hw_devices xcu280_u55c_0] -filter {CELL_NAME=~"ila_1"}]]
INFO: [Labtools 27-1966] The ILA core 'hw_ila_2' triggered at 2025-Jul-25 15:39:09
INFO: [Labtools 27-3304] ILA Waveform data saved to file /home/gabber/FUDAN/workspace/BBQ_BM/BBQ_BM/BBQ_BM.hw/backup/hw_ila_data_2.ila. Use Tcl command 'read_hw_ila_data' or Vivado File->Import->Import ILA Data menu item to import the previously saved data.
display_hw_ila_data [upload_hw_ila_data [get_hw_ilas -of_objects [get_hw_devices xcu280_u55c_0] -filter {CELL_NAME=~"nolabel_line114"}]]
INFO: [Labtools 27-1966] The ILA core 'hw_ila_3' triggered at 2025-Jul-25 15:39:09
INFO: [Labtools 27-3304] ILA Waveform data saved to file /home/gabber/FUDAN/workspace/BBQ_BM/BBQ_BM/BBQ_BM.hw/backup/hw_ila_data_3.ila. Use Tcl command 'read_hw_ila_data' or Vivado File->Import->Import ILA Data menu item to import the previously saved data.
run_hw_ila [get_hw_ilas -of_objects [get_hw_devices xcu280_u55c_0] -filter {CELL_NAME=~"bbq_inst/ila_2"}]
INFO: [Labtools 27-1964] The ILA core 'hw_ila_1' trigger was armed at 2025-Jul-25 15:39:11
wait_on_hw_ila [get_hw_ilas -of_objects [get_hw_devices xcu280_u55c_0] -filter {CELL_NAME=~"bbq_inst/ila_2"}]
display_hw_ila_data [upload_hw_ila_data [get_hw_ilas -of_objects [get_hw_devices xcu280_u55c_0] -filter {CELL_NAME=~"bbq_inst/ila_2"}]]
INFO: [Labtools 27-1966] The ILA core 'hw_ila_1' triggered at 2025-Jul-25 15:39:11
INFO: [Labtools 27-3304] ILA Waveform data saved to file /home/gabber/FUDAN/workspace/BBQ_BM/BBQ_BM/BBQ_BM.hw/backup/hw_ila_data_1.ila. Use Tcl command 'read_hw_ila_data' or Vivado File->Import->Import ILA Data menu item to import the previously saved data.
run_hw_ila [get_hw_ilas -of_objects [get_hw_devices xcu280_u55c_0] -filter {CELL_NAME=~"ila_1"}]\
   [get_hw_ilas -of_objects [get_hw_devices xcu280_u55c_0] -filter {CELL_NAME=~"nolabel_line114"}]
INFO: [Labtools 27-1964] The ILA core 'hw_ila_2' trigger was armed at 2025-Jul-25 15:39:13
INFO: [Labtools 27-1964] The ILA core 'hw_ila_3' trigger was armed at 2025-Jul-25 15:39:13
wait_on_hw_ila [get_hw_ilas -of_objects [get_hw_devices xcu280_u55c_0] -filter {CELL_NAME=~"ila_1"}]\
  [get_hw_ilas -of_objects [get_hw_devices xcu280_u55c_0] -filter {CELL_NAME=~"nolabel_line114"}]
display_hw_ila_data [upload_hw_ila_data [get_hw_ilas -of_objects [get_hw_devices xcu280_u55c_0] -filter {CELL_NAME=~"ila_1"}]]
INFO: [Labtools 27-1966] The ILA core 'hw_ila_2' triggered at 2025-Jul-25 15:39:13
INFO: [Labtools 27-3304] ILA Waveform data saved to file /home/gabber/FUDAN/workspace/BBQ_BM/BBQ_BM/BBQ_BM.hw/backup/hw_ila_data_2.ila. Use Tcl command 'read_hw_ila_data' or Vivado File->Import->Import ILA Data menu item to import the previously saved data.
display_hw_ila_data [upload_hw_ila_data [get_hw_ilas -of_objects [get_hw_devices xcu280_u55c_0] -filter {CELL_NAME=~"nolabel_line114"}]]
INFO: [Labtools 27-1966] The ILA core 'hw_ila_3' triggered at 2025-Jul-25 15:39:13
INFO: [Labtools 27-3304] ILA Waveform data saved to file /home/gabber/FUDAN/workspace/BBQ_BM/BBQ_BM/BBQ_BM.hw/backup/hw_ila_data_3.ila. Use Tcl command 'read_hw_ila_data' or Vivado File->Import->Import ILA Data menu item to import the previously saved data.
run_hw_ila [get_hw_ilas -of_objects [get_hw_devices xcu280_u55c_0] -filter {CELL_NAME=~"bbq_inst/ila_2"}]
INFO: [Labtools 27-1964] The ILA core 'hw_ila_1' trigger was armed at 2025-Jul-25 15:39:15
wait_on_hw_ila [get_hw_ilas -of_objects [get_hw_devices xcu280_u55c_0] -filter {CELL_NAME=~"bbq_inst/ila_2"}]
display_hw_ila_data [upload_hw_ila_data [get_hw_ilas -of_objects [get_hw_devices xcu280_u55c_0] -filter {CELL_NAME=~"bbq_inst/ila_2"}]]
INFO: [Labtools 27-1966] The ILA core 'hw_ila_1' triggered at 2025-Jul-25 15:39:15
INFO: [Labtools 27-3304] ILA Waveform data saved to file /home/gabber/FUDAN/workspace/BBQ_BM/BBQ_BM/BBQ_BM.hw/backup/hw_ila_data_1.ila. Use Tcl command 'read_hw_ila_data' or Vivado File->Import->Import ILA Data menu item to import the previously saved data.
run_hw_ila [get_hw_ilas -of_objects [get_hw_devices xcu280_u55c_0] -filter {CELL_NAME=~"ila_1"}]\
   [get_hw_ilas -of_objects [get_hw_devices xcu280_u55c_0] -filter {CELL_NAME=~"nolabel_line114"}]
INFO: [Labtools 27-1964] The ILA core 'hw_ila_2' trigger was armed at 2025-Jul-25 15:39:16
INFO: [Labtools 27-1964] The ILA core 'hw_ila_3' trigger was armed at 2025-Jul-25 15:39:16
wait_on_hw_ila [get_hw_ilas -of_objects [get_hw_devices xcu280_u55c_0] -filter {CELL_NAME=~"ila_1"}]\
  [get_hw_ilas -of_objects [get_hw_devices xcu280_u55c_0] -filter {CELL_NAME=~"nolabel_line114"}]
display_hw_ila_data [upload_hw_ila_data [get_hw_ilas -of_objects [get_hw_devices xcu280_u55c_0] -filter {CELL_NAME=~"ila_1"}]]
INFO: [Labtools 27-1966] The ILA core 'hw_ila_2' triggered at 2025-Jul-25 15:39:16
INFO: [Labtools 27-3304] ILA Waveform data saved to file /home/gabber/FUDAN/workspace/BBQ_BM/BBQ_BM/BBQ_BM.hw/backup/hw_ila_data_2.ila. Use Tcl command 'read_hw_ila_data' or Vivado File->Import->Import ILA Data menu item to import the previously saved data.
display_hw_ila_data [upload_hw_ila_data [get_hw_ilas -of_objects [get_hw_devices xcu280_u55c_0] -filter {CELL_NAME=~"nolabel_line114"}]]
INFO: [Labtools 27-1966] The ILA core 'hw_ila_3' triggered at 2025-Jul-25 15:39:16
INFO: [Labtools 27-3304] ILA Waveform data saved to file /home/gabber/FUDAN/workspace/BBQ_BM/BBQ_BM/BBQ_BM.hw/backup/hw_ila_data_3.ila. Use Tcl command 'read_hw_ila_data' or Vivado File->Import->Import ILA Data menu item to import the previously saved data.
run_hw_ila [get_hw_ilas -of_objects [get_hw_devices xcu280_u55c_0] -filter {CELL_NAME=~"bbq_inst/ila_2"}]
INFO: [Labtools 27-1964] The ILA core 'hw_ila_1' trigger was armed at 2025-Jul-25 15:39:18
wait_on_hw_ila [get_hw_ilas -of_objects [get_hw_devices xcu280_u55c_0] -filter {CELL_NAME=~"bbq_inst/ila_2"}]
display_hw_ila_data [upload_hw_ila_data [get_hw_ilas -of_objects [get_hw_devices xcu280_u55c_0] -filter {CELL_NAME=~"bbq_inst/ila_2"}]]
INFO: [Labtools 27-1966] The ILA core 'hw_ila_1' triggered at 2025-Jul-25 15:39:18
INFO: [Labtools 27-3304] ILA Waveform data saved to file /home/gabber/FUDAN/workspace/BBQ_BM/BBQ_BM/BBQ_BM.hw/backup/hw_ila_data_1.ila. Use Tcl command 'read_hw_ila_data' or Vivado File->Import->Import ILA Data menu item to import the previously saved data.
run_hw_ila [get_hw_ilas -of_objects [get_hw_devices xcu280_u55c_0] -filter {CELL_NAME=~"ila_1"}]\
   [get_hw_ilas -of_objects [get_hw_devices xcu280_u55c_0] -filter {CELL_NAME=~"nolabel_line114"}]
INFO: [Labtools 27-1964] The ILA core 'hw_ila_2' trigger was armed at 2025-Jul-25 15:39:19
INFO: [Labtools 27-1964] The ILA core 'hw_ila_3' trigger was armed at 2025-Jul-25 15:39:19
wait_on_hw_ila [get_hw_ilas -of_objects [get_hw_devices xcu280_u55c_0] -filter {CELL_NAME=~"ila_1"}]\
  [get_hw_ilas -of_objects [get_hw_devices xcu280_u55c_0] -filter {CELL_NAME=~"nolabel_line114"}]
display_hw_ila_data [upload_hw_ila_data [get_hw_ilas -of_objects [get_hw_devices xcu280_u55c_0] -filter {CELL_NAME=~"ila_1"}]]
INFO: [Labtools 27-1966] The ILA core 'hw_ila_2' triggered at 2025-Jul-25 15:39:19
INFO: [Labtools 27-3304] ILA Waveform data saved to file /home/gabber/FUDAN/workspace/BBQ_BM/BBQ_BM/BBQ_BM.hw/backup/hw_ila_data_2.ila. Use Tcl command 'read_hw_ila_data' or Vivado File->Import->Import ILA Data menu item to import the previously saved data.
display_hw_ila_data [upload_hw_ila_data [get_hw_ilas -of_objects [get_hw_devices xcu280_u55c_0] -filter {CELL_NAME=~"nolabel_line114"}]]
INFO: [Labtools 27-1966] The ILA core 'hw_ila_3' triggered at 2025-Jul-25 15:39:19
INFO: [Labtools 27-3304] ILA Waveform data saved to file /home/gabber/FUDAN/workspace/BBQ_BM/BBQ_BM/BBQ_BM.hw/backup/hw_ila_data_3.ila. Use Tcl command 'read_hw_ila_data' or Vivado File->Import->Import ILA Data menu item to import the previously saved data.
run_hw_ila [get_hw_ilas -of_objects [get_hw_devices xcu280_u55c_0] -filter {CELL_NAME=~"bbq_inst/ila_2"}]
INFO: [Labtools 27-1964] The ILA core 'hw_ila_1' trigger was armed at 2025-Jul-25 15:39:21
wait_on_hw_ila [get_hw_ilas -of_objects [get_hw_devices xcu280_u55c_0] -filter {CELL_NAME=~"bbq_inst/ila_2"}]
display_hw_ila_data [upload_hw_ila_data [get_hw_ilas -of_objects [get_hw_devices xcu280_u55c_0] -filter {CELL_NAME=~"bbq_inst/ila_2"}]]
INFO: [Labtools 27-1966] The ILA core 'hw_ila_1' triggered at 2025-Jul-25 15:39:21
INFO: [Labtools 27-3304] ILA Waveform data saved to file /home/gabber/FUDAN/workspace/BBQ_BM/BBQ_BM/BBQ_BM.hw/backup/hw_ila_data_1.ila. Use Tcl command 'read_hw_ila_data' or Vivado File->Import->Import ILA Data menu item to import the previously saved data.
run_hw_ila [get_hw_ilas -of_objects [get_hw_devices xcu280_u55c_0] -filter {CELL_NAME=~"ila_1"}]\
   [get_hw_ilas -of_objects [get_hw_devices xcu280_u55c_0] -filter {CELL_NAME=~"nolabel_line114"}]
INFO: [Labtools 27-1964] The ILA core 'hw_ila_2' trigger was armed at 2025-Jul-25 15:39:23
INFO: [Labtools 27-1964] The ILA core 'hw_ila_3' trigger was armed at 2025-Jul-25 15:39:23
wait_on_hw_ila [get_hw_ilas -of_objects [get_hw_devices xcu280_u55c_0] -filter {CELL_NAME=~"ila_1"}]\
  [get_hw_ilas -of_objects [get_hw_devices xcu280_u55c_0] -filter {CELL_NAME=~"nolabel_line114"}]
display_hw_ila_data [upload_hw_ila_data [get_hw_ilas -of_objects [get_hw_devices xcu280_u55c_0] -filter {CELL_NAME=~"ila_1"}]]
INFO: [Labtools 27-1966] The ILA core 'hw_ila_2' triggered at 2025-Jul-25 15:39:23
INFO: [Labtools 27-3304] ILA Waveform data saved to file /home/gabber/FUDAN/workspace/BBQ_BM/BBQ_BM/BBQ_BM.hw/backup/hw_ila_data_2.ila. Use Tcl command 'read_hw_ila_data' or Vivado File->Import->Import ILA Data menu item to import the previously saved data.
display_hw_ila_data [upload_hw_ila_data [get_hw_ilas -of_objects [get_hw_devices xcu280_u55c_0] -filter {CELL_NAME=~"nolabel_line114"}]]
INFO: [Labtools 27-1966] The ILA core 'hw_ila_3' triggered at 2025-Jul-25 15:39:23
INFO: [Labtools 27-3304] ILA Waveform data saved to file /home/gabber/FUDAN/workspace/BBQ_BM/BBQ_BM/BBQ_BM.hw/backup/hw_ila_data_3.ila. Use Tcl command 'read_hw_ila_data' or Vivado File->Import->Import ILA Data menu item to import the previously saved data.
run_hw_ila [get_hw_ilas -of_objects [get_hw_devices xcu280_u55c_0] -filter {CELL_NAME=~"bbq_inst/ila_2"}]
INFO: [Labtools 27-1964] The ILA core 'hw_ila_1' trigger was armed at 2025-Jul-25 15:39:25
wait_on_hw_ila [get_hw_ilas -of_objects [get_hw_devices xcu280_u55c_0] -filter {CELL_NAME=~"bbq_inst/ila_2"}]
display_hw_ila_data [upload_hw_ila_data [get_hw_ilas -of_objects [get_hw_devices xcu280_u55c_0] -filter {CELL_NAME=~"bbq_inst/ila_2"}]]
INFO: [Labtools 27-1966] The ILA core 'hw_ila_1' triggered at 2025-Jul-25 15:39:25
INFO: [Labtools 27-3304] ILA Waveform data saved to file /home/gabber/FUDAN/workspace/BBQ_BM/BBQ_BM/BBQ_BM.hw/backup/hw_ila_data_1.ila. Use Tcl command 'read_hw_ila_data' or Vivado File->Import->Import ILA Data menu item to import the previously saved data.
run_hw_ila [get_hw_ilas -of_objects [get_hw_devices xcu280_u55c_0] -filter {CELL_NAME=~"ila_1"}]\
   [get_hw_ilas -of_objects [get_hw_devices xcu280_u55c_0] -filter {CELL_NAME=~"nolabel_line114"}]
INFO: [Labtools 27-1964] The ILA core 'hw_ila_2' trigger was armed at 2025-Jul-25 15:39:26
INFO: [Labtools 27-1964] The ILA core 'hw_ila_3' trigger was armed at 2025-Jul-25 15:39:26
wait_on_hw_ila [get_hw_ilas -of_objects [get_hw_devices xcu280_u55c_0] -filter {CELL_NAME=~"ila_1"}]\
  [get_hw_ilas -of_objects [get_hw_devices xcu280_u55c_0] -filter {CELL_NAME=~"nolabel_line114"}]
display_hw_ila_data [upload_hw_ila_data [get_hw_ilas -of_objects [get_hw_devices xcu280_u55c_0] -filter {CELL_NAME=~"ila_1"}]]
INFO: [Labtools 27-1966] The ILA core 'hw_ila_2' triggered at 2025-Jul-25 15:39:26
INFO: [Labtools 27-3304] ILA Waveform data saved to file /home/gabber/FUDAN/workspace/BBQ_BM/BBQ_BM/BBQ_BM.hw/backup/hw_ila_data_2.ila. Use Tcl command 'read_hw_ila_data' or Vivado File->Import->Import ILA Data menu item to import the previously saved data.
display_hw_ila_data [upload_hw_ila_data [get_hw_ilas -of_objects [get_hw_devices xcu280_u55c_0] -filter {CELL_NAME=~"nolabel_line114"}]]
INFO: [Labtools 27-1966] The ILA core 'hw_ila_3' triggered at 2025-Jul-25 15:39:26
INFO: [Labtools 27-3304] ILA Waveform data saved to file /home/gabber/FUDAN/workspace/BBQ_BM/BBQ_BM/BBQ_BM.hw/backup/hw_ila_data_3.ila. Use Tcl command 'read_hw_ila_data' or Vivado File->Import->Import ILA Data menu item to import the previously saved data.
run_hw_ila [get_hw_ilas -of_objects [get_hw_devices xcu280_u55c_0] -filter {CELL_NAME=~"bbq_inst/ila_2"}]
INFO: [Labtools 27-1964] The ILA core 'hw_ila_1' trigger was armed at 2025-Jul-25 15:39:28
wait_on_hw_ila [get_hw_ilas -of_objects [get_hw_devices xcu280_u55c_0] -filter {CELL_NAME=~"bbq_inst/ila_2"}]
display_hw_ila_data [upload_hw_ila_data [get_hw_ilas -of_objects [get_hw_devices xcu280_u55c_0] -filter {CELL_NAME=~"bbq_inst/ila_2"}]]
INFO: [Labtools 27-1966] The ILA core 'hw_ila_1' triggered at 2025-Jul-25 15:39:28
INFO: [Labtools 27-3304] ILA Waveform data saved to file /home/gabber/FUDAN/workspace/BBQ_BM/BBQ_BM/BBQ_BM.hw/backup/hw_ila_data_1.ila. Use Tcl command 'read_hw_ila_data' or Vivado File->Import->Import ILA Data menu item to import the previously saved data.
run_hw_ila [get_hw_ilas -of_objects [get_hw_devices xcu280_u55c_0] -filter {CELL_NAME=~"ila_1"}]\
   [get_hw_ilas -of_objects [get_hw_devices xcu280_u55c_0] -filter {CELL_NAME=~"nolabel_line114"}]
INFO: [Labtools 27-1964] The ILA core 'hw_ila_2' trigger was armed at 2025-Jul-25 15:39:29
INFO: [Labtools 27-1964] The ILA core 'hw_ila_3' trigger was armed at 2025-Jul-25 15:39:29
wait_on_hw_ila [get_hw_ilas -of_objects [get_hw_devices xcu280_u55c_0] -filter {CELL_NAME=~"ila_1"}]\
  [get_hw_ilas -of_objects [get_hw_devices xcu280_u55c_0] -filter {CELL_NAME=~"nolabel_line114"}]
display_hw_ila_data [upload_hw_ila_data [get_hw_ilas -of_objects [get_hw_devices xcu280_u55c_0] -filter {CELL_NAME=~"ila_1"}]]
INFO: [Labtools 27-1966] The ILA core 'hw_ila_2' triggered at 2025-Jul-25 15:39:29
INFO: [Labtools 27-3304] ILA Waveform data saved to file /home/gabber/FUDAN/workspace/BBQ_BM/BBQ_BM/BBQ_BM.hw/backup/hw_ila_data_2.ila. Use Tcl command 'read_hw_ila_data' or Vivado File->Import->Import ILA Data menu item to import the previously saved data.
display_hw_ila_data [upload_hw_ila_data [get_hw_ilas -of_objects [get_hw_devices xcu280_u55c_0] -filter {CELL_NAME=~"nolabel_line114"}]]
INFO: [Labtools 27-1966] The ILA core 'hw_ila_3' triggered at 2025-Jul-25 15:39:29
INFO: [Labtools 27-3304] ILA Waveform data saved to file /home/gabber/FUDAN/workspace/BBQ_BM/BBQ_BM/BBQ_BM.hw/backup/hw_ila_data_3.ila. Use Tcl command 'read_hw_ila_data' or Vivado File->Import->Import ILA Data menu item to import the previously saved data.
run_hw_ila [get_hw_ilas -of_objects [get_hw_devices xcu280_u55c_0] -filter {CELL_NAME=~"bbq_inst/ila_2"}]
INFO: [Labtools 27-1964] The ILA core 'hw_ila_1' trigger was armed at 2025-Jul-25 15:39:32
wait_on_hw_ila [get_hw_ilas -of_objects [get_hw_devices xcu280_u55c_0] -filter {CELL_NAME=~"bbq_inst/ila_2"}]
display_hw_ila_data [upload_hw_ila_data [get_hw_ilas -of_objects [get_hw_devices xcu280_u55c_0] -filter {CELL_NAME=~"bbq_inst/ila_2"}]]
INFO: [Labtools 27-1966] The ILA core 'hw_ila_1' triggered at 2025-Jul-25 15:39:32
INFO: [Labtools 27-3304] ILA Waveform data saved to file /home/gabber/FUDAN/workspace/BBQ_BM/BBQ_BM/BBQ_BM.hw/backup/hw_ila_data_1.ila. Use Tcl command 'read_hw_ila_data' or Vivado File->Import->Import ILA Data menu item to import the previously saved data.
run_hw_ila [get_hw_ilas -of_objects [get_hw_devices xcu280_u55c_0] -filter {CELL_NAME=~"ila_1"}]\
   [get_hw_ilas -of_objects [get_hw_devices xcu280_u55c_0] -filter {CELL_NAME=~"nolabel_line114"}]
INFO: [Labtools 27-1964] The ILA core 'hw_ila_2' trigger was armed at 2025-Jul-25 15:39:33
INFO: [Labtools 27-1964] The ILA core 'hw_ila_3' trigger was armed at 2025-Jul-25 15:39:33
wait_on_hw_ila [get_hw_ilas -of_objects [get_hw_devices xcu280_u55c_0] -filter {CELL_NAME=~"ila_1"}]\
  [get_hw_ilas -of_objects [get_hw_devices xcu280_u55c_0] -filter {CELL_NAME=~"nolabel_line114"}]
display_hw_ila_data [upload_hw_ila_data [get_hw_ilas -of_objects [get_hw_devices xcu280_u55c_0] -filter {CELL_NAME=~"ila_1"}]]
INFO: [Labtools 27-1966] The ILA core 'hw_ila_2' triggered at 2025-Jul-25 15:39:33
INFO: [Labtools 27-3304] ILA Waveform data saved to file /home/gabber/FUDAN/workspace/BBQ_BM/BBQ_BM/BBQ_BM.hw/backup/hw_ila_data_2.ila. Use Tcl command 'read_hw_ila_data' or Vivado File->Import->Import ILA Data menu item to import the previously saved data.
display_hw_ila_data [upload_hw_ila_data [get_hw_ilas -of_objects [get_hw_devices xcu280_u55c_0] -filter {CELL_NAME=~"nolabel_line114"}]]
INFO: [Labtools 27-1966] The ILA core 'hw_ila_3' triggered at 2025-Jul-25 15:39:33
INFO: [Labtools 27-3304] ILA Waveform data saved to file /home/gabber/FUDAN/workspace/BBQ_BM/BBQ_BM/BBQ_BM.hw/backup/hw_ila_data_3.ila. Use Tcl command 'read_hw_ila_data' or Vivado File->Import->Import ILA Data menu item to import the previously saved data.
run_hw_ila [get_hw_ilas -of_objects [get_hw_devices xcu280_u55c_0] -filter {CELL_NAME=~"bbq_inst/ila_2"}]
INFO: [Labtools 27-1964] The ILA core 'hw_ila_1' trigger was armed at 2025-Jul-25 15:39:35
wait_on_hw_ila [get_hw_ilas -of_objects [get_hw_devices xcu280_u55c_0] -filter {CELL_NAME=~"bbq_inst/ila_2"}]
display_hw_ila_data [upload_hw_ila_data [get_hw_ilas -of_objects [get_hw_devices xcu280_u55c_0] -filter {CELL_NAME=~"bbq_inst/ila_2"}]]
INFO: [Labtools 27-1966] The ILA core 'hw_ila_1' triggered at 2025-Jul-25 15:39:35
INFO: [Labtools 27-3304] ILA Waveform data saved to file /home/gabber/FUDAN/workspace/BBQ_BM/BBQ_BM/BBQ_BM.hw/backup/hw_ila_data_1.ila. Use Tcl command 'read_hw_ila_data' or Vivado File->Import->Import ILA Data menu item to import the previously saved data.
run_hw_ila [get_hw_ilas -of_objects [get_hw_devices xcu280_u55c_0] -filter {CELL_NAME=~"ila_1"}]\
   [get_hw_ilas -of_objects [get_hw_devices xcu280_u55c_0] -filter {CELL_NAME=~"nolabel_line114"}]
INFO: [Labtools 27-1964] The ILA core 'hw_ila_2' trigger was armed at 2025-Jul-25 15:39:36
INFO: [Labtools 27-1964] The ILA core 'hw_ila_3' trigger was armed at 2025-Jul-25 15:39:36
wait_on_hw_ila [get_hw_ilas -of_objects [get_hw_devices xcu280_u55c_0] -filter {CELL_NAME=~"ila_1"}]\
  [get_hw_ilas -of_objects [get_hw_devices xcu280_u55c_0] -filter {CELL_NAME=~"nolabel_line114"}]
display_hw_ila_data [upload_hw_ila_data [get_hw_ilas -of_objects [get_hw_devices xcu280_u55c_0] -filter {CELL_NAME=~"ila_1"}]]
INFO: [Labtools 27-1966] The ILA core 'hw_ila_2' triggered at 2025-Jul-25 15:39:36
INFO: [Labtools 27-3304] ILA Waveform data saved to file /home/gabber/FUDAN/workspace/BBQ_BM/BBQ_BM/BBQ_BM.hw/backup/hw_ila_data_2.ila. Use Tcl command 'read_hw_ila_data' or Vivado File->Import->Import ILA Data menu item to import the previously saved data.
display_hw_ila_data [upload_hw_ila_data [get_hw_ilas -of_objects [get_hw_devices xcu280_u55c_0] -filter {CELL_NAME=~"nolabel_line114"}]]
INFO: [Labtools 27-1966] The ILA core 'hw_ila_3' triggered at 2025-Jul-25 15:39:36
INFO: [Labtools 27-3304] ILA Waveform data saved to file /home/gabber/FUDAN/workspace/BBQ_BM/BBQ_BM/BBQ_BM.hw/backup/hw_ila_data_3.ila. Use Tcl command 'read_hw_ila_data' or Vivado File->Import->Import ILA Data menu item to import the previously saved data.
run_hw_ila [get_hw_ilas -of_objects [get_hw_devices xcu280_u55c_0] -filter {CELL_NAME=~"bbq_inst/ila_2"}]
INFO: [Labtools 27-1964] The ILA core 'hw_ila_1' trigger was armed at 2025-Jul-25 15:39:38
wait_on_hw_ila [get_hw_ilas -of_objects [get_hw_devices xcu280_u55c_0] -filter {CELL_NAME=~"bbq_inst/ila_2"}]
display_hw_ila_data [upload_hw_ila_data [get_hw_ilas -of_objects [get_hw_devices xcu280_u55c_0] -filter {CELL_NAME=~"bbq_inst/ila_2"}]]
INFO: [Labtools 27-1966] The ILA core 'hw_ila_1' triggered at 2025-Jul-25 15:39:38
INFO: [Labtools 27-3304] ILA Waveform data saved to file /home/gabber/FUDAN/workspace/BBQ_BM/BBQ_BM/BBQ_BM.hw/backup/hw_ila_data_1.ila. Use Tcl command 'read_hw_ila_data' or Vivado File->Import->Import ILA Data menu item to import the previously saved data.
run_hw_ila [get_hw_ilas -of_objects [get_hw_devices xcu280_u55c_0] -filter {CELL_NAME=~"ila_1"}]\
   [get_hw_ilas -of_objects [get_hw_devices xcu280_u55c_0] -filter {CELL_NAME=~"nolabel_line114"}]
INFO: [Labtools 27-1964] The ILA core 'hw_ila_2' trigger was armed at 2025-Jul-25 15:39:39
INFO: [Labtools 27-1964] The ILA core 'hw_ila_3' trigger was armed at 2025-Jul-25 15:39:40
wait_on_hw_ila [get_hw_ilas -of_objects [get_hw_devices xcu280_u55c_0] -filter {CELL_NAME=~"ila_1"}]\
  [get_hw_ilas -of_objects [get_hw_devices xcu280_u55c_0] -filter {CELL_NAME=~"nolabel_line114"}]
display_hw_ila_data [upload_hw_ila_data [get_hw_ilas -of_objects [get_hw_devices xcu280_u55c_0] -filter {CELL_NAME=~"ila_1"}]]
INFO: [Labtools 27-1966] The ILA core 'hw_ila_2' triggered at 2025-Jul-25 15:39:40
INFO: [Labtools 27-3304] ILA Waveform data saved to file /home/gabber/FUDAN/workspace/BBQ_BM/BBQ_BM/BBQ_BM.hw/backup/hw_ila_data_2.ila. Use Tcl command 'read_hw_ila_data' or Vivado File->Import->Import ILA Data menu item to import the previously saved data.
display_hw_ila_data [upload_hw_ila_data [get_hw_ilas -of_objects [get_hw_devices xcu280_u55c_0] -filter {CELL_NAME=~"nolabel_line114"}]]
INFO: [Labtools 27-1966] The ILA core 'hw_ila_3' triggered at 2025-Jul-25 15:39:40
INFO: [Labtools 27-3304] ILA Waveform data saved to file /home/gabber/FUDAN/workspace/BBQ_BM/BBQ_BM/BBQ_BM.hw/backup/hw_ila_data_3.ila. Use Tcl command 'read_hw_ila_data' or Vivado File->Import->Import ILA Data menu item to import the previously saved data.
run_hw_ila [get_hw_ilas -of_objects [get_hw_devices xcu280_u55c_0] -filter {CELL_NAME=~"bbq_inst/ila_2"}]
INFO: [Labtools 27-1964] The ILA core 'hw_ila_1' trigger was armed at 2025-Jul-25 15:39:42
wait_on_hw_ila [get_hw_ilas -of_objects [get_hw_devices xcu280_u55c_0] -filter {CELL_NAME=~"bbq_inst/ila_2"}]
display_hw_ila_data [upload_hw_ila_data [get_hw_ilas -of_objects [get_hw_devices xcu280_u55c_0] -filter {CELL_NAME=~"bbq_inst/ila_2"}]]
INFO: [Labtools 27-1966] The ILA core 'hw_ila_1' triggered at 2025-Jul-25 15:39:42
INFO: [Labtools 27-3304] ILA Waveform data saved to file /home/gabber/FUDAN/workspace/BBQ_BM/BBQ_BM/BBQ_BM.hw/backup/hw_ila_data_1.ila. Use Tcl command 'read_hw_ila_data' or Vivado File->Import->Import ILA Data menu item to import the previously saved data.
run_hw_ila [get_hw_ilas -of_objects [get_hw_devices xcu280_u55c_0] -filter {CELL_NAME=~"ila_1"}]\
   [get_hw_ilas -of_objects [get_hw_devices xcu280_u55c_0] -filter {CELL_NAME=~"nolabel_line114"}]
INFO: [Labtools 27-1964] The ILA core 'hw_ila_2' trigger was armed at 2025-Jul-25 15:39:43
INFO: [Labtools 27-1964] The ILA core 'hw_ila_3' trigger was armed at 2025-Jul-25 15:39:43
wait_on_hw_ila [get_hw_ilas -of_objects [get_hw_devices xcu280_u55c_0] -filter {CELL_NAME=~"ila_1"}]\
  [get_hw_ilas -of_objects [get_hw_devices xcu280_u55c_0] -filter {CELL_NAME=~"nolabel_line114"}]
display_hw_ila_data [upload_hw_ila_data [get_hw_ilas -of_objects [get_hw_devices xcu280_u55c_0] -filter {CELL_NAME=~"ila_1"}]]
INFO: [Labtools 27-1966] The ILA core 'hw_ila_2' triggered at 2025-Jul-25 15:39:43
INFO: [Labtools 27-3304] ILA Waveform data saved to file /home/gabber/FUDAN/workspace/BBQ_BM/BBQ_BM/BBQ_BM.hw/backup/hw_ila_data_2.ila. Use Tcl command 'read_hw_ila_data' or Vivado File->Import->Import ILA Data menu item to import the previously saved data.
display_hw_ila_data [upload_hw_ila_data [get_hw_ilas -of_objects [get_hw_devices xcu280_u55c_0] -filter {CELL_NAME=~"nolabel_line114"}]]
INFO: [Labtools 27-1966] The ILA core 'hw_ila_3' triggered at 2025-Jul-25 15:39:43
INFO: [Labtools 27-3304] ILA Waveform data saved to file /home/gabber/FUDAN/workspace/BBQ_BM/BBQ_BM/BBQ_BM.hw/backup/hw_ila_data_3.ila. Use Tcl command 'read_hw_ila_data' or Vivado File->Import->Import ILA Data menu item to import the previously saved data.
run_hw_ila [get_hw_ilas -of_objects [get_hw_devices xcu280_u55c_0] -filter {CELL_NAME=~"bbq_inst/ila_2"}]
INFO: [Labtools 27-1964] The ILA core 'hw_ila_1' trigger was armed at 2025-Jul-25 15:39:45
wait_on_hw_ila [get_hw_ilas -of_objects [get_hw_devices xcu280_u55c_0] -filter {CELL_NAME=~"bbq_inst/ila_2"}]
display_hw_ila_data [upload_hw_ila_data [get_hw_ilas -of_objects [get_hw_devices xcu280_u55c_0] -filter {CELL_NAME=~"bbq_inst/ila_2"}]]
INFO: [Labtools 27-1966] The ILA core 'hw_ila_1' triggered at 2025-Jul-25 15:39:45
INFO: [Labtools 27-3304] ILA Waveform data saved to file /home/gabber/FUDAN/workspace/BBQ_BM/BBQ_BM/BBQ_BM.hw/backup/hw_ila_data_1.ila. Use Tcl command 'read_hw_ila_data' or Vivado File->Import->Import ILA Data menu item to import the previously saved data.
run_hw_ila [get_hw_ilas -of_objects [get_hw_devices xcu280_u55c_0] -filter {CELL_NAME=~"ila_1"}]\
   [get_hw_ilas -of_objects [get_hw_devices xcu280_u55c_0] -filter {CELL_NAME=~"nolabel_line114"}]
INFO: [Labtools 27-1964] The ILA core 'hw_ila_2' trigger was armed at 2025-Jul-25 15:39:46
INFO: [Labtools 27-1964] The ILA core 'hw_ila_3' trigger was armed at 2025-Jul-25 15:39:46
wait_on_hw_ila [get_hw_ilas -of_objects [get_hw_devices xcu280_u55c_0] -filter {CELL_NAME=~"ila_1"}]\
  [get_hw_ilas -of_objects [get_hw_devices xcu280_u55c_0] -filter {CELL_NAME=~"nolabel_line114"}]
display_hw_ila_data [upload_hw_ila_data [get_hw_ilas -of_objects [get_hw_devices xcu280_u55c_0] -filter {CELL_NAME=~"ila_1"}]]
INFO: [Labtools 27-1966] The ILA core 'hw_ila_2' triggered at 2025-Jul-25 15:39:46
INFO: [Labtools 27-3304] ILA Waveform data saved to file /home/gabber/FUDAN/workspace/BBQ_BM/BBQ_BM/BBQ_BM.hw/backup/hw_ila_data_2.ila. Use Tcl command 'read_hw_ila_data' or Vivado File->Import->Import ILA Data menu item to import the previously saved data.
display_hw_ila_data [upload_hw_ila_data [get_hw_ilas -of_objects [get_hw_devices xcu280_u55c_0] -filter {CELL_NAME=~"nolabel_line114"}]]
INFO: [Labtools 27-1966] The ILA core 'hw_ila_3' triggered at 2025-Jul-25 15:39:46
INFO: [Labtools 27-3304] ILA Waveform data saved to file /home/gabber/FUDAN/workspace/BBQ_BM/BBQ_BM/BBQ_BM.hw/backup/hw_ila_data_3.ila. Use Tcl command 'read_hw_ila_data' or Vivado File->Import->Import ILA Data menu item to import the previously saved data.
run_hw_ila [get_hw_ilas -of_objects [get_hw_devices xcu280_u55c_0] -filter {CELL_NAME=~"bbq_inst/ila_2"}]
INFO: [Labtools 27-1964] The ILA core 'hw_ila_1' trigger was armed at 2025-Jul-25 15:39:48
wait_on_hw_ila [get_hw_ilas -of_objects [get_hw_devices xcu280_u55c_0] -filter {CELL_NAME=~"bbq_inst/ila_2"}]
display_hw_ila_data [upload_hw_ila_data [get_hw_ilas -of_objects [get_hw_devices xcu280_u55c_0] -filter {CELL_NAME=~"bbq_inst/ila_2"}]]
INFO: [Labtools 27-1966] The ILA core 'hw_ila_1' triggered at 2025-Jul-25 15:39:48
INFO: [Labtools 27-3304] ILA Waveform data saved to file /home/gabber/FUDAN/workspace/BBQ_BM/BBQ_BM/BBQ_BM.hw/backup/hw_ila_data_1.ila. Use Tcl command 'read_hw_ila_data' or Vivado File->Import->Import ILA Data menu item to import the previously saved data.
run_hw_ila [get_hw_ilas -of_objects [get_hw_devices xcu280_u55c_0] -filter {CELL_NAME=~"ila_1"}]\
   [get_hw_ilas -of_objects [get_hw_devices xcu280_u55c_0] -filter {CELL_NAME=~"nolabel_line114"}]
INFO: [Labtools 27-1964] The ILA core 'hw_ila_2' trigger was armed at 2025-Jul-25 15:39:50
INFO: [Labtools 27-1964] The ILA core 'hw_ila_3' trigger was armed at 2025-Jul-25 15:39:50
wait_on_hw_ila [get_hw_ilas -of_objects [get_hw_devices xcu280_u55c_0] -filter {CELL_NAME=~"ila_1"}]\
  [get_hw_ilas -of_objects [get_hw_devices xcu280_u55c_0] -filter {CELL_NAME=~"nolabel_line114"}]
display_hw_ila_data [upload_hw_ila_data [get_hw_ilas -of_objects [get_hw_devices xcu280_u55c_0] -filter {CELL_NAME=~"ila_1"}]]
INFO: [Labtools 27-1966] The ILA core 'hw_ila_2' triggered at 2025-Jul-25 15:39:50
INFO: [Labtools 27-3304] ILA Waveform data saved to file /home/gabber/FUDAN/workspace/BBQ_BM/BBQ_BM/BBQ_BM.hw/backup/hw_ila_data_2.ila. Use Tcl command 'read_hw_ila_data' or Vivado File->Import->Import ILA Data menu item to import the previously saved data.
display_hw_ila_data [upload_hw_ila_data [get_hw_ilas -of_objects [get_hw_devices xcu280_u55c_0] -filter {CELL_NAME=~"nolabel_line114"}]]
INFO: [Labtools 27-1966] The ILA core 'hw_ila_3' triggered at 2025-Jul-25 15:39:50
INFO: [Labtools 27-3304] ILA Waveform data saved to file /home/gabber/FUDAN/workspace/BBQ_BM/BBQ_BM/BBQ_BM.hw/backup/hw_ila_data_3.ila. Use Tcl command 'read_hw_ila_data' or Vivado File->Import->Import ILA Data menu item to import the previously saved data.
run_hw_ila [get_hw_ilas -of_objects [get_hw_devices xcu280_u55c_0] -filter {CELL_NAME=~"bbq_inst/ila_2"}]
INFO: [Labtools 27-1964] The ILA core 'hw_ila_1' trigger was armed at 2025-Jul-25 15:39:52
wait_on_hw_ila [get_hw_ilas -of_objects [get_hw_devices xcu280_u55c_0] -filter {CELL_NAME=~"bbq_inst/ila_2"}]
display_hw_ila_data [upload_hw_ila_data [get_hw_ilas -of_objects [get_hw_devices xcu280_u55c_0] -filter {CELL_NAME=~"bbq_inst/ila_2"}]]
INFO: [Labtools 27-1966] The ILA core 'hw_ila_1' triggered at 2025-Jul-25 15:39:52
INFO: [Labtools 27-3304] ILA Waveform data saved to file /home/gabber/FUDAN/workspace/BBQ_BM/BBQ_BM/BBQ_BM.hw/backup/hw_ila_data_1.ila. Use Tcl command 'read_hw_ila_data' or Vivado File->Import->Import ILA Data menu item to import the previously saved data.
run_hw_ila [get_hw_ilas -of_objects [get_hw_devices xcu280_u55c_0] -filter {CELL_NAME=~"ila_1"}]\
   [get_hw_ilas -of_objects [get_hw_devices xcu280_u55c_0] -filter {CELL_NAME=~"nolabel_line114"}]
INFO: [Labtools 27-1964] The ILA core 'hw_ila_2' trigger was armed at 2025-Jul-25 15:39:53
INFO: [Labtools 27-1964] The ILA core 'hw_ila_3' trigger was armed at 2025-Jul-25 15:39:53
wait_on_hw_ila [get_hw_ilas -of_objects [get_hw_devices xcu280_u55c_0] -filter {CELL_NAME=~"ila_1"}]\
  [get_hw_ilas -of_objects [get_hw_devices xcu280_u55c_0] -filter {CELL_NAME=~"nolabel_line114"}]
display_hw_ila_data [upload_hw_ila_data [get_hw_ilas -of_objects [get_hw_devices xcu280_u55c_0] -filter {CELL_NAME=~"ila_1"}]]
INFO: [Labtools 27-1966] The ILA core 'hw_ila_2' triggered at 2025-Jul-25 15:39:53
INFO: [Labtools 27-3304] ILA Waveform data saved to file /home/gabber/FUDAN/workspace/BBQ_BM/BBQ_BM/BBQ_BM.hw/backup/hw_ila_data_2.ila. Use Tcl command 'read_hw_ila_data' or Vivado File->Import->Import ILA Data menu item to import the previously saved data.
display_hw_ila_data [upload_hw_ila_data [get_hw_ilas -of_objects [get_hw_devices xcu280_u55c_0] -filter {CELL_NAME=~"nolabel_line114"}]]
INFO: [Labtools 27-1966] The ILA core 'hw_ila_3' triggered at 2025-Jul-25 15:39:53
INFO: [Labtools 27-3304] ILA Waveform data saved to file /home/gabber/FUDAN/workspace/BBQ_BM/BBQ_BM/BBQ_BM.hw/backup/hw_ila_data_3.ila. Use Tcl command 'read_hw_ila_data' or Vivado File->Import->Import ILA Data menu item to import the previously saved data.
run_hw_ila [get_hw_ilas -of_objects [get_hw_devices xcu280_u55c_0] -filter {CELL_NAME=~"bbq_inst/ila_2"}]
INFO: [Labtools 27-1964] The ILA core 'hw_ila_1' trigger was armed at 2025-Jul-25 15:39:55
wait_on_hw_ila [get_hw_ilas -of_objects [get_hw_devices xcu280_u55c_0] -filter {CELL_NAME=~"bbq_inst/ila_2"}]
display_hw_ila_data [upload_hw_ila_data [get_hw_ilas -of_objects [get_hw_devices xcu280_u55c_0] -filter {CELL_NAME=~"bbq_inst/ila_2"}]]
INFO: [Labtools 27-1966] The ILA core 'hw_ila_1' triggered at 2025-Jul-25 15:39:55
INFO: [Labtools 27-3304] ILA Waveform data saved to file /home/gabber/FUDAN/workspace/BBQ_BM/BBQ_BM/BBQ_BM.hw/backup/hw_ila_data_1.ila. Use Tcl command 'read_hw_ila_data' or Vivado File->Import->Import ILA Data menu item to import the previously saved data.
run_hw_ila [get_hw_ilas -of_objects [get_hw_devices xcu280_u55c_0] -filter {CELL_NAME=~"ila_1"}]\
   [get_hw_ilas -of_objects [get_hw_devices xcu280_u55c_0] -filter {CELL_NAME=~"nolabel_line114"}]
INFO: [Labtools 27-1964] The ILA core 'hw_ila_2' trigger was armed at 2025-Jul-25 15:39:56
INFO: [Labtools 27-1964] The ILA core 'hw_ila_3' trigger was armed at 2025-Jul-25 15:39:56
wait_on_hw_ila [get_hw_ilas -of_objects [get_hw_devices xcu280_u55c_0] -filter {CELL_NAME=~"ila_1"}]\
  [get_hw_ilas -of_objects [get_hw_devices xcu280_u55c_0] -filter {CELL_NAME=~"nolabel_line114"}]
display_hw_ila_data [upload_hw_ila_data [get_hw_ilas -of_objects [get_hw_devices xcu280_u55c_0] -filter {CELL_NAME=~"ila_1"}]]
INFO: [Labtools 27-1966] The ILA core 'hw_ila_2' triggered at 2025-Jul-25 15:39:56
INFO: [Labtools 27-3304] ILA Waveform data saved to file /home/gabber/FUDAN/workspace/BBQ_BM/BBQ_BM/BBQ_BM.hw/backup/hw_ila_data_2.ila. Use Tcl command 'read_hw_ila_data' or Vivado File->Import->Import ILA Data menu item to import the previously saved data.
display_hw_ila_data [upload_hw_ila_data [get_hw_ilas -of_objects [get_hw_devices xcu280_u55c_0] -filter {CELL_NAME=~"nolabel_line114"}]]
INFO: [Labtools 27-1966] The ILA core 'hw_ila_3' triggered at 2025-Jul-25 15:39:56
INFO: [Labtools 27-3304] ILA Waveform data saved to file /home/gabber/FUDAN/workspace/BBQ_BM/BBQ_BM/BBQ_BM.hw/backup/hw_ila_data_3.ila. Use Tcl command 'read_hw_ila_data' or Vivado File->Import->Import ILA Data menu item to import the previously saved data.
run_hw_ila [get_hw_ilas -of_objects [get_hw_devices xcu280_u55c_0] -filter {CELL_NAME=~"bbq_inst/ila_2"}]
INFO: [Labtools 27-1964] The ILA core 'hw_ila_1' trigger was armed at 2025-Jul-25 15:39:58
wait_on_hw_ila [get_hw_ilas -of_objects [get_hw_devices xcu280_u55c_0] -filter {CELL_NAME=~"bbq_inst/ila_2"}]
display_hw_ila_data [upload_hw_ila_data [get_hw_ilas -of_objects [get_hw_devices xcu280_u55c_0] -filter {CELL_NAME=~"bbq_inst/ila_2"}]]
INFO: [Labtools 27-1966] The ILA core 'hw_ila_1' triggered at 2025-Jul-25 15:39:58
INFO: [Labtools 27-3304] ILA Waveform data saved to file /home/gabber/FUDAN/workspace/BBQ_BM/BBQ_BM/BBQ_BM.hw/backup/hw_ila_data_1.ila. Use Tcl command 'read_hw_ila_data' or Vivado File->Import->Import ILA Data menu item to import the previously saved data.
run_hw_ila [get_hw_ilas -of_objects [get_hw_devices xcu280_u55c_0] -filter {CELL_NAME=~"ila_1"}]\
   [get_hw_ilas -of_objects [get_hw_devices xcu280_u55c_0] -filter {CELL_NAME=~"nolabel_line114"}]
INFO: [Labtools 27-1964] The ILA core 'hw_ila_2' trigger was armed at 2025-Jul-25 15:40:00
INFO: [Labtools 27-1964] The ILA core 'hw_ila_3' trigger was armed at 2025-Jul-25 15:40:00
wait_on_hw_ila [get_hw_ilas -of_objects [get_hw_devices xcu280_u55c_0] -filter {CELL_NAME=~"ila_1"}]\
  [get_hw_ilas -of_objects [get_hw_devices xcu280_u55c_0] -filter {CELL_NAME=~"nolabel_line114"}]
display_hw_ila_data [upload_hw_ila_data [get_hw_ilas -of_objects [get_hw_devices xcu280_u55c_0] -filter {CELL_NAME=~"ila_1"}]]
INFO: [Labtools 27-1966] The ILA core 'hw_ila_2' triggered at 2025-Jul-25 15:40:00
INFO: [Labtools 27-3304] ILA Waveform data saved to file /home/gabber/FUDAN/workspace/BBQ_BM/BBQ_BM/BBQ_BM.hw/backup/hw_ila_data_2.ila. Use Tcl command 'read_hw_ila_data' or Vivado File->Import->Import ILA Data menu item to import the previously saved data.
display_hw_ila_data [upload_hw_ila_data [get_hw_ilas -of_objects [get_hw_devices xcu280_u55c_0] -filter {CELL_NAME=~"nolabel_line114"}]]
INFO: [Labtools 27-1966] The ILA core 'hw_ila_3' triggered at 2025-Jul-25 15:40:00
INFO: [Labtools 27-3304] ILA Waveform data saved to file /home/gabber/FUDAN/workspace/BBQ_BM/BBQ_BM/BBQ_BM.hw/backup/hw_ila_data_3.ila. Use Tcl command 'read_hw_ila_data' or Vivado File->Import->Import ILA Data menu item to import the previously saved data.
run_hw_ila [get_hw_ilas -of_objects [get_hw_devices xcu280_u55c_0] -filter {CELL_NAME=~"bbq_inst/ila_2"}]
INFO: [Labtools 27-1964] The ILA core 'hw_ila_1' trigger was armed at 2025-Jul-25 15:40:02
wait_on_hw_ila [get_hw_ilas -of_objects [get_hw_devices xcu280_u55c_0] -filter {CELL_NAME=~"bbq_inst/ila_2"}]
display_hw_ila_data [upload_hw_ila_data [get_hw_ilas -of_objects [get_hw_devices xcu280_u55c_0] -filter {CELL_NAME=~"bbq_inst/ila_2"}]]
INFO: [Labtools 27-1966] The ILA core 'hw_ila_1' triggered at 2025-Jul-25 15:40:02
INFO: [Labtools 27-3304] ILA Waveform data saved to file /home/gabber/FUDAN/workspace/BBQ_BM/BBQ_BM/BBQ_BM.hw/backup/hw_ila_data_1.ila. Use Tcl command 'read_hw_ila_data' or Vivado File->Import->Import ILA Data menu item to import the previously saved data.
run_hw_ila [get_hw_ilas -of_objects [get_hw_devices xcu280_u55c_0] -filter {CELL_NAME=~"ila_1"}]\
   [get_hw_ilas -of_objects [get_hw_devices xcu280_u55c_0] -filter {CELL_NAME=~"nolabel_line114"}]
INFO: [Labtools 27-1964] The ILA core 'hw_ila_2' trigger was armed at 2025-Jul-25 15:40:03
INFO: [Labtools 27-1964] The ILA core 'hw_ila_3' trigger was armed at 2025-Jul-25 15:40:03
wait_on_hw_ila [get_hw_ilas -of_objects [get_hw_devices xcu280_u55c_0] -filter {CELL_NAME=~"ila_1"}]\
  [get_hw_ilas -of_objects [get_hw_devices xcu280_u55c_0] -filter {CELL_NAME=~"nolabel_line114"}]
display_hw_ila_data [upload_hw_ila_data [get_hw_ilas -of_objects [get_hw_devices xcu280_u55c_0] -filter {CELL_NAME=~"ila_1"}]]
INFO: [Labtools 27-1966] The ILA core 'hw_ila_2' triggered at 2025-Jul-25 15:40:03
INFO: [Labtools 27-3304] ILA Waveform data saved to file /home/gabber/FUDAN/workspace/BBQ_BM/BBQ_BM/BBQ_BM.hw/backup/hw_ila_data_2.ila. Use Tcl command 'read_hw_ila_data' or Vivado File->Import->Import ILA Data menu item to import the previously saved data.
display_hw_ila_data [upload_hw_ila_data [get_hw_ilas -of_objects [get_hw_devices xcu280_u55c_0] -filter {CELL_NAME=~"nolabel_line114"}]]
INFO: [Labtools 27-1966] The ILA core 'hw_ila_3' triggered at 2025-Jul-25 15:40:03
INFO: [Labtools 27-3304] ILA Waveform data saved to file /home/gabber/FUDAN/workspace/BBQ_BM/BBQ_BM/BBQ_BM.hw/backup/hw_ila_data_3.ila. Use Tcl command 'read_hw_ila_data' or Vivado File->Import->Import ILA Data menu item to import the previously saved data.
run_hw_ila [get_hw_ilas -of_objects [get_hw_devices xcu280_u55c_0] -filter {CELL_NAME=~"bbq_inst/ila_2"}]
INFO: [Labtools 27-1964] The ILA core 'hw_ila_1' trigger was armed at 2025-Jul-25 15:40:05
wait_on_hw_ila [get_hw_ilas -of_objects [get_hw_devices xcu280_u55c_0] -filter {CELL_NAME=~"bbq_inst/ila_2"}]
display_hw_ila_data [upload_hw_ila_data [get_hw_ilas -of_objects [get_hw_devices xcu280_u55c_0] -filter {CELL_NAME=~"bbq_inst/ila_2"}]]
INFO: [Labtools 27-1966] The ILA core 'hw_ila_1' triggered at 2025-Jul-25 15:40:05
INFO: [Labtools 27-3304] ILA Waveform data saved to file /home/gabber/FUDAN/workspace/BBQ_BM/BBQ_BM/BBQ_BM.hw/backup/hw_ila_data_1.ila. Use Tcl command 'read_hw_ila_data' or Vivado File->Import->Import ILA Data menu item to import the previously saved data.
run_hw_ila [get_hw_ilas -of_objects [get_hw_devices xcu280_u55c_0] -filter {CELL_NAME=~"ila_1"}]\
   [get_hw_ilas -of_objects [get_hw_devices xcu280_u55c_0] -filter {CELL_NAME=~"nolabel_line114"}]
INFO: [Labtools 27-1964] The ILA core 'hw_ila_2' trigger was armed at 2025-Jul-25 15:40:06
INFO: [Labtools 27-1964] The ILA core 'hw_ila_3' trigger was armed at 2025-Jul-25 15:40:06
wait_on_hw_ila [get_hw_ilas -of_objects [get_hw_devices xcu280_u55c_0] -filter {CELL_NAME=~"ila_1"}]\
  [get_hw_ilas -of_objects [get_hw_devices xcu280_u55c_0] -filter {CELL_NAME=~"nolabel_line114"}]
display_hw_ila_data [upload_hw_ila_data [get_hw_ilas -of_objects [get_hw_devices xcu280_u55c_0] -filter {CELL_NAME=~"ila_1"}]]
INFO: [Labtools 27-1966] The ILA core 'hw_ila_2' triggered at 2025-Jul-25 15:40:06
INFO: [Labtools 27-3304] ILA Waveform data saved to file /home/gabber/FUDAN/workspace/BBQ_BM/BBQ_BM/BBQ_BM.hw/backup/hw_ila_data_2.ila. Use Tcl command 'read_hw_ila_data' or Vivado File->Import->Import ILA Data menu item to import the previously saved data.
display_hw_ila_data [upload_hw_ila_data [get_hw_ilas -of_objects [get_hw_devices xcu280_u55c_0] -filter {CELL_NAME=~"nolabel_line114"}]]
INFO: [Labtools 27-1966] The ILA core 'hw_ila_3' triggered at 2025-Jul-25 15:40:06
INFO: [Labtools 27-3304] ILA Waveform data saved to file /home/gabber/FUDAN/workspace/BBQ_BM/BBQ_BM/BBQ_BM.hw/backup/hw_ila_data_3.ila. Use Tcl command 'read_hw_ila_data' or Vivado File->Import->Import ILA Data menu item to import the previously saved data.
run_hw_ila [get_hw_ilas -of_objects [get_hw_devices xcu280_u55c_0] -filter {CELL_NAME=~"bbq_inst/ila_2"}]
INFO: [Labtools 27-1964] The ILA core 'hw_ila_1' trigger was armed at 2025-Jul-25 15:40:08
wait_on_hw_ila [get_hw_ilas -of_objects [get_hw_devices xcu280_u55c_0] -filter {CELL_NAME=~"bbq_inst/ila_2"}]
display_hw_ila_data [upload_hw_ila_data [get_hw_ilas -of_objects [get_hw_devices xcu280_u55c_0] -filter {CELL_NAME=~"bbq_inst/ila_2"}]]
INFO: [Labtools 27-1966] The ILA core 'hw_ila_1' triggered at 2025-Jul-25 15:40:08
INFO: [Labtools 27-3304] ILA Waveform data saved to file /home/gabber/FUDAN/workspace/BBQ_BM/BBQ_BM/BBQ_BM.hw/backup/hw_ila_data_1.ila. Use Tcl command 'read_hw_ila_data' or Vivado File->Import->Import ILA Data menu item to import the previously saved data.
run_hw_ila [get_hw_ilas -of_objects [get_hw_devices xcu280_u55c_0] -filter {CELL_NAME=~"ila_1"}]\
   [get_hw_ilas -of_objects [get_hw_devices xcu280_u55c_0] -filter {CELL_NAME=~"nolabel_line114"}]
INFO: [Labtools 27-1964] The ILA core 'hw_ila_2' trigger was armed at 2025-Jul-25 15:40:10
INFO: [Labtools 27-1964] The ILA core 'hw_ila_3' trigger was armed at 2025-Jul-25 15:40:10
wait_on_hw_ila [get_hw_ilas -of_objects [get_hw_devices xcu280_u55c_0] -filter {CELL_NAME=~"ila_1"}]\
  [get_hw_ilas -of_objects [get_hw_devices xcu280_u55c_0] -filter {CELL_NAME=~"nolabel_line114"}]
display_hw_ila_data [upload_hw_ila_data [get_hw_ilas -of_objects [get_hw_devices xcu280_u55c_0] -filter {CELL_NAME=~"ila_1"}]]
INFO: [Labtools 27-1966] The ILA core 'hw_ila_2' triggered at 2025-Jul-25 15:40:10
INFO: [Labtools 27-3304] ILA Waveform data saved to file /home/gabber/FUDAN/workspace/BBQ_BM/BBQ_BM/BBQ_BM.hw/backup/hw_ila_data_2.ila. Use Tcl command 'read_hw_ila_data' or Vivado File->Import->Import ILA Data menu item to import the previously saved data.
display_hw_ila_data [upload_hw_ila_data [get_hw_ilas -of_objects [get_hw_devices xcu280_u55c_0] -filter {CELL_NAME=~"nolabel_line114"}]]
INFO: [Labtools 27-1966] The ILA core 'hw_ila_3' triggered at 2025-Jul-25 15:40:10
INFO: [Labtools 27-3304] ILA Waveform data saved to file /home/gabber/FUDAN/workspace/BBQ_BM/BBQ_BM/BBQ_BM.hw/backup/hw_ila_data_3.ila. Use Tcl command 'read_hw_ila_data' or Vivado File->Import->Import ILA Data menu item to import the previously saved data.
run_hw_ila [get_hw_ilas -of_objects [get_hw_devices xcu280_u55c_0] -filter {CELL_NAME=~"bbq_inst/ila_2"}]
INFO: [Labtools 27-1964] The ILA core 'hw_ila_1' trigger was armed at 2025-Jul-25 15:40:12
wait_on_hw_ila [get_hw_ilas -of_objects [get_hw_devices xcu280_u55c_0] -filter {CELL_NAME=~"bbq_inst/ila_2"}]
display_hw_ila_data [upload_hw_ila_data [get_hw_ilas -of_objects [get_hw_devices xcu280_u55c_0] -filter {CELL_NAME=~"bbq_inst/ila_2"}]]
INFO: [Labtools 27-1966] The ILA core 'hw_ila_1' triggered at 2025-Jul-25 15:40:12
INFO: [Labtools 27-3304] ILA Waveform data saved to file /home/gabber/FUDAN/workspace/BBQ_BM/BBQ_BM/BBQ_BM.hw/backup/hw_ila_data_1.ila. Use Tcl command 'read_hw_ila_data' or Vivado File->Import->Import ILA Data menu item to import the previously saved data.
run_hw_ila [get_hw_ilas -of_objects [get_hw_devices xcu280_u55c_0] -filter {CELL_NAME=~"ila_1"}]\
   [get_hw_ilas -of_objects [get_hw_devices xcu280_u55c_0] -filter {CELL_NAME=~"nolabel_line114"}]
INFO: [Labtools 27-1964] The ILA core 'hw_ila_2' trigger was armed at 2025-Jul-25 15:40:13
INFO: [Labtools 27-1964] The ILA core 'hw_ila_3' trigger was armed at 2025-Jul-25 15:40:13
wait_on_hw_ila [get_hw_ilas -of_objects [get_hw_devices xcu280_u55c_0] -filter {CELL_NAME=~"ila_1"}]\
  [get_hw_ilas -of_objects [get_hw_devices xcu280_u55c_0] -filter {CELL_NAME=~"nolabel_line114"}]
display_hw_ila_data [upload_hw_ila_data [get_hw_ilas -of_objects [get_hw_devices xcu280_u55c_0] -filter {CELL_NAME=~"ila_1"}]]
INFO: [Labtools 27-1966] The ILA core 'hw_ila_2' triggered at 2025-Jul-25 15:40:13
INFO: [Labtools 27-3304] ILA Waveform data saved to file /home/gabber/FUDAN/workspace/BBQ_BM/BBQ_BM/BBQ_BM.hw/backup/hw_ila_data_2.ila. Use Tcl command 'read_hw_ila_data' or Vivado File->Import->Import ILA Data menu item to import the previously saved data.
display_hw_ila_data [upload_hw_ila_data [get_hw_ilas -of_objects [get_hw_devices xcu280_u55c_0] -filter {CELL_NAME=~"nolabel_line114"}]]
INFO: [Labtools 27-1966] The ILA core 'hw_ila_3' triggered at 2025-Jul-25 15:40:13
INFO: [Labtools 27-3304] ILA Waveform data saved to file /home/gabber/FUDAN/workspace/BBQ_BM/BBQ_BM/BBQ_BM.hw/backup/hw_ila_data_3.ila. Use Tcl command 'read_hw_ila_data' or Vivado File->Import->Import ILA Data menu item to import the previously saved data.
run_hw_ila [get_hw_ilas -of_objects [get_hw_devices xcu280_u55c_0] -filter {CELL_NAME=~"bbq_inst/ila_2"}]
INFO: [Labtools 27-1964] The ILA core 'hw_ila_1' trigger was armed at 2025-Jul-25 15:40:15
wait_on_hw_ila [get_hw_ilas -of_objects [get_hw_devices xcu280_u55c_0] -filter {CELL_NAME=~"bbq_inst/ila_2"}]
display_hw_ila_data [upload_hw_ila_data [get_hw_ilas -of_objects [get_hw_devices xcu280_u55c_0] -filter {CELL_NAME=~"bbq_inst/ila_2"}]]
INFO: [Labtools 27-1966] The ILA core 'hw_ila_1' triggered at 2025-Jul-25 15:40:15
INFO: [Labtools 27-3304] ILA Waveform data saved to file /home/gabber/FUDAN/workspace/BBQ_BM/BBQ_BM/BBQ_BM.hw/backup/hw_ila_data_1.ila. Use Tcl command 'read_hw_ila_data' or Vivado File->Import->Import ILA Data menu item to import the previously saved data.
run_hw_ila [get_hw_ilas -of_objects [get_hw_devices xcu280_u55c_0] -filter {CELL_NAME=~"ila_1"}]\
   [get_hw_ilas -of_objects [get_hw_devices xcu280_u55c_0] -filter {CELL_NAME=~"nolabel_line114"}]
INFO: [Labtools 27-1964] The ILA core 'hw_ila_2' trigger was armed at 2025-Jul-25 15:40:16
INFO: [Labtools 27-1964] The ILA core 'hw_ila_3' trigger was armed at 2025-Jul-25 15:40:16
wait_on_hw_ila [get_hw_ilas -of_objects [get_hw_devices xcu280_u55c_0] -filter {CELL_NAME=~"ila_1"}]\
  [get_hw_ilas -of_objects [get_hw_devices xcu280_u55c_0] -filter {CELL_NAME=~"nolabel_line114"}]
display_hw_ila_data [upload_hw_ila_data [get_hw_ilas -of_objects [get_hw_devices xcu280_u55c_0] -filter {CELL_NAME=~"ila_1"}]]
INFO: [Labtools 27-1966] The ILA core 'hw_ila_2' triggered at 2025-Jul-25 15:40:16
INFO: [Labtools 27-3304] ILA Waveform data saved to file /home/gabber/FUDAN/workspace/BBQ_BM/BBQ_BM/BBQ_BM.hw/backup/hw_ila_data_2.ila. Use Tcl command 'read_hw_ila_data' or Vivado File->Import->Import ILA Data menu item to import the previously saved data.
display_hw_ila_data [upload_hw_ila_data [get_hw_ilas -of_objects [get_hw_devices xcu280_u55c_0] -filter {CELL_NAME=~"nolabel_line114"}]]
INFO: [Labtools 27-1966] The ILA core 'hw_ila_3' triggered at 2025-Jul-25 15:40:16
INFO: [Labtools 27-3304] ILA Waveform data saved to file /home/gabber/FUDAN/workspace/BBQ_BM/BBQ_BM/BBQ_BM.hw/backup/hw_ila_data_3.ila. Use Tcl command 'read_hw_ila_data' or Vivado File->Import->Import ILA Data menu item to import the previously saved data.
run_hw_ila [get_hw_ilas -of_objects [get_hw_devices xcu280_u55c_0] -filter {CELL_NAME=~"bbq_inst/ila_2"}]
INFO: [Labtools 27-1964] The ILA core 'hw_ila_1' trigger was armed at 2025-Jul-25 15:40:19
wait_on_hw_ila [get_hw_ilas -of_objects [get_hw_devices xcu280_u55c_0] -filter {CELL_NAME=~"bbq_inst/ila_2"}]
display_hw_ila_data [upload_hw_ila_data [get_hw_ilas -of_objects [get_hw_devices xcu280_u55c_0] -filter {CELL_NAME=~"bbq_inst/ila_2"}]]
INFO: [Labtools 27-1966] The ILA core 'hw_ila_1' triggered at 2025-Jul-25 15:40:19
INFO: [Labtools 27-3304] ILA Waveform data saved to file /home/gabber/FUDAN/workspace/BBQ_BM/BBQ_BM/BBQ_BM.hw/backup/hw_ila_data_1.ila. Use Tcl command 'read_hw_ila_data' or Vivado File->Import->Import ILA Data menu item to import the previously saved data.
run_hw_ila [get_hw_ilas -of_objects [get_hw_devices xcu280_u55c_0] -filter {CELL_NAME=~"ila_1"}]\
   [get_hw_ilas -of_objects [get_hw_devices xcu280_u55c_0] -filter {CELL_NAME=~"nolabel_line114"}]
INFO: [Labtools 27-1964] The ILA core 'hw_ila_2' trigger was armed at 2025-Jul-25 15:40:20
INFO: [Labtools 27-1964] The ILA core 'hw_ila_3' trigger was armed at 2025-Jul-25 15:40:20
wait_on_hw_ila [get_hw_ilas -of_objects [get_hw_devices xcu280_u55c_0] -filter {CELL_NAME=~"ila_1"}]\
  [get_hw_ilas -of_objects [get_hw_devices xcu280_u55c_0] -filter {CELL_NAME=~"nolabel_line114"}]
display_hw_ila_data [upload_hw_ila_data [get_hw_ilas -of_objects [get_hw_devices xcu280_u55c_0] -filter {CELL_NAME=~"ila_1"}]]
INFO: [Labtools 27-1966] The ILA core 'hw_ila_2' triggered at 2025-Jul-25 15:40:20
INFO: [Labtools 27-3304] ILA Waveform data saved to file /home/gabber/FUDAN/workspace/BBQ_BM/BBQ_BM/BBQ_BM.hw/backup/hw_ila_data_2.ila. Use Tcl command 'read_hw_ila_data' or Vivado File->Import->Import ILA Data menu item to import the previously saved data.
display_hw_ila_data [upload_hw_ila_data [get_hw_ilas -of_objects [get_hw_devices xcu280_u55c_0] -filter {CELL_NAME=~"nolabel_line114"}]]
INFO: [Labtools 27-1966] The ILA core 'hw_ila_3' triggered at 2025-Jul-25 15:40:20
INFO: [Labtools 27-3304] ILA Waveform data saved to file /home/gabber/FUDAN/workspace/BBQ_BM/BBQ_BM/BBQ_BM.hw/backup/hw_ila_data_3.ila. Use Tcl command 'read_hw_ila_data' or Vivado File->Import->Import ILA Data menu item to import the previously saved data.
run_hw_ila [get_hw_ilas -of_objects [get_hw_devices xcu280_u55c_0] -filter {CELL_NAME=~"bbq_inst/ila_2"}]
INFO: [Labtools 27-1964] The ILA core 'hw_ila_1' trigger was armed at 2025-Jul-25 15:40:22
wait_on_hw_ila [get_hw_ilas -of_objects [get_hw_devices xcu280_u55c_0] -filter {CELL_NAME=~"bbq_inst/ila_2"}]
display_hw_ila_data [upload_hw_ila_data [get_hw_ilas -of_objects [get_hw_devices xcu280_u55c_0] -filter {CELL_NAME=~"bbq_inst/ila_2"}]]
INFO: [Labtools 27-1966] The ILA core 'hw_ila_1' triggered at 2025-Jul-25 15:40:22
INFO: [Labtools 27-3304] ILA Waveform data saved to file /home/gabber/FUDAN/workspace/BBQ_BM/BBQ_BM/BBQ_BM.hw/backup/hw_ila_data_1.ila. Use Tcl command 'read_hw_ila_data' or Vivado File->Import->Import ILA Data menu item to import the previously saved data.
save_wave_config {/home/gabber/FUDAN/workspace/BBQ_BM/BBQ_BM/BBQ_BM.hw/hw_1/wave/hw_ila_data_1/hw_ila_data_1.wcfg}
save_wave_config {/home/gabber/FUDAN/workspace/BBQ_BM/BBQ_BM/BBQ_BM.hw/hw_1/wave/hw_ila_data_2/hw_ila_data_2.wcfg}
save_wave_config {/home/gabber/FUDAN/workspace/BBQ_BM/BBQ_BM/BBQ_BM.hw/hw_1/wave/hw_ila_data_3/hw_ila_data_3.wcfg}
close_hw_manager
reset_run synth_1
launch_runs impl_1 -to_step write_bitstream -jobs 8
INFO: [Vivado 12-4149] The synthesis checkpoint for IP '/home/gabber/FUDAN/workspace/BBQ_BM/BBQ_BM/BBQ_BM.srcs/sources_1/ip/blk_mem_gen_1/blk_mem_gen_1.xci' is already up-to-date
INFO: [Vivado 12-4149] The synthesis checkpoint for IP '/home/gabber/FUDAN/workspace/BBQ_BM/BBQ_BM/BBQ_BM.srcs/sources_1/ip/blk_mem_gen_0/blk_mem_gen_0.xci' is already up-to-date
INFO: [Vivado 12-4149] The synthesis checkpoint for IP '/home/gabber/FUDAN/workspace/BBQ_BM/BBQ_BM/BBQ_BM.srcs/sources_1/ip/fifo_generator_0/fifo_generator_0.xci' is already up-to-date
[Fri Jul 25 15:42:57 2025] Launched synth_1...
Run output will be captured here: /home/gabber/FUDAN/workspace/BBQ_BM/BBQ_BM/BBQ_BM.runs/synth_1/runme.log
[Fri Jul 25 15:42:57 2025] Launched impl_1...
Run output will be captured here: /home/gabber/FUDAN/workspace/BBQ_BM/BBQ_BM/BBQ_BM.runs/impl_1/runme.log
open_hw_manager
connect_hw_server -allow_non_jtag
INFO: [Labtools 27-2285] Connecting to hw_server url TCP:localhost:3121
INFO: [Labtools 27-2222] Launching hw_server...
INFO: [Labtools 27-2221] Launch Output:

****** Xilinx hw_server v2020.2
  **** Build date : Nov 18 2020 at 09:50:49
    ** Copyright 1986-2020 Xilinx, Inc. All Rights Reserved.


INFO: [Labtools 27-3415] Connecting to cs_server url TCP:localhost:3042
INFO: [Labtools 27-3417] Launching cs_server...
INFO: [Labtools 27-2221] Launch Output:


******** Xilinx cs_server v2020.2
  ****** Build date   : Nov 04 2020-05:02:56
    **** Build number : 2020.2.1604437376
      ** Copyright 2017-2020 Xilinx, Inc. All Rights Reserved.



open_hw_target
INFO: [Labtoolstcl 44-466] Opening hw_target localhost:3121/xilinx_tcf/Xilinx/217702027011A
set_property PROGRAM.FILE {/home/gabber/FUDAN/workspace/BBQ_BM/BBQ_BM/BBQ_BM.runs/impl_1/top.bit} [get_hw_devices xcu280_u55c_0]
set_property PROBES.FILE {/home/gabber/FUDAN/workspace/BBQ_BM/BBQ_BM/BBQ_BM.runs/impl_1/top.ltx} [get_hw_devices xcu280_u55c_0]
set_property FULL_PROBES.FILE {/home/gabber/FUDAN/workspace/BBQ_BM/BBQ_BM/BBQ_BM.runs/impl_1/top.ltx} [get_hw_devices xcu280_u55c_0]
current_hw_device [get_hw_devices xcu280_u55c_0]
refresh_hw_device [lindex [get_hw_devices xcu280_u55c_0] 0]
INFO: [Labtools 27-2302] Device xcu280_u55c (JTAG device index = 0) is programmed with a design that has 3 ILA core(s).
display_hw_ila_data [ get_hw_ila_data hw_ila_data_1 -of_objects [get_hw_ilas -of_objects [get_hw_devices xcu280_u55c_0] -filter {CELL_NAME=~"bbq_inst/ila_2"}]]
display_hw_ila_data [ get_hw_ila_data hw_ila_data_2 -of_objects [get_hw_ilas -of_objects [get_hw_devices xcu280_u55c_0] -filter {CELL_NAME=~"ila_1"}]]
display_hw_ila_data [ get_hw_ila_data hw_ila_data_3 -of_objects [get_hw_ilas -of_objects [get_hw_devices xcu280_u55c_0] -filter {CELL_NAME=~"nolabel_line114"}]]
set_property PROBES.FILE {/home/gabber/FUDAN/workspace/BBQ_BM/BBQ_BM/BBQ_BM.runs/impl_1/top.ltx} [get_hw_devices xcu280_u55c_0]
set_property FULL_PROBES.FILE {/home/gabber/FUDAN/workspace/BBQ_BM/BBQ_BM/BBQ_BM.runs/impl_1/top.ltx} [get_hw_devices xcu280_u55c_0]
set_property PROGRAM.FILE {/home/gabber/FUDAN/workspace/BBQ_BM/BBQ_BM/BBQ_BM.runs/impl_1/top.bit} [get_hw_devices xcu280_u55c_0]
program_hw_devices [get_hw_devices xcu280_u55c_0]
INFO: [Labtools 27-3164] End of startup status: HIGH
program_hw_devices: Time (s): cpu = 00:00:49 ; elapsed = 00:00:48 . Memory (MB): peak = 8698.922 ; gain = 0.000 ; free physical = 24492 ; free virtual = 56316
refresh_hw_device [lindex [get_hw_devices xcu280_u55c_0] 0]
INFO: [Labtools 27-2302] Device xcu280_u55c (JTAG device index = 0) is programmed with a design that has 3 ILA core(s).
run_hw_ila [get_hw_ilas -of_objects [get_hw_devices xcu280_u55c_0] -filter {CELL_NAME=~"bbq_inst/ila_2"}]
INFO: [Labtools 27-1964] The ILA core 'hw_ila_1' trigger was armed at 2025-Jul-25 15:50:15
wait_on_hw_ila [get_hw_ilas -of_objects [get_hw_devices xcu280_u55c_0] -filter {CELL_NAME=~"bbq_inst/ila_2"}]
display_hw_ila_data [upload_hw_ila_data [get_hw_ilas -of_objects [get_hw_devices xcu280_u55c_0] -filter {CELL_NAME=~"bbq_inst/ila_2"}]]
INFO: [Labtools 27-1966] The ILA core 'hw_ila_1' triggered at 2025-Jul-25 15:50:15
INFO: [Labtools 27-3304] ILA Waveform data saved to file /home/gabber/FUDAN/workspace/BBQ_BM/BBQ_BM/BBQ_BM.hw/backup/hw_ila_data_1.ila. Use Tcl command 'read_hw_ila_data' or Vivado File->Import->Import ILA Data menu item to import the previously saved data.
run_hw_ila [get_hw_ilas -of_objects [get_hw_devices xcu280_u55c_0] -filter {CELL_NAME=~"bbq_inst/ila_2"}]
INFO: [Labtools 27-1964] The ILA core 'hw_ila_1' trigger was armed at 2025-Jul-25 15:50:19
wait_on_hw_ila [get_hw_ilas -of_objects [get_hw_devices xcu280_u55c_0] -filter {CELL_NAME=~"bbq_inst/ila_2"}]
display_hw_ila_data [upload_hw_ila_data [get_hw_ilas -of_objects [get_hw_devices xcu280_u55c_0] -filter {CELL_NAME=~"bbq_inst/ila_2"}]]
INFO: [Labtools 27-1966] The ILA core 'hw_ila_1' triggered at 2025-Jul-25 15:50:19
INFO: [Labtools 27-3304] ILA Waveform data saved to file /home/gabber/FUDAN/workspace/BBQ_BM/BBQ_BM/BBQ_BM.hw/backup/hw_ila_data_1.ila. Use Tcl command 'read_hw_ila_data' or Vivado File->Import->Import ILA Data menu item to import the previously saved data.
run_hw_ila [get_hw_ilas -of_objects [get_hw_devices xcu280_u55c_0] -filter {CELL_NAME=~"ila_1"}]
INFO: [Labtools 27-1964] The ILA core 'hw_ila_2' trigger was armed at 2025-Jul-25 15:50:20
wait_on_hw_ila [get_hw_ilas -of_objects [get_hw_devices xcu280_u55c_0] -filter {CELL_NAME=~"ila_1"}]
display_hw_ila_data [upload_hw_ila_data [get_hw_ilas -of_objects [get_hw_devices xcu280_u55c_0] -filter {CELL_NAME=~"ila_1"}]]
INFO: [Labtools 27-1966] The ILA core 'hw_ila_2' triggered at 2025-Jul-25 15:50:20
INFO: [Labtools 27-3304] ILA Waveform data saved to file /home/gabber/FUDAN/workspace/BBQ_BM/BBQ_BM/BBQ_BM.hw/backup/hw_ila_data_2.ila. Use Tcl command 'read_hw_ila_data' or Vivado File->Import->Import ILA Data menu item to import the previously saved data.
run_hw_ila [get_hw_ilas -of_objects [get_hw_devices xcu280_u55c_0] -filter {CELL_NAME=~"bbq_inst/ila_2"}]
INFO: [Labtools 27-1964] The ILA core 'hw_ila_1' trigger was armed at 2025-Jul-25 15:50:22
wait_on_hw_ila [get_hw_ilas -of_objects [get_hw_devices xcu280_u55c_0] -filter {CELL_NAME=~"bbq_inst/ila_2"}]
display_hw_ila_data [upload_hw_ila_data [get_hw_ilas -of_objects [get_hw_devices xcu280_u55c_0] -filter {CELL_NAME=~"bbq_inst/ila_2"}]]
INFO: [Labtools 27-1966] The ILA core 'hw_ila_1' triggered at 2025-Jul-25 15:50:22
INFO: [Labtools 27-3304] ILA Waveform data saved to file /home/gabber/FUDAN/workspace/BBQ_BM/BBQ_BM/BBQ_BM.hw/backup/hw_ila_data_1.ila. Use Tcl command 'read_hw_ila_data' or Vivado File->Import->Import ILA Data menu item to import the previously saved data.
run_hw_ila [get_hw_ilas -of_objects [get_hw_devices xcu280_u55c_0] -filter {CELL_NAME=~"ila_1"}]
INFO: [Labtools 27-1964] The ILA core 'hw_ila_2' trigger was armed at 2025-Jul-25 15:50:23
wait_on_hw_ila [get_hw_ilas -of_objects [get_hw_devices xcu280_u55c_0] -filter {CELL_NAME=~"ila_1"}]
display_hw_ila_data [upload_hw_ila_data [get_hw_ilas -of_objects [get_hw_devices xcu280_u55c_0] -filter {CELL_NAME=~"ila_1"}]]
INFO: [Labtools 27-1966] The ILA core 'hw_ila_2' triggered at 2025-Jul-25 15:50:23
INFO: [Labtools 27-3304] ILA Waveform data saved to file /home/gabber/FUDAN/workspace/BBQ_BM/BBQ_BM/BBQ_BM.hw/backup/hw_ila_data_2.ila. Use Tcl command 'read_hw_ila_data' or Vivado File->Import->Import ILA Data menu item to import the previously saved data.
run_hw_ila [get_hw_ilas -of_objects [get_hw_devices xcu280_u55c_0] -filter {CELL_NAME=~"nolabel_line114"}]
INFO: [Labtools 27-1964] The ILA core 'hw_ila_3' trigger was armed at 2025-Jul-25 15:50:24
wait_on_hw_ila [get_hw_ilas -of_objects [get_hw_devices xcu280_u55c_0] -filter {CELL_NAME=~"nolabel_line114"}]
display_hw_ila_data [upload_hw_ila_data [get_hw_ilas -of_objects [get_hw_devices xcu280_u55c_0] -filter {CELL_NAME=~"nolabel_line114"}]]
INFO: [Labtools 27-1966] The ILA core 'hw_ila_3' triggered at 2025-Jul-25 15:50:24
INFO: [Labtools 27-3304] ILA Waveform data saved to file /home/gabber/FUDAN/workspace/BBQ_BM/BBQ_BM/BBQ_BM.hw/backup/hw_ila_data_3.ila. Use Tcl command 'read_hw_ila_data' or Vivado File->Import->Import ILA Data menu item to import the previously saved data.
run_hw_ila [get_hw_ilas -of_objects [get_hw_devices xcu280_u55c_0] -filter {CELL_NAME=~"bbq_inst/ila_2"}]
INFO: [Labtools 27-1964] The ILA core 'hw_ila_1' trigger was armed at 2025-Jul-25 15:50:25
wait_on_hw_ila [get_hw_ilas -of_objects [get_hw_devices xcu280_u55c_0] -filter {CELL_NAME=~"bbq_inst/ila_2"}]
display_hw_ila_data [upload_hw_ila_data [get_hw_ilas -of_objects [get_hw_devices xcu280_u55c_0] -filter {CELL_NAME=~"bbq_inst/ila_2"}]]
INFO: [Labtools 27-1966] The ILA core 'hw_ila_1' triggered at 2025-Jul-25 15:50:25
INFO: [Labtools 27-3304] ILA Waveform data saved to file /home/gabber/FUDAN/workspace/BBQ_BM/BBQ_BM/BBQ_BM.hw/backup/hw_ila_data_1.ila. Use Tcl command 'read_hw_ila_data' or Vivado File->Import->Import ILA Data menu item to import the previously saved data.
run_hw_ila [get_hw_ilas -of_objects [get_hw_devices xcu280_u55c_0] -filter {CELL_NAME=~"ila_1"}]
INFO: [Labtools 27-1964] The ILA core 'hw_ila_2' trigger was armed at 2025-Jul-25 15:50:26
wait_on_hw_ila [get_hw_ilas -of_objects [get_hw_devices xcu280_u55c_0] -filter {CELL_NAME=~"ila_1"}]
display_hw_ila_data [upload_hw_ila_data [get_hw_ilas -of_objects [get_hw_devices xcu280_u55c_0] -filter {CELL_NAME=~"ila_1"}]]
INFO: [Labtools 27-1966] The ILA core 'hw_ila_2' triggered at 2025-Jul-25 15:50:26
INFO: [Labtools 27-3304] ILA Waveform data saved to file /home/gabber/FUDAN/workspace/BBQ_BM/BBQ_BM/BBQ_BM.hw/backup/hw_ila_data_2.ila. Use Tcl command 'read_hw_ila_data' or Vivado File->Import->Import ILA Data menu item to import the previously saved data.
run_hw_ila [get_hw_ilas -of_objects [get_hw_devices xcu280_u55c_0] -filter {CELL_NAME=~"bbq_inst/ila_2"}]
INFO: [Labtools 27-1964] The ILA core 'hw_ila_1' trigger was armed at 2025-Jul-25 15:50:29
wait_on_hw_ila [get_hw_ilas -of_objects [get_hw_devices xcu280_u55c_0] -filter {CELL_NAME=~"bbq_inst/ila_2"}]
display_hw_ila_data [upload_hw_ila_data [get_hw_ilas -of_objects [get_hw_devices xcu280_u55c_0] -filter {CELL_NAME=~"bbq_inst/ila_2"}]]
INFO: [Labtools 27-1966] The ILA core 'hw_ila_1' triggered at 2025-Jul-25 15:50:29
INFO: [Labtools 27-3304] ILA Waveform data saved to file /home/gabber/FUDAN/workspace/BBQ_BM/BBQ_BM/BBQ_BM.hw/backup/hw_ila_data_1.ila. Use Tcl command 'read_hw_ila_data' or Vivado File->Import->Import ILA Data menu item to import the previously saved data.
run_hw_ila [get_hw_ilas -of_objects [get_hw_devices xcu280_u55c_0] -filter {CELL_NAME=~"ila_1"}]
INFO: [Labtools 27-1964] The ILA core 'hw_ila_2' trigger was armed at 2025-Jul-25 15:50:30
run_hw_ila [get_hw_ilas -of_objects [get_hw_devices xcu280_u55c_0] -filter {CELL_NAME=~"nolabel_line114"}]
INFO: [Labtools 27-1964] The ILA core 'hw_ila_3' trigger was armed at 2025-Jul-25 15:50:30
wait_on_hw_ila [get_hw_ilas -of_objects [get_hw_devices xcu280_u55c_0] -filter {CELL_NAME=~"ila_1"}]\
  [get_hw_ilas -of_objects [get_hw_devices xcu280_u55c_0] -filter {CELL_NAME=~"nolabel_line114"}]
display_hw_ila_data [upload_hw_ila_data [get_hw_ilas -of_objects [get_hw_devices xcu280_u55c_0] -filter {CELL_NAME=~"ila_1"}]]
INFO: [Labtools 27-1966] The ILA core 'hw_ila_2' triggered at 2025-Jul-25 15:50:30
INFO: [Labtools 27-3304] ILA Waveform data saved to file /home/gabber/FUDAN/workspace/BBQ_BM/BBQ_BM/BBQ_BM.hw/backup/hw_ila_data_2.ila. Use Tcl command 'read_hw_ila_data' or Vivado File->Import->Import ILA Data menu item to import the previously saved data.
display_hw_ila_data [upload_hw_ila_data [get_hw_ilas -of_objects [get_hw_devices xcu280_u55c_0] -filter {CELL_NAME=~"nolabel_line114"}]]
INFO: [Labtools 27-1966] The ILA core 'hw_ila_3' triggered at 2025-Jul-25 15:50:30
INFO: [Labtools 27-3304] ILA Waveform data saved to file /home/gabber/FUDAN/workspace/BBQ_BM/BBQ_BM/BBQ_BM.hw/backup/hw_ila_data_3.ila. Use Tcl command 'read_hw_ila_data' or Vivado File->Import->Import ILA Data menu item to import the previously saved data.
run_hw_ila [get_hw_ilas -of_objects [get_hw_devices xcu280_u55c_0] -filter {CELL_NAME=~"bbq_inst/ila_2"}]
INFO: [Labtools 27-1964] The ILA core 'hw_ila_1' trigger was armed at 2025-Jul-25 15:50:32
wait_on_hw_ila [get_hw_ilas -of_objects [get_hw_devices xcu280_u55c_0] -filter {CELL_NAME=~"bbq_inst/ila_2"}]
display_hw_ila_data [upload_hw_ila_data [get_hw_ilas -of_objects [get_hw_devices xcu280_u55c_0] -filter {CELL_NAME=~"bbq_inst/ila_2"}]]
INFO: [Labtools 27-1966] The ILA core 'hw_ila_1' triggered at 2025-Jul-25 15:50:32
INFO: [Labtools 27-3304] ILA Waveform data saved to file /home/gabber/FUDAN/workspace/BBQ_BM/BBQ_BM/BBQ_BM.hw/backup/hw_ila_data_1.ila. Use Tcl command 'read_hw_ila_data' or Vivado File->Import->Import ILA Data menu item to import the previously saved data.
run_hw_ila [get_hw_ilas -of_objects [get_hw_devices xcu280_u55c_0] -filter {CELL_NAME=~"ila_1"}]\
   [get_hw_ilas -of_objects [get_hw_devices xcu280_u55c_0] -filter {CELL_NAME=~"nolabel_line114"}]
INFO: [Labtools 27-1964] The ILA core 'hw_ila_2' trigger was armed at 2025-Jul-25 15:50:33
INFO: [Labtools 27-1964] The ILA core 'hw_ila_3' trigger was armed at 2025-Jul-25 15:50:33
wait_on_hw_ila [get_hw_ilas -of_objects [get_hw_devices xcu280_u55c_0] -filter {CELL_NAME=~"ila_1"}]\
  [get_hw_ilas -of_objects [get_hw_devices xcu280_u55c_0] -filter {CELL_NAME=~"nolabel_line114"}]
display_hw_ila_data [upload_hw_ila_data [get_hw_ilas -of_objects [get_hw_devices xcu280_u55c_0] -filter {CELL_NAME=~"ila_1"}]]
INFO: [Labtools 27-1966] The ILA core 'hw_ila_2' triggered at 2025-Jul-25 15:50:33
INFO: [Labtools 27-3304] ILA Waveform data saved to file /home/gabber/FUDAN/workspace/BBQ_BM/BBQ_BM/BBQ_BM.hw/backup/hw_ila_data_2.ila. Use Tcl command 'read_hw_ila_data' or Vivado File->Import->Import ILA Data menu item to import the previously saved data.
display_hw_ila_data [upload_hw_ila_data [get_hw_ilas -of_objects [get_hw_devices xcu280_u55c_0] -filter {CELL_NAME=~"nolabel_line114"}]]
INFO: [Labtools 27-1966] The ILA core 'hw_ila_3' triggered at 2025-Jul-25 15:50:33
INFO: [Labtools 27-3304] ILA Waveform data saved to file /home/gabber/FUDAN/workspace/BBQ_BM/BBQ_BM/BBQ_BM.hw/backup/hw_ila_data_3.ila. Use Tcl command 'read_hw_ila_data' or Vivado File->Import->Import ILA Data menu item to import the previously saved data.
run_hw_ila [get_hw_ilas -of_objects [get_hw_devices xcu280_u55c_0] -filter {CELL_NAME=~"bbq_inst/ila_2"}]
INFO: [Labtools 27-1964] The ILA core 'hw_ila_1' trigger was armed at 2025-Jul-25 15:50:35
wait_on_hw_ila [get_hw_ilas -of_objects [get_hw_devices xcu280_u55c_0] -filter {CELL_NAME=~"bbq_inst/ila_2"}]
display_hw_ila_data [upload_hw_ila_data [get_hw_ilas -of_objects [get_hw_devices xcu280_u55c_0] -filter {CELL_NAME=~"bbq_inst/ila_2"}]]
INFO: [Labtools 27-1966] The ILA core 'hw_ila_1' triggered at 2025-Jul-25 15:50:35
INFO: [Labtools 27-3304] ILA Waveform data saved to file /home/gabber/FUDAN/workspace/BBQ_BM/BBQ_BM/BBQ_BM.hw/backup/hw_ila_data_1.ila. Use Tcl command 'read_hw_ila_data' or Vivado File->Import->Import ILA Data menu item to import the previously saved data.
run_hw_ila [get_hw_ilas -of_objects [get_hw_devices xcu280_u55c_0] -filter {CELL_NAME=~"ila_1"}]\
   [get_hw_ilas -of_objects [get_hw_devices xcu280_u55c_0] -filter {CELL_NAME=~"nolabel_line114"}]
INFO: [Labtools 27-1964] The ILA core 'hw_ila_2' trigger was armed at 2025-Jul-25 15:50:37
INFO: [Labtools 27-1964] The ILA core 'hw_ila_3' trigger was armed at 2025-Jul-25 15:50:37
wait_on_hw_ila [get_hw_ilas -of_objects [get_hw_devices xcu280_u55c_0] -filter {CELL_NAME=~"ila_1"}]\
  [get_hw_ilas -of_objects [get_hw_devices xcu280_u55c_0] -filter {CELL_NAME=~"nolabel_line114"}]
display_hw_ila_data [upload_hw_ila_data [get_hw_ilas -of_objects [get_hw_devices xcu280_u55c_0] -filter {CELL_NAME=~"ila_1"}]]
INFO: [Labtools 27-1966] The ILA core 'hw_ila_2' triggered at 2025-Jul-25 15:50:37
INFO: [Labtools 27-3304] ILA Waveform data saved to file /home/gabber/FUDAN/workspace/BBQ_BM/BBQ_BM/BBQ_BM.hw/backup/hw_ila_data_2.ila. Use Tcl command 'read_hw_ila_data' or Vivado File->Import->Import ILA Data menu item to import the previously saved data.
display_hw_ila_data [upload_hw_ila_data [get_hw_ilas -of_objects [get_hw_devices xcu280_u55c_0] -filter {CELL_NAME=~"nolabel_line114"}]]
INFO: [Labtools 27-1966] The ILA core 'hw_ila_3' triggered at 2025-Jul-25 15:50:37
INFO: [Labtools 27-3304] ILA Waveform data saved to file /home/gabber/FUDAN/workspace/BBQ_BM/BBQ_BM/BBQ_BM.hw/backup/hw_ila_data_3.ila. Use Tcl command 'read_hw_ila_data' or Vivado File->Import->Import ILA Data menu item to import the previously saved data.
run_hw_ila [get_hw_ilas -of_objects [get_hw_devices xcu280_u55c_0] -filter {CELL_NAME=~"bbq_inst/ila_2"}]
INFO: [Labtools 27-1964] The ILA core 'hw_ila_1' trigger was armed at 2025-Jul-25 15:50:39
wait_on_hw_ila [get_hw_ilas -of_objects [get_hw_devices xcu280_u55c_0] -filter {CELL_NAME=~"bbq_inst/ila_2"}]
display_hw_ila_data [upload_hw_ila_data [get_hw_ilas -of_objects [get_hw_devices xcu280_u55c_0] -filter {CELL_NAME=~"bbq_inst/ila_2"}]]
INFO: [Labtools 27-1966] The ILA core 'hw_ila_1' triggered at 2025-Jul-25 15:50:39
INFO: [Labtools 27-3304] ILA Waveform data saved to file /home/gabber/FUDAN/workspace/BBQ_BM/BBQ_BM/BBQ_BM.hw/backup/hw_ila_data_1.ila. Use Tcl command 'read_hw_ila_data' or Vivado File->Import->Import ILA Data menu item to import the previously saved data.
run_hw_ila [get_hw_ilas -of_objects [get_hw_devices xcu280_u55c_0] -filter {CELL_NAME=~"ila_1"}]\
   [get_hw_ilas -of_objects [get_hw_devices xcu280_u55c_0] -filter {CELL_NAME=~"nolabel_line114"}]
INFO: [Labtools 27-1964] The ILA core 'hw_ila_2' trigger was armed at 2025-Jul-25 15:50:40
INFO: [Labtools 27-1964] The ILA core 'hw_ila_3' trigger was armed at 2025-Jul-25 15:50:40
wait_on_hw_ila [get_hw_ilas -of_objects [get_hw_devices xcu280_u55c_0] -filter {CELL_NAME=~"ila_1"}]\
  [get_hw_ilas -of_objects [get_hw_devices xcu280_u55c_0] -filter {CELL_NAME=~"nolabel_line114"}]
display_hw_ila_data [upload_hw_ila_data [get_hw_ilas -of_objects [get_hw_devices xcu280_u55c_0] -filter {CELL_NAME=~"ila_1"}]]
INFO: [Labtools 27-1966] The ILA core 'hw_ila_2' triggered at 2025-Jul-25 15:50:40
INFO: [Labtools 27-3304] ILA Waveform data saved to file /home/gabber/FUDAN/workspace/BBQ_BM/BBQ_BM/BBQ_BM.hw/backup/hw_ila_data_2.ila. Use Tcl command 'read_hw_ila_data' or Vivado File->Import->Import ILA Data menu item to import the previously saved data.
display_hw_ila_data [upload_hw_ila_data [get_hw_ilas -of_objects [get_hw_devices xcu280_u55c_0] -filter {CELL_NAME=~"nolabel_line114"}]]
INFO: [Labtools 27-1966] The ILA core 'hw_ila_3' triggered at 2025-Jul-25 15:50:40
INFO: [Labtools 27-3304] ILA Waveform data saved to file /home/gabber/FUDAN/workspace/BBQ_BM/BBQ_BM/BBQ_BM.hw/backup/hw_ila_data_3.ila. Use Tcl command 'read_hw_ila_data' or Vivado File->Import->Import ILA Data menu item to import the previously saved data.
run_hw_ila [get_hw_ilas -of_objects [get_hw_devices xcu280_u55c_0] -filter {CELL_NAME=~"bbq_inst/ila_2"}]
INFO: [Labtools 27-1964] The ILA core 'hw_ila_1' trigger was armed at 2025-Jul-25 15:50:42
wait_on_hw_ila [get_hw_ilas -of_objects [get_hw_devices xcu280_u55c_0] -filter {CELL_NAME=~"bbq_inst/ila_2"}]
display_hw_ila_data [upload_hw_ila_data [get_hw_ilas -of_objects [get_hw_devices xcu280_u55c_0] -filter {CELL_NAME=~"bbq_inst/ila_2"}]]
INFO: [Labtools 27-1966] The ILA core 'hw_ila_1' triggered at 2025-Jul-25 15:50:42
INFO: [Labtools 27-3304] ILA Waveform data saved to file /home/gabber/FUDAN/workspace/BBQ_BM/BBQ_BM/BBQ_BM.hw/backup/hw_ila_data_1.ila. Use Tcl command 'read_hw_ila_data' or Vivado File->Import->Import ILA Data menu item to import the previously saved data.
run_hw_ila [get_hw_ilas -of_objects [get_hw_devices xcu280_u55c_0] -filter {CELL_NAME=~"ila_1"}]\
   [get_hw_ilas -of_objects [get_hw_devices xcu280_u55c_0] -filter {CELL_NAME=~"nolabel_line114"}]
INFO: [Labtools 27-1964] The ILA core 'hw_ila_2' trigger was armed at 2025-Jul-25 15:50:43
INFO: [Labtools 27-1964] The ILA core 'hw_ila_3' trigger was armed at 2025-Jul-25 15:50:43
wait_on_hw_ila [get_hw_ilas -of_objects [get_hw_devices xcu280_u55c_0] -filter {CELL_NAME=~"ila_1"}]\
  [get_hw_ilas -of_objects [get_hw_devices xcu280_u55c_0] -filter {CELL_NAME=~"nolabel_line114"}]
display_hw_ila_data [upload_hw_ila_data [get_hw_ilas -of_objects [get_hw_devices xcu280_u55c_0] -filter {CELL_NAME=~"ila_1"}]]
INFO: [Labtools 27-1966] The ILA core 'hw_ila_2' triggered at 2025-Jul-25 15:50:43
INFO: [Labtools 27-3304] ILA Waveform data saved to file /home/gabber/FUDAN/workspace/BBQ_BM/BBQ_BM/BBQ_BM.hw/backup/hw_ila_data_2.ila. Use Tcl command 'read_hw_ila_data' or Vivado File->Import->Import ILA Data menu item to import the previously saved data.
display_hw_ila_data [upload_hw_ila_data [get_hw_ilas -of_objects [get_hw_devices xcu280_u55c_0] -filter {CELL_NAME=~"nolabel_line114"}]]
INFO: [Labtools 27-1966] The ILA core 'hw_ila_3' triggered at 2025-Jul-25 15:50:43
INFO: [Labtools 27-3304] ILA Waveform data saved to file /home/gabber/FUDAN/workspace/BBQ_BM/BBQ_BM/BBQ_BM.hw/backup/hw_ila_data_3.ila. Use Tcl command 'read_hw_ila_data' or Vivado File->Import->Import ILA Data menu item to import the previously saved data.
run_hw_ila [get_hw_ilas -of_objects [get_hw_devices xcu280_u55c_0] -filter {CELL_NAME=~"bbq_inst/ila_2"}]
INFO: [Labtools 27-1964] The ILA core 'hw_ila_1' trigger was armed at 2025-Jul-25 15:50:45
wait_on_hw_ila [get_hw_ilas -of_objects [get_hw_devices xcu280_u55c_0] -filter {CELL_NAME=~"bbq_inst/ila_2"}]
display_hw_ila_data [upload_hw_ila_data [get_hw_ilas -of_objects [get_hw_devices xcu280_u55c_0] -filter {CELL_NAME=~"bbq_inst/ila_2"}]]
INFO: [Labtools 27-1966] The ILA core 'hw_ila_1' triggered at 2025-Jul-25 15:50:45
INFO: [Labtools 27-3304] ILA Waveform data saved to file /home/gabber/FUDAN/workspace/BBQ_BM/BBQ_BM/BBQ_BM.hw/backup/hw_ila_data_1.ila. Use Tcl command 'read_hw_ila_data' or Vivado File->Import->Import ILA Data menu item to import the previously saved data.
run_hw_ila [get_hw_ilas -of_objects [get_hw_devices xcu280_u55c_0] -filter {CELL_NAME=~"ila_1"}]\
   [get_hw_ilas -of_objects [get_hw_devices xcu280_u55c_0] -filter {CELL_NAME=~"nolabel_line114"}]
INFO: [Labtools 27-1964] The ILA core 'hw_ila_2' trigger was armed at 2025-Jul-25 15:50:47
INFO: [Labtools 27-1964] The ILA core 'hw_ila_3' trigger was armed at 2025-Jul-25 15:50:47
wait_on_hw_ila [get_hw_ilas -of_objects [get_hw_devices xcu280_u55c_0] -filter {CELL_NAME=~"ila_1"}]\
  [get_hw_ilas -of_objects [get_hw_devices xcu280_u55c_0] -filter {CELL_NAME=~"nolabel_line114"}]
display_hw_ila_data [upload_hw_ila_data [get_hw_ilas -of_objects [get_hw_devices xcu280_u55c_0] -filter {CELL_NAME=~"ila_1"}]]
INFO: [Labtools 27-1966] The ILA core 'hw_ila_2' triggered at 2025-Jul-25 15:50:47
INFO: [Labtools 27-3304] ILA Waveform data saved to file /home/gabber/FUDAN/workspace/BBQ_BM/BBQ_BM/BBQ_BM.hw/backup/hw_ila_data_2.ila. Use Tcl command 'read_hw_ila_data' or Vivado File->Import->Import ILA Data menu item to import the previously saved data.
display_hw_ila_data [upload_hw_ila_data [get_hw_ilas -of_objects [get_hw_devices xcu280_u55c_0] -filter {CELL_NAME=~"nolabel_line114"}]]
INFO: [Labtools 27-1966] The ILA core 'hw_ila_3' triggered at 2025-Jul-25 15:50:47
INFO: [Labtools 27-3304] ILA Waveform data saved to file /home/gabber/FUDAN/workspace/BBQ_BM/BBQ_BM/BBQ_BM.hw/backup/hw_ila_data_3.ila. Use Tcl command 'read_hw_ila_data' or Vivado File->Import->Import ILA Data menu item to import the previously saved data.
run_hw_ila [get_hw_ilas -of_objects [get_hw_devices xcu280_u55c_0] -filter {CELL_NAME=~"bbq_inst/ila_2"}]
INFO: [Labtools 27-1964] The ILA core 'hw_ila_1' trigger was armed at 2025-Jul-25 15:50:49
wait_on_hw_ila [get_hw_ilas -of_objects [get_hw_devices xcu280_u55c_0] -filter {CELL_NAME=~"bbq_inst/ila_2"}]
display_hw_ila_data [upload_hw_ila_data [get_hw_ilas -of_objects [get_hw_devices xcu280_u55c_0] -filter {CELL_NAME=~"bbq_inst/ila_2"}]]
INFO: [Labtools 27-1966] The ILA core 'hw_ila_1' triggered at 2025-Jul-25 15:50:49
INFO: [Labtools 27-3304] ILA Waveform data saved to file /home/gabber/FUDAN/workspace/BBQ_BM/BBQ_BM/BBQ_BM.hw/backup/hw_ila_data_1.ila. Use Tcl command 'read_hw_ila_data' or Vivado File->Import->Import ILA Data menu item to import the previously saved data.
run_hw_ila [get_hw_ilas -of_objects [get_hw_devices xcu280_u55c_0] -filter {CELL_NAME=~"ila_1"}]\
   [get_hw_ilas -of_objects [get_hw_devices xcu280_u55c_0] -filter {CELL_NAME=~"nolabel_line114"}]
INFO: [Labtools 27-1964] The ILA core 'hw_ila_2' trigger was armed at 2025-Jul-25 15:50:50
INFO: [Labtools 27-1964] The ILA core 'hw_ila_3' trigger was armed at 2025-Jul-25 15:50:50
wait_on_hw_ila [get_hw_ilas -of_objects [get_hw_devices xcu280_u55c_0] -filter {CELL_NAME=~"ila_1"}]\
  [get_hw_ilas -of_objects [get_hw_devices xcu280_u55c_0] -filter {CELL_NAME=~"nolabel_line114"}]
display_hw_ila_data [upload_hw_ila_data [get_hw_ilas -of_objects [get_hw_devices xcu280_u55c_0] -filter {CELL_NAME=~"ila_1"}]]
INFO: [Labtools 27-1966] The ILA core 'hw_ila_2' triggered at 2025-Jul-25 15:50:50
INFO: [Labtools 27-3304] ILA Waveform data saved to file /home/gabber/FUDAN/workspace/BBQ_BM/BBQ_BM/BBQ_BM.hw/backup/hw_ila_data_2.ila. Use Tcl command 'read_hw_ila_data' or Vivado File->Import->Import ILA Data menu item to import the previously saved data.
display_hw_ila_data [upload_hw_ila_data [get_hw_ilas -of_objects [get_hw_devices xcu280_u55c_0] -filter {CELL_NAME=~"nolabel_line114"}]]
INFO: [Labtools 27-1966] The ILA core 'hw_ila_3' triggered at 2025-Jul-25 15:50:50
INFO: [Labtools 27-3304] ILA Waveform data saved to file /home/gabber/FUDAN/workspace/BBQ_BM/BBQ_BM/BBQ_BM.hw/backup/hw_ila_data_3.ila. Use Tcl command 'read_hw_ila_data' or Vivado File->Import->Import ILA Data menu item to import the previously saved data.
run_hw_ila [get_hw_ilas -of_objects [get_hw_devices xcu280_u55c_0] -filter {CELL_NAME=~"bbq_inst/ila_2"}]
INFO: [Labtools 27-1964] The ILA core 'hw_ila_1' trigger was armed at 2025-Jul-25 15:50:52
wait_on_hw_ila [get_hw_ilas -of_objects [get_hw_devices xcu280_u55c_0] -filter {CELL_NAME=~"bbq_inst/ila_2"}]
display_hw_ila_data [upload_hw_ila_data [get_hw_ilas -of_objects [get_hw_devices xcu280_u55c_0] -filter {CELL_NAME=~"bbq_inst/ila_2"}]]
INFO: [Labtools 27-1966] The ILA core 'hw_ila_1' triggered at 2025-Jul-25 15:50:52
INFO: [Labtools 27-3304] ILA Waveform data saved to file /home/gabber/FUDAN/workspace/BBQ_BM/BBQ_BM/BBQ_BM.hw/backup/hw_ila_data_1.ila. Use Tcl command 'read_hw_ila_data' or Vivado File->Import->Import ILA Data menu item to import the previously saved data.
run_hw_ila [get_hw_ilas -of_objects [get_hw_devices xcu280_u55c_0] -filter {CELL_NAME=~"ila_1"}]\
   [get_hw_ilas -of_objects [get_hw_devices xcu280_u55c_0] -filter {CELL_NAME=~"nolabel_line114"}]
INFO: [Labtools 27-1964] The ILA core 'hw_ila_2' trigger was armed at 2025-Jul-25 15:50:53
INFO: [Labtools 27-1964] The ILA core 'hw_ila_3' trigger was armed at 2025-Jul-25 15:50:53
wait_on_hw_ila [get_hw_ilas -of_objects [get_hw_devices xcu280_u55c_0] -filter {CELL_NAME=~"ila_1"}]\
  [get_hw_ilas -of_objects [get_hw_devices xcu280_u55c_0] -filter {CELL_NAME=~"nolabel_line114"}]
display_hw_ila_data [upload_hw_ila_data [get_hw_ilas -of_objects [get_hw_devices xcu280_u55c_0] -filter {CELL_NAME=~"ila_1"}]]
INFO: [Labtools 27-1966] The ILA core 'hw_ila_2' triggered at 2025-Jul-25 15:50:53
INFO: [Labtools 27-3304] ILA Waveform data saved to file /home/gabber/FUDAN/workspace/BBQ_BM/BBQ_BM/BBQ_BM.hw/backup/hw_ila_data_2.ila. Use Tcl command 'read_hw_ila_data' or Vivado File->Import->Import ILA Data menu item to import the previously saved data.
display_hw_ila_data [upload_hw_ila_data [get_hw_ilas -of_objects [get_hw_devices xcu280_u55c_0] -filter {CELL_NAME=~"nolabel_line114"}]]
INFO: [Labtools 27-1966] The ILA core 'hw_ila_3' triggered at 2025-Jul-25 15:50:53
INFO: [Labtools 27-3304] ILA Waveform data saved to file /home/gabber/FUDAN/workspace/BBQ_BM/BBQ_BM/BBQ_BM.hw/backup/hw_ila_data_3.ila. Use Tcl command 'read_hw_ila_data' or Vivado File->Import->Import ILA Data menu item to import the previously saved data.
run_hw_ila [get_hw_ilas -of_objects [get_hw_devices xcu280_u55c_0] -filter {CELL_NAME=~"bbq_inst/ila_2"}]
INFO: [Labtools 27-1964] The ILA core 'hw_ila_1' trigger was armed at 2025-Jul-25 15:50:55
wait_on_hw_ila [get_hw_ilas -of_objects [get_hw_devices xcu280_u55c_0] -filter {CELL_NAME=~"bbq_inst/ila_2"}]
display_hw_ila_data [upload_hw_ila_data [get_hw_ilas -of_objects [get_hw_devices xcu280_u55c_0] -filter {CELL_NAME=~"bbq_inst/ila_2"}]]
INFO: [Labtools 27-1966] The ILA core 'hw_ila_1' triggered at 2025-Jul-25 15:50:55
INFO: [Labtools 27-3304] ILA Waveform data saved to file /home/gabber/FUDAN/workspace/BBQ_BM/BBQ_BM/BBQ_BM.hw/backup/hw_ila_data_1.ila. Use Tcl command 'read_hw_ila_data' or Vivado File->Import->Import ILA Data menu item to import the previously saved data.
run_hw_ila [get_hw_ilas -of_objects [get_hw_devices xcu280_u55c_0] -filter {CELL_NAME=~"ila_1"}]\
   [get_hw_ilas -of_objects [get_hw_devices xcu280_u55c_0] -filter {CELL_NAME=~"nolabel_line114"}]
INFO: [Labtools 27-1964] The ILA core 'hw_ila_2' trigger was armed at 2025-Jul-25 15:50:57
INFO: [Labtools 27-1964] The ILA core 'hw_ila_3' trigger was armed at 2025-Jul-25 15:50:57
wait_on_hw_ila [get_hw_ilas -of_objects [get_hw_devices xcu280_u55c_0] -filter {CELL_NAME=~"ila_1"}]\
  [get_hw_ilas -of_objects [get_hw_devices xcu280_u55c_0] -filter {CELL_NAME=~"nolabel_line114"}]
display_hw_ila_data [upload_hw_ila_data [get_hw_ilas -of_objects [get_hw_devices xcu280_u55c_0] -filter {CELL_NAME=~"ila_1"}]]
INFO: [Labtools 27-1966] The ILA core 'hw_ila_2' triggered at 2025-Jul-25 15:50:57
INFO: [Labtools 27-3304] ILA Waveform data saved to file /home/gabber/FUDAN/workspace/BBQ_BM/BBQ_BM/BBQ_BM.hw/backup/hw_ila_data_2.ila. Use Tcl command 'read_hw_ila_data' or Vivado File->Import->Import ILA Data menu item to import the previously saved data.
display_hw_ila_data [upload_hw_ila_data [get_hw_ilas -of_objects [get_hw_devices xcu280_u55c_0] -filter {CELL_NAME=~"nolabel_line114"}]]
INFO: [Labtools 27-1966] The ILA core 'hw_ila_3' triggered at 2025-Jul-25 15:50:57
INFO: [Labtools 27-3304] ILA Waveform data saved to file /home/gabber/FUDAN/workspace/BBQ_BM/BBQ_BM/BBQ_BM.hw/backup/hw_ila_data_3.ila. Use Tcl command 'read_hw_ila_data' or Vivado File->Import->Import ILA Data menu item to import the previously saved data.
run_hw_ila [get_hw_ilas -of_objects [get_hw_devices xcu280_u55c_0] -filter {CELL_NAME=~"bbq_inst/ila_2"}]
INFO: [Labtools 27-1964] The ILA core 'hw_ila_1' trigger was armed at 2025-Jul-25 15:50:59
wait_on_hw_ila [get_hw_ilas -of_objects [get_hw_devices xcu280_u55c_0] -filter {CELL_NAME=~"bbq_inst/ila_2"}]
display_hw_ila_data [upload_hw_ila_data [get_hw_ilas -of_objects [get_hw_devices xcu280_u55c_0] -filter {CELL_NAME=~"bbq_inst/ila_2"}]]
INFO: [Labtools 27-1966] The ILA core 'hw_ila_1' triggered at 2025-Jul-25 15:50:59
INFO: [Labtools 27-3304] ILA Waveform data saved to file /home/gabber/FUDAN/workspace/BBQ_BM/BBQ_BM/BBQ_BM.hw/backup/hw_ila_data_1.ila. Use Tcl command 'read_hw_ila_data' or Vivado File->Import->Import ILA Data menu item to import the previously saved data.
run_hw_ila [get_hw_ilas -of_objects [get_hw_devices xcu280_u55c_0] -filter {CELL_NAME=~"ila_1"}]\
   [get_hw_ilas -of_objects [get_hw_devices xcu280_u55c_0] -filter {CELL_NAME=~"nolabel_line114"}]
INFO: [Labtools 27-1964] The ILA core 'hw_ila_2' trigger was armed at 2025-Jul-25 15:51:00
INFO: [Labtools 27-1964] The ILA core 'hw_ila_3' trigger was armed at 2025-Jul-25 15:51:00
wait_on_hw_ila [get_hw_ilas -of_objects [get_hw_devices xcu280_u55c_0] -filter {CELL_NAME=~"ila_1"}]\
  [get_hw_ilas -of_objects [get_hw_devices xcu280_u55c_0] -filter {CELL_NAME=~"nolabel_line114"}]
display_hw_ila_data [upload_hw_ila_data [get_hw_ilas -of_objects [get_hw_devices xcu280_u55c_0] -filter {CELL_NAME=~"ila_1"}]]
INFO: [Labtools 27-1966] The ILA core 'hw_ila_2' triggered at 2025-Jul-25 15:51:00
INFO: [Labtools 27-3304] ILA Waveform data saved to file /home/gabber/FUDAN/workspace/BBQ_BM/BBQ_BM/BBQ_BM.hw/backup/hw_ila_data_2.ila. Use Tcl command 'read_hw_ila_data' or Vivado File->Import->Import ILA Data menu item to import the previously saved data.
display_hw_ila_data [upload_hw_ila_data [get_hw_ilas -of_objects [get_hw_devices xcu280_u55c_0] -filter {CELL_NAME=~"nolabel_line114"}]]
INFO: [Labtools 27-1966] The ILA core 'hw_ila_3' triggered at 2025-Jul-25 15:51:00
INFO: [Labtools 27-3304] ILA Waveform data saved to file /home/gabber/FUDAN/workspace/BBQ_BM/BBQ_BM/BBQ_BM.hw/backup/hw_ila_data_3.ila. Use Tcl command 'read_hw_ila_data' or Vivado File->Import->Import ILA Data menu item to import the previously saved data.
run_hw_ila [get_hw_ilas -of_objects [get_hw_devices xcu280_u55c_0] -filter {CELL_NAME=~"nolabel_line114"}]
INFO: [Labtools 27-1964] The ILA core 'hw_ila_3' trigger was armed at 2025-Jul-25 15:51:04
wait_on_hw_ila [get_hw_ilas -of_objects [get_hw_devices xcu280_u55c_0] -filter {CELL_NAME=~"nolabel_line114"}]
display_hw_ila_data [upload_hw_ila_data [get_hw_ilas -of_objects [get_hw_devices xcu280_u55c_0] -filter {CELL_NAME=~"nolabel_line114"}]]
INFO: [Labtools 27-1966] The ILA core 'hw_ila_3' triggered at 2025-Jul-25 15:51:04
INFO: [Labtools 27-3304] ILA Waveform data saved to file /home/gabber/FUDAN/workspace/BBQ_BM/BBQ_BM/BBQ_BM.hw/backup/hw_ila_data_3.ila. Use Tcl command 'read_hw_ila_data' or Vivado File->Import->Import ILA Data menu item to import the previously saved data.
run_hw_ila [get_hw_ilas -of_objects [get_hw_devices xcu280_u55c_0] -filter {CELL_NAME=~"nolabel_line114"}]
INFO: [Labtools 27-1964] The ILA core 'hw_ila_3' trigger was armed at 2025-Jul-25 15:51:07
wait_on_hw_ila [get_hw_ilas -of_objects [get_hw_devices xcu280_u55c_0] -filter {CELL_NAME=~"nolabel_line114"}]
display_hw_ila_data [upload_hw_ila_data [get_hw_ilas -of_objects [get_hw_devices xcu280_u55c_0] -filter {CELL_NAME=~"nolabel_line114"}]]
INFO: [Labtools 27-1966] The ILA core 'hw_ila_3' triggered at 2025-Jul-25 15:51:07
INFO: [Labtools 27-3304] ILA Waveform data saved to file /home/gabber/FUDAN/workspace/BBQ_BM/BBQ_BM/BBQ_BM.hw/backup/hw_ila_data_3.ila. Use Tcl command 'read_hw_ila_data' or Vivado File->Import->Import ILA Data menu item to import the previously saved data.
save_wave_config {/home/gabber/FUDAN/workspace/BBQ_BM/BBQ_BM/BBQ_BM.hw/hw_1/wave/hw_ila_data_1/hw_ila_data_1.wcfg}
save_wave_config {/home/gabber/FUDAN/workspace/BBQ_BM/BBQ_BM/BBQ_BM.hw/hw_1/wave/hw_ila_data_2/hw_ila_data_2.wcfg}
save_wave_config {/home/gabber/FUDAN/workspace/BBQ_BM/BBQ_BM/BBQ_BM.hw/hw_1/wave/hw_ila_data_3/hw_ila_data_3.wcfg}
close_hw_manager
exit
INFO: [Common 17-206] Exiting Vivado at Fri Jul 25 15:53:10 2025...
