INFO: [VRFC 10-2263] Analyzing Verilog file "/home/pnic/mkxue/Clone/BBQ/hardware/bbq-xilinx/hardware/hardware.sim/sim_1/impl/func/xsim/tb_bbq_func_impl.v" into library xil_defaultlib
INFO: [VRFC 10-311] analyzing module dbg_hub
INFO: [VRFC 10-311] analyzing module dbg_hub_clk_x_pntrs
INFO: [VRFC 10-311] analyzing module dbg_hub_clk_x_pntrs_7
INFO: [VRFC 10-311] analyzing module dbg_hub_dmem
INFO: [VRFC 10-311] analyzing module dbg_hub_dmem_13
INFO: [VRFC 10-311] analyzing module dbg_hub_fifo_generator_ramfifo
INFO: [VRFC 10-311] analyzing module dbg_hub_fifo_generator_ramfifo__parameterized0
INFO: [VRFC 10-311] analyzing module dbg_hub_fifo_generator_top
INFO: [VRFC 10-311] analyzing module dbg_hub_fifo_generator_top__parameterized0
INFO: [VRFC 10-311] analyzing module dbg_hub_fifo_generator_v13_1_4
INFO: [VRFC 10-311] analyzing module dbg_hub_fifo_generator_v13_1_4__parameterized0
INFO: [VRFC 10-311] analyzing module dbg_hub_fifo_generator_v13_1_4_synth
INFO: [VRFC 10-311] analyzing module dbg_hub_fifo_generator_v13_1_4_synth__parameterized0
INFO: [VRFC 10-311] analyzing module dbg_hub_ltlib_v1_0_0_bscan
INFO: [VRFC 10-311] analyzing module dbg_hub_memory
INFO: [VRFC 10-311] analyzing module dbg_hub_memory__parameterized0
INFO: [VRFC 10-311] analyzing module dbg_hub_rd_bin_cntr
INFO: [VRFC 10-311] analyzing module dbg_hub_rd_bin_cntr_18
INFO: [VRFC 10-311] analyzing module dbg_hub_rd_fwft
INFO: [VRFC 10-311] analyzing module dbg_hub_rd_handshaking_flags
INFO: [VRFC 10-311] analyzing module dbg_hub_rd_handshaking_flags__parameterized0
INFO: [VRFC 10-311] analyzing module dbg_hub_rd_logic
INFO: [VRFC 10-311] analyzing module dbg_hub_rd_logic__parameterized0
INFO: [VRFC 10-311] analyzing module dbg_hub_rd_status_flags_as
INFO: [VRFC 10-311] analyzing module dbg_hub_rd_status_flags_as_17
INFO: [VRFC 10-311] analyzing module dbg_hub_reset_blk_ramfifo
INFO: [VRFC 10-311] analyzing module dbg_hub_reset_blk_ramfifo_8
INFO: [VRFC 10-311] analyzing module dbg_hub_synchronizer_ff
INFO: [VRFC 10-311] analyzing module dbg_hub_synchronizer_ff_1
INFO: [VRFC 10-311] analyzing module dbg_hub_synchronizer_ff_10
INFO: [VRFC 10-311] analyzing module dbg_hub_synchronizer_ff_11
INFO: [VRFC 10-311] analyzing module dbg_hub_synchronizer_ff_12
INFO: [VRFC 10-311] analyzing module dbg_hub_synchronizer_ff_2
INFO: [VRFC 10-311] analyzing module dbg_hub_synchronizer_ff_3
INFO: [VRFC 10-311] analyzing module dbg_hub_synchronizer_ff_9
INFO: [VRFC 10-311] analyzing module dbg_hub_synchronizer_ff__parameterized0
INFO: [VRFC 10-311] analyzing module dbg_hub_synchronizer_ff__parameterized0_19
INFO: [VRFC 10-311] analyzing module dbg_hub_synchronizer_ff__parameterized0_20
INFO: [VRFC 10-311] analyzing module dbg_hub_synchronizer_ff__parameterized0_21
INFO: [VRFC 10-311] analyzing module dbg_hub_synchronizer_ff__parameterized0_22
INFO: [VRFC 10-311] analyzing module dbg_hub_synchronizer_ff__parameterized0_4
INFO: [VRFC 10-311] analyzing module dbg_hub_synchronizer_ff__parameterized0_5
INFO: [VRFC 10-311] analyzing module dbg_hub_synchronizer_ff__parameterized0_6
INFO: [VRFC 10-311] analyzing module dbg_hub_wr_bin_cntr
INFO: [VRFC 10-311] analyzing module dbg_hub_wr_bin_cntr_16
INFO: [VRFC 10-311] analyzing module dbg_hub_wr_handshaking_flags
INFO: [VRFC 10-311] analyzing module dbg_hub_wr_handshaking_flags_15
INFO: [VRFC 10-311] analyzing module dbg_hub_wr_logic
INFO: [VRFC 10-311] analyzing module dbg_hub_wr_logic__parameterized0
INFO: [VRFC 10-311] analyzing module dbg_hub_wr_status_flags_as
INFO: [VRFC 10-311] analyzing module dbg_hub_wr_status_flags_as_14
INFO: [VRFC 10-311] analyzing module dbg_hub_xsdbm_v3_0_0_addr_ctl
INFO: [VRFC 10-311] analyzing module dbg_hub_xsdbm_v3_0_0_bscan_switch
INFO: [VRFC 10-311] analyzing module dbg_hub_xsdbm_v3_0_0_burst_wdlen_ctl
INFO: [VRFC 10-311] analyzing module dbg_hub_xsdbm_v3_0_0_bus_ctl
INFO: [VRFC 10-311] analyzing module dbg_hub_xsdbm_v3_0_0_bus_ctl_cnt
INFO: [VRFC 10-311] analyzing module dbg_hub_xsdbm_v3_0_0_bus_ctl_flg
INFO: [VRFC 10-311] analyzing module dbg_hub_xsdbm_v3_0_0_bus_ctl_flg__parameterized0
INFO: [VRFC 10-311] analyzing module dbg_hub_xsdbm_v3_0_0_bus_mstr2sl_if
INFO: [VRFC 10-311] analyzing module dbg_hub_xsdbm_v3_0_0_cmd_decode
INFO: [VRFC 10-311] analyzing module dbg_hub_xsdbm_v3_0_0_ctl_reg
INFO: [VRFC 10-311] analyzing module dbg_hub_xsdbm_v3_0_0_ctl_reg__parameterized0
INFO: [VRFC 10-311] analyzing module dbg_hub_xsdbm_v3_0_0_ctl_reg__parameterized1
INFO: [VRFC 10-311] analyzing module dbg_hub_xsdbm_v3_0_0_ctl_reg__parameterized2
INFO: [VRFC 10-311] analyzing module dbg_hub_xsdbm_v3_0_0_icon
INFO: [VRFC 10-311] analyzing module dbg_hub_xsdbm_v3_0_0_icon2xsdb
INFO: [VRFC 10-311] analyzing module dbg_hub_xsdbm_v3_0_0_if
INFO: [VRFC 10-311] analyzing module dbg_hub_xsdbm_v3_0_0_if_static_status
INFO: [VRFC 10-311] analyzing module dbg_hub_xsdbm_v3_0_0_rdfifo
INFO: [VRFC 10-311] analyzing module dbg_hub_xsdbm_v3_0_0_rdreg
INFO: [VRFC 10-311] analyzing module dbg_hub_xsdbm_v3_0_0_stat
INFO: [VRFC 10-311] analyzing module dbg_hub_xsdbm_v3_0_0_stat_reg
INFO: [VRFC 10-311] analyzing module dbg_hub_xsdbm_v3_0_0_stat_reg__parameterized0
INFO: [VRFC 10-311] analyzing module dbg_hub_xsdbm_v3_0_0_stat_reg__parameterized0_0
INFO: [VRFC 10-311] analyzing module dbg_hub_xsdbm_v3_0_0_sync
INFO: [VRFC 10-311] analyzing module dbg_hub_xsdbm_v3_0_0_wrfifo
INFO: [VRFC 10-311] analyzing module dbg_hub_xsdbm_v3_0_0_wrreg
INFO: [VRFC 10-311] analyzing module dbg_hub_xsdbm_v3_0_0_xsdbm
INFO: [VRFC 10-311] analyzing module dbg_hub_xsdbm_v3_0_0_xsdbm_id
INFO: [VRFC 10-311] analyzing module bbq
INFO: [VRFC 10-311] analyzing module blk_mem_gen_0
INFO: [VRFC 10-311] analyzing module blk_mem_gen_0_HD138
INFO: [VRFC 10-311] analyzing module blk_mem_gen_0_HD3
INFO: [VRFC 10-311] analyzing module blk_mem_gen_1
INFO: [VRFC 10-311] analyzing module blk_mem_gen_2
INFO: [VRFC 10-311] analyzing module fifo_generator_0
INFO: [VRFC 10-311] analyzing module ila_0
INFO: [VRFC 10-311] analyzing module top
INFO: [VRFC 10-311] analyzing module ila_0_ila_v6_2_11_ila
INFO: [VRFC 10-311] analyzing module ila_0_ila_v6_2_11_ila_cap_addrgen
INFO: [VRFC 10-311] analyzing module ila_0_ila_v6_2_11_ila_cap_ctrl_legacy
INFO: [VRFC 10-311] analyzing module ila_0_ila_v6_2_11_ila_cap_sample_counter
INFO: [VRFC 10-311] analyzing module ila_0_ila_v6_2_11_ila_cap_window_counter
INFO: [VRFC 10-311] analyzing module ila_0_ila_v6_2_11_ila_core
INFO: [VRFC 10-311] analyzing module ila_0_ila_v6_2_11_ila_register
INFO: [VRFC 10-311] analyzing module ila_0_ila_v6_2_11_ila_reset_ctrl
INFO: [VRFC 10-311] analyzing module ila_0_ila_v6_2_11_ila_trace_memory
INFO: [VRFC 10-311] analyzing module ila_0_ila_v6_2_11_ila_trig_match
INFO: [VRFC 10-311] analyzing module ila_0_ila_v6_2_11_ila_trigger
INFO: [VRFC 10-311] analyzing module ila_0_ltlib_v1_0_0_all_typeA
INFO: [VRFC 10-311] analyzing module ila_0_ltlib_v1_0_0_all_typeA_4
INFO: [VRFC 10-311] analyzing module ila_0_ltlib_v1_0_0_all_typeA_6
INFO: [VRFC 10-311] analyzing module ila_0_ltlib_v1_0_0_all_typeA__parameterized0
INFO: [VRFC 10-311] analyzing module ila_0_ltlib_v1_0_0_all_typeA__parameterized1
INFO: [VRFC 10-311] analyzing module ila_0_ltlib_v1_0_0_all_typeA__parameterized2
INFO: [VRFC 10-311] analyzing module ila_0_ltlib_v1_0_0_all_typeA__parameterized2_33
INFO: [VRFC 10-311] analyzing module ila_0_ltlib_v1_0_0_all_typeA__parameterized2_41
INFO: [VRFC 10-311] analyzing module ila_0_ltlib_v1_0_0_all_typeA_slice
INFO: [VRFC 10-311] analyzing module ila_0_ltlib_v1_0_0_all_typeA_slice_2
INFO: [VRFC 10-311] analyzing module ila_0_ltlib_v1_0_0_all_typeA_slice_3
INFO: [VRFC 10-311] analyzing module ila_0_ltlib_v1_0_0_all_typeA_slice_5
INFO: [VRFC 10-311] analyzing module ila_0_ltlib_v1_0_0_all_typeA_slice_7
INFO: [VRFC 10-311] analyzing module ila_0_ltlib_v1_0_0_all_typeA_slice__parameterized0
INFO: [VRFC 10-311] analyzing module ila_0_ltlib_v1_0_0_all_typeA_slice__parameterized0_0
INFO: [VRFC 10-311] analyzing module ila_0_ltlib_v1_0_0_all_typeA_slice__parameterized0_1
INFO: [VRFC 10-311] analyzing module ila_0_ltlib_v1_0_0_all_typeA_slice__parameterized1
INFO: [VRFC 10-311] analyzing module ila_0_ltlib_v1_0_0_all_typeA_slice__parameterized1_34
INFO: [VRFC 10-311] analyzing module ila_0_ltlib_v1_0_0_all_typeA_slice__parameterized1_42
INFO: [VRFC 10-311] analyzing module ila_0_ltlib_v1_0_0_all_typeA_slice__parameterized2
INFO: [VRFC 10-311] analyzing module ila_0_ltlib_v1_0_0_all_typeA_slice__parameterized2_35
INFO: [VRFC 10-311] analyzing module ila_0_ltlib_v1_0_0_all_typeA_slice__parameterized2_43
INFO: [VRFC 10-311] analyzing module ila_0_ltlib_v1_0_0_allx_typeA
INFO: [VRFC 10-311] analyzing module ila_0_ltlib_v1_0_0_allx_typeA__parameterized0
INFO: [VRFC 10-311] analyzing module ila_0_ltlib_v1_0_0_allx_typeA__parameterized1
INFO: [VRFC 10-311] analyzing module ila_0_ltlib_v1_0_0_allx_typeA__parameterized2
INFO: [VRFC 10-311] analyzing module ila_0_ltlib_v1_0_0_allx_typeA__parameterized3
INFO: [VRFC 10-311] analyzing module ila_0_ltlib_v1_0_0_allx_typeA_nodelay
INFO: [VRFC 10-311] analyzing module ila_0_ltlib_v1_0_0_allx_typeA_nodelay_32
INFO: [VRFC 10-311] analyzing module ila_0_ltlib_v1_0_0_allx_typeA_nodelay_40
INFO: [VRFC 10-311] analyzing module ila_0_ltlib_v1_0_0_async_edge_xfer
INFO: [VRFC 10-311] analyzing module ila_0_ltlib_v1_0_0_async_edge_xfer_10
INFO: [VRFC 10-311] analyzing module ila_0_ltlib_v1_0_0_async_edge_xfer_8
INFO: [VRFC 10-311] analyzing module ila_0_ltlib_v1_0_0_async_edge_xfer_9
INFO: [VRFC 10-311] analyzing module ila_0_ltlib_v1_0_0_cfglut4
INFO: [VRFC 10-311] analyzing module ila_0_ltlib_v1_0_0_cfglut4_36
INFO: [VRFC 10-311] analyzing module ila_0_ltlib_v1_0_0_cfglut5
INFO: [VRFC 10-311] analyzing module ila_0_ltlib_v1_0_0_cfglut5_30
INFO: [VRFC 10-311] analyzing module ila_0_ltlib_v1_0_0_cfglut5_37
INFO: [VRFC 10-311] analyzing module ila_0_ltlib_v1_0_0_cfglut6
INFO: [VRFC 10-311] analyzing module ila_0_ltlib_v1_0_0_cfglut6_38
INFO: [VRFC 10-311] analyzing module ila_0_ltlib_v1_0_0_cfglut6__parameterized0
INFO: [VRFC 10-311] analyzing module ila_0_ltlib_v1_0_0_cfglut7
INFO: [VRFC 10-311] analyzing module ila_0_ltlib_v1_0_0_cfglut7_29
INFO: [VRFC 10-311] analyzing module ila_0_ltlib_v1_0_0_generic_memrd
INFO: [VRFC 10-311] analyzing module ila_0_ltlib_v1_0_0_match
INFO: [VRFC 10-311] analyzing module ila_0_ltlib_v1_0_0_match__parameterized0
INFO: [VRFC 10-311] analyzing module ila_0_ltlib_v1_0_0_match__parameterized1
INFO: [VRFC 10-311] analyzing module ila_0_ltlib_v1_0_0_match__parameterized2
INFO: [VRFC 10-311] analyzing module ila_0_ltlib_v1_0_0_match__parameterized3
INFO: [VRFC 10-311] analyzing module ila_0_ltlib_v1_0_0_match_nodelay
INFO: [VRFC 10-311] analyzing module ila_0_ltlib_v1_0_0_match_nodelay_31
INFO: [VRFC 10-311] analyzing module ila_0_ltlib_v1_0_0_match_nodelay_39
INFO: [VRFC 10-311] analyzing module ila_0_ltlib_v1_0_0_rising_edge_detection
INFO: [VRFC 10-311] analyzing module ila_0_ltlib_v1_0_0_rising_edge_detection_11
INFO: [VRFC 10-311] analyzing module ila_0_xsdbs_v1_0_2_reg__parameterized17
INFO: [VRFC 10-311] analyzing module ila_0_xsdbs_v1_0_2_reg__parameterized18
INFO: [VRFC 10-311] analyzing module ila_0_xsdbs_v1_0_2_reg__parameterized19
INFO: [VRFC 10-311] analyzing module ila_0_xsdbs_v1_0_2_reg__parameterized20
INFO: [VRFC 10-311] analyzing module ila_0_xsdbs_v1_0_2_reg__parameterized32
INFO: [VRFC 10-311] analyzing module ila_0_xsdbs_v1_0_2_reg__parameterized33
INFO: [VRFC 10-311] analyzing module ila_0_xsdbs_v1_0_2_reg__parameterized34
INFO: [VRFC 10-311] analyzing module ila_0_xsdbs_v1_0_2_reg__parameterized35
INFO: [VRFC 10-311] analyzing module ila_0_xsdbs_v1_0_2_reg__parameterized36
INFO: [VRFC 10-311] analyzing module ila_0_xsdbs_v1_0_2_reg__parameterized37
INFO: [VRFC 10-311] analyzing module ila_0_xsdbs_v1_0_2_reg__parameterized38
INFO: [VRFC 10-311] analyzing module ila_0_xsdbs_v1_0_2_reg__parameterized39
INFO: [VRFC 10-311] analyzing module ila_0_xsdbs_v1_0_2_reg__parameterized40
INFO: [VRFC 10-311] analyzing module ila_0_xsdbs_v1_0_2_reg__parameterized41
INFO: [VRFC 10-311] analyzing module ila_0_xsdbs_v1_0_2_reg__parameterized42
INFO: [VRFC 10-311] analyzing module ila_0_xsdbs_v1_0_2_reg__parameterized43
INFO: [VRFC 10-311] analyzing module ila_0_xsdbs_v1_0_2_reg__parameterized45
INFO: [VRFC 10-311] analyzing module ila_0_xsdbs_v1_0_2_reg__parameterized47
INFO: [VRFC 10-311] analyzing module ila_0_xsdbs_v1_0_2_reg__parameterized50
INFO: [VRFC 10-311] analyzing module ila_0_xsdbs_v1_0_2_reg_ctl
INFO: [VRFC 10-311] analyzing module ila_0_xsdbs_v1_0_2_reg_ctl_15
INFO: [VRFC 10-311] analyzing module ila_0_xsdbs_v1_0_2_reg_ctl_16
INFO: [VRFC 10-311] analyzing module ila_0_xsdbs_v1_0_2_reg_ctl_17
INFO: [VRFC 10-311] analyzing module ila_0_xsdbs_v1_0_2_reg_ctl_18
INFO: [VRFC 10-311] analyzing module ila_0_xsdbs_v1_0_2_reg_ctl_21
INFO: [VRFC 10-311] analyzing module ila_0_xsdbs_v1_0_2_reg_ctl_23
INFO: [VRFC 10-311] analyzing module ila_0_xsdbs_v1_0_2_reg_ctl_24
INFO: [VRFC 10-311] analyzing module ila_0_xsdbs_v1_0_2_reg_ctl_25
INFO: [VRFC 10-311] analyzing module ila_0_xsdbs_v1_0_2_reg_ctl_26
INFO: [VRFC 10-311] analyzing module ila_0_xsdbs_v1_0_2_reg_ctl_27
INFO: [VRFC 10-311] analyzing module ila_0_xsdbs_v1_0_2_reg_ctl__parameterized0
INFO: [VRFC 10-311] analyzing module ila_0_xsdbs_v1_0_2_reg_ctl__parameterized1
INFO: [VRFC 10-311] analyzing module ila_0_xsdbs_v1_0_2_reg_ctl__parameterized1_19
INFO: [VRFC 10-311] analyzing module ila_0_xsdbs_v1_0_2_reg_ctl__parameterized1_22
INFO: [VRFC 10-311] analyzing module ila_0_xsdbs_v1_0_2_reg_p2s
INFO: [VRFC 10-311] analyzing module ila_0_xsdbs_v1_0_2_reg_p2s__parameterized0
INFO: [VRFC 10-311] analyzing module ila_0_xsdbs_v1_0_2_reg_p2s__parameterized1
INFO: [VRFC 10-311] analyzing module ila_0_xsdbs_v1_0_2_reg_p2s__parameterized2
INFO: [VRFC 10-311] analyzing module ila_0_xsdbs_v1_0_2_reg_p2s__parameterized3
INFO: [VRFC 10-311] analyzing module ila_0_xsdbs_v1_0_2_reg_p2s__parameterized4
INFO: [VRFC 10-311] analyzing module ila_0_xsdbs_v1_0_2_reg_stat
INFO: [VRFC 10-311] analyzing module ila_0_xsdbs_v1_0_2_reg_stat_12
INFO: [VRFC 10-311] analyzing module ila_0_xsdbs_v1_0_2_reg_stat_13
INFO: [VRFC 10-311] analyzing module ila_0_xsdbs_v1_0_2_reg_stat_14
INFO: [VRFC 10-311] analyzing module ila_0_xsdbs_v1_0_2_reg_stat_20
INFO: [VRFC 10-311] analyzing module ila_0_xsdbs_v1_0_2_reg_stat_28
INFO: [VRFC 10-311] analyzing module ila_0_xsdbs_v1_0_2_reg_stream
INFO: [VRFC 10-311] analyzing module ila_0_xsdbs_v1_0_2_reg_stream__parameterized0
INFO: [VRFC 10-311] analyzing module ila_0_xsdbs_v1_0_2_xsdbs
INFO: [VRFC 10-311] analyzing module blk_mem_gen_0_bindec
INFO: [VRFC 10-311] analyzing module blk_mem_gen_0_blk_mem_gen_generic_cstr
INFO: [VRFC 10-311] analyzing module blk_mem_gen_0_blk_mem_gen_generic_cstr_HD142
INFO: [VRFC 10-311] analyzing module blk_mem_gen_0_blk_mem_gen_generic_cstr_HD7
INFO: [VRFC 10-311] analyzing module blk_mem_gen_0_blk_mem_gen_mux__parameterized0
INFO: [VRFC 10-311] analyzing module blk_mem_gen_0_blk_mem_gen_prim_width
INFO: [VRFC 10-311] analyzing module blk_mem_gen_0_blk_mem_gen_prim_width_HD10
INFO: [VRFC 10-311] analyzing module blk_mem_gen_0_blk_mem_gen_prim_width_HD145
INFO: [VRFC 10-311] analyzing module blk_mem_gen_0_blk_mem_gen_prim_width__parameterized0
INFO: [VRFC 10-311] analyzing module blk_mem_gen_0_blk_mem_gen_prim_width__parameterized0_HD167
INFO: [VRFC 10-311] analyzing module blk_mem_gen_0_blk_mem_gen_prim_width__parameterized0_HD32
INFO: [VRFC 10-311] analyzing module blk_mem_gen_0_blk_mem_gen_prim_width__parameterized1
INFO: [VRFC 10-311] analyzing module blk_mem_gen_0_blk_mem_gen_prim_width__parameterized10
INFO: [VRFC 10-311] analyzing module blk_mem_gen_0_blk_mem_gen_prim_width__parameterized10_HD14
INFO: [VRFC 10-311] analyzing module blk_mem_gen_0_blk_mem_gen_prim_width__parameterized10_HD149
INFO: [VRFC 10-311] analyzing module blk_mem_gen_0_blk_mem_gen_prim_width__parameterized11
INFO: [VRFC 10-311] analyzing module blk_mem_gen_0_blk_mem_gen_prim_width__parameterized11_HD151
INFO: [VRFC 10-311] analyzing module blk_mem_gen_0_blk_mem_gen_prim_width__parameterized11_HD16
INFO: [VRFC 10-311] analyzing module blk_mem_gen_0_blk_mem_gen_prim_width__parameterized12
INFO: [VRFC 10-311] analyzing module blk_mem_gen_0_blk_mem_gen_prim_width__parameterized12_HD153
INFO: [VRFC 10-311] analyzing module blk_mem_gen_0_blk_mem_gen_prim_width__parameterized12_HD18
INFO: [VRFC 10-311] analyzing module blk_mem_gen_0_blk_mem_gen_prim_width__parameterized13
INFO: [VRFC 10-311] analyzing module blk_mem_gen_0_blk_mem_gen_prim_width__parameterized13_HD155
INFO: [VRFC 10-311] analyzing module blk_mem_gen_0_blk_mem_gen_prim_width__parameterized13_HD20
INFO: [VRFC 10-311] analyzing module blk_mem_gen_0_blk_mem_gen_prim_width__parameterized14
INFO: [VRFC 10-311] analyzing module blk_mem_gen_0_blk_mem_gen_prim_width__parameterized14_HD157
INFO: [VRFC 10-311] analyzing module blk_mem_gen_0_blk_mem_gen_prim_width__parameterized14_HD22
INFO: [VRFC 10-311] analyzing module blk_mem_gen_0_blk_mem_gen_prim_width__parameterized15
INFO: [VRFC 10-311] analyzing module blk_mem_gen_0_blk_mem_gen_prim_width__parameterized15_HD159
INFO: [VRFC 10-311] analyzing module blk_mem_gen_0_blk_mem_gen_prim_width__parameterized15_HD24
INFO: [VRFC 10-311] analyzing module blk_mem_gen_0_blk_mem_gen_prim_width__parameterized16
INFO: [VRFC 10-311] analyzing module blk_mem_gen_0_blk_mem_gen_prim_width__parameterized16_HD161
INFO: [VRFC 10-311] analyzing module blk_mem_gen_0_blk_mem_gen_prim_width__parameterized16_HD26
INFO: [VRFC 10-311] analyzing module blk_mem_gen_0_blk_mem_gen_prim_width__parameterized17
INFO: [VRFC 10-311] analyzing module blk_mem_gen_0_blk_mem_gen_prim_width__parameterized17_HD163
INFO: [VRFC 10-311] analyzing module blk_mem_gen_0_blk_mem_gen_prim_width__parameterized17_HD28
INFO: [VRFC 10-311] analyzing module blk_mem_gen_0_blk_mem_gen_prim_width__parameterized18
INFO: [VRFC 10-311] analyzing module blk_mem_gen_0_blk_mem_gen_prim_width__parameterized18_HD165
INFO: [VRFC 10-311] analyzing module blk_mem_gen_0_blk_mem_gen_prim_width__parameterized18_HD30
INFO: [VRFC 10-311] analyzing module blk_mem_gen_0_blk_mem_gen_prim_width__parameterized19
INFO: [VRFC 10-311] analyzing module blk_mem_gen_0_blk_mem_gen_prim_width__parameterized19_HD169
INFO: [VRFC 10-311] analyzing module blk_mem_gen_0_blk_mem_gen_prim_width__parameterized19_HD34
INFO: [VRFC 10-311] analyzing module blk_mem_gen_0_blk_mem_gen_prim_width__parameterized1_HD189
INFO: [VRFC 10-311] analyzing module blk_mem_gen_0_blk_mem_gen_prim_width__parameterized1_HD54
INFO: [VRFC 10-311] analyzing module blk_mem_gen_0_blk_mem_gen_prim_width__parameterized2
INFO: [VRFC 10-311] analyzing module blk_mem_gen_0_blk_mem_gen_prim_width__parameterized20
INFO: [VRFC 10-311] analyzing module blk_mem_gen_0_blk_mem_gen_prim_width__parameterized20_HD171
INFO: [VRFC 10-311] analyzing module blk_mem_gen_0_blk_mem_gen_prim_width__parameterized20_HD36
INFO: [VRFC 10-311] analyzing module blk_mem_gen_0_blk_mem_gen_prim_width__parameterized21
INFO: [VRFC 10-311] analyzing module blk_mem_gen_0_blk_mem_gen_prim_width__parameterized21_HD173
INFO: [VRFC 10-311] analyzing module blk_mem_gen_0_blk_mem_gen_prim_width__parameterized21_HD38
INFO: [VRFC 10-311] analyzing module blk_mem_gen_0_blk_mem_gen_prim_width__parameterized22
INFO: [VRFC 10-311] analyzing module blk_mem_gen_0_blk_mem_gen_prim_width__parameterized22_HD175
INFO: [VRFC 10-311] analyzing module blk_mem_gen_0_blk_mem_gen_prim_width__parameterized22_HD40
INFO: [VRFC 10-311] analyzing module blk_mem_gen_0_blk_mem_gen_prim_width__parameterized23
INFO: [VRFC 10-311] analyzing module blk_mem_gen_0_blk_mem_gen_prim_width__parameterized23_HD177
INFO: [VRFC 10-311] analyzing module blk_mem_gen_0_blk_mem_gen_prim_width__parameterized23_HD42
INFO: [VRFC 10-311] analyzing module blk_mem_gen_0_blk_mem_gen_prim_width__parameterized24
INFO: [VRFC 10-311] analyzing module blk_mem_gen_0_blk_mem_gen_prim_width__parameterized24_HD179
INFO: [VRFC 10-311] analyzing module blk_mem_gen_0_blk_mem_gen_prim_width__parameterized24_HD44
INFO: [VRFC 10-311] analyzing module blk_mem_gen_0_blk_mem_gen_prim_width__parameterized25
INFO: [VRFC 10-311] analyzing module blk_mem_gen_0_blk_mem_gen_prim_width__parameterized25_HD181
INFO: [VRFC 10-311] analyzing module blk_mem_gen_0_blk_mem_gen_prim_width__parameterized25_HD46
INFO: [VRFC 10-311] analyzing module blk_mem_gen_0_blk_mem_gen_prim_width__parameterized26
INFO: [VRFC 10-311] analyzing module blk_mem_gen_0_blk_mem_gen_prim_width__parameterized26_HD183
INFO: [VRFC 10-311] analyzing module blk_mem_gen_0_blk_mem_gen_prim_width__parameterized26_HD48
INFO: [VRFC 10-311] analyzing module blk_mem_gen_0_blk_mem_gen_prim_width__parameterized27
INFO: [VRFC 10-311] analyzing module blk_mem_gen_0_blk_mem_gen_prim_width__parameterized27_HD185
INFO: [VRFC 10-311] analyzing module blk_mem_gen_0_blk_mem_gen_prim_width__parameterized27_HD50
INFO: [VRFC 10-311] analyzing module blk_mem_gen_0_blk_mem_gen_prim_width__parameterized28
INFO: [VRFC 10-311] analyzing module blk_mem_gen_0_blk_mem_gen_prim_width__parameterized28_HD187
INFO: [VRFC 10-311] analyzing module blk_mem_gen_0_blk_mem_gen_prim_width__parameterized28_HD52
INFO: [VRFC 10-311] analyzing module blk_mem_gen_0_blk_mem_gen_prim_width__parameterized29
INFO: [VRFC 10-311] analyzing module blk_mem_gen_0_blk_mem_gen_prim_width__parameterized29_HD191
INFO: [VRFC 10-311] analyzing module blk_mem_gen_0_blk_mem_gen_prim_width__parameterized29_HD56
INFO: [VRFC 10-311] analyzing module blk_mem_gen_0_blk_mem_gen_prim_width__parameterized2_HD211
INFO: [VRFC 10-311] analyzing module blk_mem_gen_0_blk_mem_gen_prim_width__parameterized2_HD76
INFO: [VRFC 10-311] analyzing module blk_mem_gen_0_blk_mem_gen_prim_width__parameterized3
INFO: [VRFC 10-311] analyzing module blk_mem_gen_0_blk_mem_gen_prim_width__parameterized30
INFO: [VRFC 10-311] analyzing module blk_mem_gen_0_blk_mem_gen_prim_width__parameterized30_HD193
INFO: [VRFC 10-311] analyzing module blk_mem_gen_0_blk_mem_gen_prim_width__parameterized30_HD58
INFO: [VRFC 10-311] analyzing module blk_mem_gen_0_blk_mem_gen_prim_width__parameterized31
INFO: [VRFC 10-311] analyzing module blk_mem_gen_0_blk_mem_gen_prim_width__parameterized31_HD195
INFO: [VRFC 10-311] analyzing module blk_mem_gen_0_blk_mem_gen_prim_width__parameterized31_HD60
INFO: [VRFC 10-311] analyzing module blk_mem_gen_0_blk_mem_gen_prim_width__parameterized32
INFO: [VRFC 10-311] analyzing module blk_mem_gen_0_blk_mem_gen_prim_width__parameterized32_HD197
INFO: [VRFC 10-311] analyzing module blk_mem_gen_0_blk_mem_gen_prim_width__parameterized32_HD62
INFO: [VRFC 10-311] analyzing module blk_mem_gen_0_blk_mem_gen_prim_width__parameterized33
INFO: [VRFC 10-311] analyzing module blk_mem_gen_0_blk_mem_gen_prim_width__parameterized33_HD199
INFO: [VRFC 10-311] analyzing module blk_mem_gen_0_blk_mem_gen_prim_width__parameterized33_HD64
INFO: [VRFC 10-311] analyzing module blk_mem_gen_0_blk_mem_gen_prim_width__parameterized34
INFO: [VRFC 10-311] analyzing module blk_mem_gen_0_blk_mem_gen_prim_width__parameterized34_HD201
INFO: [VRFC 10-311] analyzing module blk_mem_gen_0_blk_mem_gen_prim_width__parameterized34_HD66
INFO: [VRFC 10-311] analyzing module blk_mem_gen_0_blk_mem_gen_prim_width__parameterized35
INFO: [VRFC 10-311] analyzing module blk_mem_gen_0_blk_mem_gen_prim_width__parameterized35_HD203
INFO: [VRFC 10-311] analyzing module blk_mem_gen_0_blk_mem_gen_prim_width__parameterized35_HD68
INFO: [VRFC 10-311] analyzing module blk_mem_gen_0_blk_mem_gen_prim_width__parameterized36
INFO: [VRFC 10-311] analyzing module blk_mem_gen_0_blk_mem_gen_prim_width__parameterized36_HD205
INFO: [VRFC 10-311] analyzing module blk_mem_gen_0_blk_mem_gen_prim_width__parameterized36_HD70
INFO: [VRFC 10-311] analyzing module blk_mem_gen_0_blk_mem_gen_prim_width__parameterized37
INFO: [VRFC 10-311] analyzing module blk_mem_gen_0_blk_mem_gen_prim_width__parameterized37_HD207
INFO: [VRFC 10-311] analyzing module blk_mem_gen_0_blk_mem_gen_prim_width__parameterized37_HD72
INFO: [VRFC 10-311] analyzing module blk_mem_gen_0_blk_mem_gen_prim_width__parameterized38
INFO: [VRFC 10-311] analyzing module blk_mem_gen_0_blk_mem_gen_prim_width__parameterized38_HD209
INFO: [VRFC 10-311] analyzing module blk_mem_gen_0_blk_mem_gen_prim_width__parameterized38_HD74
INFO: [VRFC 10-311] analyzing module blk_mem_gen_0_blk_mem_gen_prim_width__parameterized39
INFO: [VRFC 10-311] analyzing module blk_mem_gen_0_blk_mem_gen_prim_width__parameterized39_HD213
INFO: [VRFC 10-311] analyzing module blk_mem_gen_0_blk_mem_gen_prim_width__parameterized39_HD78
INFO: [VRFC 10-311] analyzing module blk_mem_gen_0_blk_mem_gen_prim_width__parameterized3_HD233
INFO: [VRFC 10-311] analyzing module blk_mem_gen_0_blk_mem_gen_prim_width__parameterized3_HD98
INFO: [VRFC 10-311] analyzing module blk_mem_gen_0_blk_mem_gen_prim_width__parameterized4
INFO: [VRFC 10-311] analyzing module blk_mem_gen_0_blk_mem_gen_prim_width__parameterized40
INFO: [VRFC 10-311] analyzing module blk_mem_gen_0_blk_mem_gen_prim_width__parameterized40_HD215
INFO: [VRFC 10-311] analyzing module blk_mem_gen_0_blk_mem_gen_prim_width__parameterized40_HD80
INFO: [VRFC 10-311] analyzing module blk_mem_gen_0_blk_mem_gen_prim_width__parameterized41
INFO: [VRFC 10-311] analyzing module blk_mem_gen_0_blk_mem_gen_prim_width__parameterized41_HD217
INFO: [VRFC 10-311] analyzing module blk_mem_gen_0_blk_mem_gen_prim_width__parameterized41_HD82
INFO: [VRFC 10-311] analyzing module blk_mem_gen_0_blk_mem_gen_prim_width__parameterized42
INFO: [VRFC 10-311] analyzing module blk_mem_gen_0_blk_mem_gen_prim_width__parameterized42_HD219
INFO: [VRFC 10-311] analyzing module blk_mem_gen_0_blk_mem_gen_prim_width__parameterized42_HD84
INFO: [VRFC 10-311] analyzing module blk_mem_gen_0_blk_mem_gen_prim_width__parameterized43
INFO: [VRFC 10-311] analyzing module blk_mem_gen_0_blk_mem_gen_prim_width__parameterized43_HD221
INFO: [VRFC 10-311] analyzing module blk_mem_gen_0_blk_mem_gen_prim_width__parameterized43_HD86
INFO: [VRFC 10-311] analyzing module blk_mem_gen_0_blk_mem_gen_prim_width__parameterized44
INFO: [VRFC 10-311] analyzing module blk_mem_gen_0_blk_mem_gen_prim_width__parameterized44_HD223
INFO: [VRFC 10-311] analyzing module blk_mem_gen_0_blk_mem_gen_prim_width__parameterized44_HD88
INFO: [VRFC 10-311] analyzing module blk_mem_gen_0_blk_mem_gen_prim_width__parameterized45
INFO: [VRFC 10-311] analyzing module blk_mem_gen_0_blk_mem_gen_prim_width__parameterized45_HD225
INFO: [VRFC 10-311] analyzing module blk_mem_gen_0_blk_mem_gen_prim_width__parameterized45_HD90
INFO: [VRFC 10-311] analyzing module blk_mem_gen_0_blk_mem_gen_prim_width__parameterized46
INFO: [VRFC 10-311] analyzing module blk_mem_gen_0_blk_mem_gen_prim_width__parameterized46_HD227
INFO: [VRFC 10-311] analyzing module blk_mem_gen_0_blk_mem_gen_prim_width__parameterized46_HD92
INFO: [VRFC 10-311] analyzing module blk_mem_gen_0_blk_mem_gen_prim_width__parameterized47
INFO: [VRFC 10-311] analyzing module blk_mem_gen_0_blk_mem_gen_prim_width__parameterized47_HD229
INFO: [VRFC 10-311] analyzing module blk_mem_gen_0_blk_mem_gen_prim_width__parameterized47_HD94
INFO: [VRFC 10-311] analyzing module blk_mem_gen_0_blk_mem_gen_prim_width__parameterized48
INFO: [VRFC 10-311] analyzing module blk_mem_gen_0_blk_mem_gen_prim_width__parameterized48_HD231
INFO: [VRFC 10-311] analyzing module blk_mem_gen_0_blk_mem_gen_prim_width__parameterized48_HD96
INFO: [VRFC 10-311] analyzing module blk_mem_gen_0_blk_mem_gen_prim_width__parameterized49
INFO: [VRFC 10-311] analyzing module blk_mem_gen_0_blk_mem_gen_prim_width__parameterized49_HD100
INFO: [VRFC 10-311] analyzing module blk_mem_gen_0_blk_mem_gen_prim_width__parameterized49_HD235
INFO: [VRFC 10-311] analyzing module blk_mem_gen_0_blk_mem_gen_prim_width__parameterized4_HD120
INFO: [VRFC 10-311] analyzing module blk_mem_gen_0_blk_mem_gen_prim_width__parameterized4_HD255
INFO: [VRFC 10-311] analyzing module blk_mem_gen_0_blk_mem_gen_prim_width__parameterized5
INFO: [VRFC 10-311] analyzing module blk_mem_gen_0_blk_mem_gen_prim_width__parameterized50
INFO: [VRFC 10-311] analyzing module blk_mem_gen_0_blk_mem_gen_prim_width__parameterized50_HD102
INFO: [VRFC 10-311] analyzing module blk_mem_gen_0_blk_mem_gen_prim_width__parameterized50_HD237
INFO: [VRFC 10-311] analyzing module blk_mem_gen_0_blk_mem_gen_prim_width__parameterized51
INFO: [VRFC 10-311] analyzing module blk_mem_gen_0_blk_mem_gen_prim_width__parameterized51_HD104
INFO: [VRFC 10-311] analyzing module blk_mem_gen_0_blk_mem_gen_prim_width__parameterized51_HD239
INFO: [VRFC 10-311] analyzing module blk_mem_gen_0_blk_mem_gen_prim_width__parameterized52
INFO: [VRFC 10-311] analyzing module blk_mem_gen_0_blk_mem_gen_prim_width__parameterized52_HD106
INFO: [VRFC 10-311] analyzing module blk_mem_gen_0_blk_mem_gen_prim_width__parameterized52_HD241
INFO: [VRFC 10-311] analyzing module blk_mem_gen_0_blk_mem_gen_prim_width__parameterized53
INFO: [VRFC 10-311] analyzing module blk_mem_gen_0_blk_mem_gen_prim_width__parameterized53_HD108
INFO: [VRFC 10-311] analyzing module blk_mem_gen_0_blk_mem_gen_prim_width__parameterized53_HD243
INFO: [VRFC 10-311] analyzing module blk_mem_gen_0_blk_mem_gen_prim_width__parameterized54
INFO: [VRFC 10-311] analyzing module blk_mem_gen_0_blk_mem_gen_prim_width__parameterized54_HD110
INFO: [VRFC 10-311] analyzing module blk_mem_gen_0_blk_mem_gen_prim_width__parameterized54_HD245
INFO: [VRFC 10-311] analyzing module blk_mem_gen_0_blk_mem_gen_prim_width__parameterized55
INFO: [VRFC 10-311] analyzing module blk_mem_gen_0_blk_mem_gen_prim_width__parameterized55_HD112
INFO: [VRFC 10-311] analyzing module blk_mem_gen_0_blk_mem_gen_prim_width__parameterized55_HD247
INFO: [VRFC 10-311] analyzing module blk_mem_gen_0_blk_mem_gen_prim_width__parameterized56
INFO: [VRFC 10-311] analyzing module blk_mem_gen_0_blk_mem_gen_prim_width__parameterized56_HD114
INFO: [VRFC 10-311] analyzing module blk_mem_gen_0_blk_mem_gen_prim_width__parameterized56_HD249
INFO: [VRFC 10-311] analyzing module blk_mem_gen_0_blk_mem_gen_prim_width__parameterized57
INFO: [VRFC 10-311] analyzing module blk_mem_gen_0_blk_mem_gen_prim_width__parameterized57_HD116
INFO: [VRFC 10-311] analyzing module blk_mem_gen_0_blk_mem_gen_prim_width__parameterized57_HD251
INFO: [VRFC 10-311] analyzing module blk_mem_gen_0_blk_mem_gen_prim_width__parameterized58
INFO: [VRFC 10-311] analyzing module blk_mem_gen_0_blk_mem_gen_prim_width__parameterized58_HD118
INFO: [VRFC 10-311] analyzing module blk_mem_gen_0_blk_mem_gen_prim_width__parameterized58_HD253
INFO: [VRFC 10-311] analyzing module blk_mem_gen_0_blk_mem_gen_prim_width__parameterized59
INFO: [VRFC 10-311] analyzing module blk_mem_gen_0_blk_mem_gen_prim_width__parameterized59_HD122
INFO: [VRFC 10-311] analyzing module blk_mem_gen_0_blk_mem_gen_prim_width__parameterized59_HD257
INFO: [VRFC 10-311] analyzing module blk_mem_gen_0_blk_mem_gen_prim_width__parameterized5_HD130
INFO: [VRFC 10-311] analyzing module blk_mem_gen_0_blk_mem_gen_prim_width__parameterized5_HD265
INFO: [VRFC 10-311] analyzing module blk_mem_gen_0_blk_mem_gen_prim_width__parameterized6
INFO: [VRFC 10-311] analyzing module blk_mem_gen_0_blk_mem_gen_prim_width__parameterized60
INFO: [VRFC 10-311] analyzing module blk_mem_gen_0_blk_mem_gen_prim_width__parameterized60_HD124
INFO: [VRFC 10-311] analyzing module blk_mem_gen_0_blk_mem_gen_prim_width__parameterized60_HD259
INFO: [VRFC 10-311] analyzing module blk_mem_gen_0_blk_mem_gen_prim_width__parameterized61
INFO: [VRFC 10-311] analyzing module blk_mem_gen_0_blk_mem_gen_prim_width__parameterized61_HD126
INFO: [VRFC 10-311] analyzing module blk_mem_gen_0_blk_mem_gen_prim_width__parameterized61_HD261
INFO: [VRFC 10-311] analyzing module blk_mem_gen_0_blk_mem_gen_prim_width__parameterized62
INFO: [VRFC 10-311] analyzing module blk_mem_gen_0_blk_mem_gen_prim_width__parameterized62_HD128
INFO: [VRFC 10-311] analyzing module blk_mem_gen_0_blk_mem_gen_prim_width__parameterized62_HD263
INFO: [VRFC 10-311] analyzing module blk_mem_gen_0_blk_mem_gen_prim_width__parameterized6_HD132
INFO: [VRFC 10-311] analyzing module blk_mem_gen_0_blk_mem_gen_prim_width__parameterized6_HD267
INFO: [VRFC 10-311] analyzing module blk_mem_gen_0_blk_mem_gen_prim_width__parameterized7
INFO: [VRFC 10-311] analyzing module blk_mem_gen_0_blk_mem_gen_prim_width__parameterized7_HD134
INFO: [VRFC 10-311] analyzing module blk_mem_gen_0_blk_mem_gen_prim_width__parameterized7_HD269
INFO: [VRFC 10-311] analyzing module blk_mem_gen_0_blk_mem_gen_prim_width__parameterized8
INFO: [VRFC 10-311] analyzing module blk_mem_gen_0_blk_mem_gen_prim_width__parameterized8_HD136
INFO: [VRFC 10-311] analyzing module blk_mem_gen_0_blk_mem_gen_prim_width__parameterized8_HD271
INFO: [VRFC 10-311] analyzing module blk_mem_gen_0_blk_mem_gen_prim_width__parameterized9
INFO: [VRFC 10-311] analyzing module blk_mem_gen_0_blk_mem_gen_prim_width__parameterized9_HD12
INFO: [VRFC 10-311] analyzing module blk_mem_gen_0_blk_mem_gen_prim_width__parameterized9_HD147
INFO: [VRFC 10-311] analyzing module blk_mem_gen_0_blk_mem_gen_prim_wrapper
INFO: [VRFC 10-311] analyzing module blk_mem_gen_0_blk_mem_gen_prim_wrapper_HD11
INFO: [VRFC 10-311] analyzing module blk_mem_gen_0_blk_mem_gen_prim_wrapper_HD146
INFO: [VRFC 10-311] analyzing module blk_mem_gen_0_blk_mem_gen_prim_wrapper__parameterized0
INFO: [VRFC 10-311] analyzing module blk_mem_gen_0_blk_mem_gen_prim_wrapper__parameterized0_HD168
INFO: [VRFC 10-311] analyzing module blk_mem_gen_0_blk_mem_gen_prim_wrapper__parameterized0_HD33
INFO: [VRFC 10-311] analyzing module blk_mem_gen_0_blk_mem_gen_prim_wrapper__parameterized1
INFO: [VRFC 10-311] analyzing module blk_mem_gen_0_blk_mem_gen_prim_wrapper__parameterized10
INFO: [VRFC 10-311] analyzing module blk_mem_gen_0_blk_mem_gen_prim_wrapper__parameterized10_HD15
INFO: [VRFC 10-311] analyzing module blk_mem_gen_0_blk_mem_gen_prim_wrapper__parameterized10_HD150
INFO: [VRFC 10-311] analyzing module blk_mem_gen_0_blk_mem_gen_prim_wrapper__parameterized11
INFO: [VRFC 10-311] analyzing module blk_mem_gen_0_blk_mem_gen_prim_wrapper__parameterized11_HD152
INFO: [VRFC 10-311] analyzing module blk_mem_gen_0_blk_mem_gen_prim_wrapper__parameterized11_HD17
INFO: [VRFC 10-311] analyzing module blk_mem_gen_0_blk_mem_gen_prim_wrapper__parameterized12
INFO: [VRFC 10-311] analyzing module blk_mem_gen_0_blk_mem_gen_prim_wrapper__parameterized12_HD154
INFO: [VRFC 10-311] analyzing module blk_mem_gen_0_blk_mem_gen_prim_wrapper__parameterized12_HD19
INFO: [VRFC 10-311] analyzing module blk_mem_gen_0_blk_mem_gen_prim_wrapper__parameterized13
INFO: [VRFC 10-311] analyzing module blk_mem_gen_0_blk_mem_gen_prim_wrapper__parameterized13_HD156
INFO: [VRFC 10-311] analyzing module blk_mem_gen_0_blk_mem_gen_prim_wrapper__parameterized13_HD21
INFO: [VRFC 10-311] analyzing module blk_mem_gen_0_blk_mem_gen_prim_wrapper__parameterized14
INFO: [VRFC 10-311] analyzing module blk_mem_gen_0_blk_mem_gen_prim_wrapper__parameterized14_HD158
INFO: [VRFC 10-311] analyzing module blk_mem_gen_0_blk_mem_gen_prim_wrapper__parameterized14_HD23
INFO: [VRFC 10-311] analyzing module blk_mem_gen_0_blk_mem_gen_prim_wrapper__parameterized15
INFO: [VRFC 10-311] analyzing module blk_mem_gen_0_blk_mem_gen_prim_wrapper__parameterized15_HD160
INFO: [VRFC 10-311] analyzing module blk_mem_gen_0_blk_mem_gen_prim_wrapper__parameterized15_HD25
INFO: [VRFC 10-311] analyzing module blk_mem_gen_0_blk_mem_gen_prim_wrapper__parameterized16
INFO: [VRFC 10-311] analyzing module blk_mem_gen_0_blk_mem_gen_prim_wrapper__parameterized16_HD162
INFO: [VRFC 10-311] analyzing module blk_mem_gen_0_blk_mem_gen_prim_wrapper__parameterized16_HD27
INFO: [VRFC 10-311] analyzing module blk_mem_gen_0_blk_mem_gen_prim_wrapper__parameterized17
INFO: [VRFC 10-311] analyzing module blk_mem_gen_0_blk_mem_gen_prim_wrapper__parameterized17_HD164
INFO: [VRFC 10-311] analyzing module blk_mem_gen_0_blk_mem_gen_prim_wrapper__parameterized17_HD29
INFO: [VRFC 10-311] analyzing module blk_mem_gen_0_blk_mem_gen_prim_wrapper__parameterized18
INFO: [VRFC 10-311] analyzing module blk_mem_gen_0_blk_mem_gen_prim_wrapper__parameterized18_HD166
INFO: [VRFC 10-311] analyzing module blk_mem_gen_0_blk_mem_gen_prim_wrapper__parameterized18_HD31
INFO: [VRFC 10-311] analyzing module blk_mem_gen_0_blk_mem_gen_prim_wrapper__parameterized19
INFO: [VRFC 10-311] analyzing module blk_mem_gen_0_blk_mem_gen_prim_wrapper__parameterized19_HD170
INFO: [VRFC 10-311] analyzing module blk_mem_gen_0_blk_mem_gen_prim_wrapper__parameterized19_HD35
INFO: [VRFC 10-311] analyzing module blk_mem_gen_0_blk_mem_gen_prim_wrapper__parameterized1_HD190
INFO: [VRFC 10-311] analyzing module blk_mem_gen_0_blk_mem_gen_prim_wrapper__parameterized1_HD55
INFO: [VRFC 10-311] analyzing module blk_mem_gen_0_blk_mem_gen_prim_wrapper__parameterized2
INFO: [VRFC 10-311] analyzing module blk_mem_gen_0_blk_mem_gen_prim_wrapper__parameterized20
INFO: [VRFC 10-311] analyzing module blk_mem_gen_0_blk_mem_gen_prim_wrapper__parameterized20_HD172
INFO: [VRFC 10-311] analyzing module blk_mem_gen_0_blk_mem_gen_prim_wrapper__parameterized20_HD37
INFO: [VRFC 10-311] analyzing module blk_mem_gen_0_blk_mem_gen_prim_wrapper__parameterized21
INFO: [VRFC 10-311] analyzing module blk_mem_gen_0_blk_mem_gen_prim_wrapper__parameterized21_HD174
INFO: [VRFC 10-311] analyzing module blk_mem_gen_0_blk_mem_gen_prim_wrapper__parameterized21_HD39
INFO: [VRFC 10-311] analyzing module blk_mem_gen_0_blk_mem_gen_prim_wrapper__parameterized22
INFO: [VRFC 10-311] analyzing module blk_mem_gen_0_blk_mem_gen_prim_wrapper__parameterized22_HD176
INFO: [VRFC 10-311] analyzing module blk_mem_gen_0_blk_mem_gen_prim_wrapper__parameterized22_HD41
INFO: [VRFC 10-311] analyzing module blk_mem_gen_0_blk_mem_gen_prim_wrapper__parameterized23
INFO: [VRFC 10-311] analyzing module blk_mem_gen_0_blk_mem_gen_prim_wrapper__parameterized23_HD178
INFO: [VRFC 10-311] analyzing module blk_mem_gen_0_blk_mem_gen_prim_wrapper__parameterized23_HD43
INFO: [VRFC 10-311] analyzing module blk_mem_gen_0_blk_mem_gen_prim_wrapper__parameterized24
INFO: [VRFC 10-311] analyzing module blk_mem_gen_0_blk_mem_gen_prim_wrapper__parameterized24_HD180
INFO: [VRFC 10-311] analyzing module blk_mem_gen_0_blk_mem_gen_prim_wrapper__parameterized24_HD45
INFO: [VRFC 10-311] analyzing module blk_mem_gen_0_blk_mem_gen_prim_wrapper__parameterized25
INFO: [VRFC 10-311] analyzing module blk_mem_gen_0_blk_mem_gen_prim_wrapper__parameterized25_HD182
INFO: [VRFC 10-311] analyzing module blk_mem_gen_0_blk_mem_gen_prim_wrapper__parameterized25_HD47
INFO: [VRFC 10-311] analyzing module blk_mem_gen_0_blk_mem_gen_prim_wrapper__parameterized26
INFO: [VRFC 10-311] analyzing module blk_mem_gen_0_blk_mem_gen_prim_wrapper__parameterized26_HD184
INFO: [VRFC 10-311] analyzing module blk_mem_gen_0_blk_mem_gen_prim_wrapper__parameterized26_HD49
INFO: [VRFC 10-311] analyzing module blk_mem_gen_0_blk_mem_gen_prim_wrapper__parameterized27
INFO: [VRFC 10-311] analyzing module blk_mem_gen_0_blk_mem_gen_prim_wrapper__parameterized27_HD186
INFO: [VRFC 10-311] analyzing module blk_mem_gen_0_blk_mem_gen_prim_wrapper__parameterized27_HD51
INFO: [VRFC 10-311] analyzing module blk_mem_gen_0_blk_mem_gen_prim_wrapper__parameterized28
INFO: [VRFC 10-311] analyzing module blk_mem_gen_0_blk_mem_gen_prim_wrapper__parameterized28_HD188
INFO: [VRFC 10-311] analyzing module blk_mem_gen_0_blk_mem_gen_prim_wrapper__parameterized28_HD53
INFO: [VRFC 10-311] analyzing module blk_mem_gen_0_blk_mem_gen_prim_wrapper__parameterized29
INFO: [VRFC 10-311] analyzing module blk_mem_gen_0_blk_mem_gen_prim_wrapper__parameterized29_HD192
INFO: [VRFC 10-311] analyzing module blk_mem_gen_0_blk_mem_gen_prim_wrapper__parameterized29_HD57
INFO: [VRFC 10-311] analyzing module blk_mem_gen_0_blk_mem_gen_prim_wrapper__parameterized2_HD212
INFO: [VRFC 10-311] analyzing module blk_mem_gen_0_blk_mem_gen_prim_wrapper__parameterized2_HD77
INFO: [VRFC 10-311] analyzing module blk_mem_gen_0_blk_mem_gen_prim_wrapper__parameterized3
INFO: [VRFC 10-311] analyzing module blk_mem_gen_0_blk_mem_gen_prim_wrapper__parameterized30
INFO: [VRFC 10-311] analyzing module blk_mem_gen_0_blk_mem_gen_prim_wrapper__parameterized30_HD194
INFO: [VRFC 10-311] analyzing module blk_mem_gen_0_blk_mem_gen_prim_wrapper__parameterized30_HD59
INFO: [VRFC 10-311] analyzing module blk_mem_gen_0_blk_mem_gen_prim_wrapper__parameterized31
INFO: [VRFC 10-311] analyzing module blk_mem_gen_0_blk_mem_gen_prim_wrapper__parameterized31_HD196
INFO: [VRFC 10-311] analyzing module blk_mem_gen_0_blk_mem_gen_prim_wrapper__parameterized31_HD61
INFO: [VRFC 10-311] analyzing module blk_mem_gen_0_blk_mem_gen_prim_wrapper__parameterized32
INFO: [VRFC 10-311] analyzing module blk_mem_gen_0_blk_mem_gen_prim_wrapper__parameterized32_HD198
INFO: [VRFC 10-311] analyzing module blk_mem_gen_0_blk_mem_gen_prim_wrapper__parameterized32_HD63
INFO: [VRFC 10-311] analyzing module blk_mem_gen_0_blk_mem_gen_prim_wrapper__parameterized33
INFO: [VRFC 10-311] analyzing module blk_mem_gen_0_blk_mem_gen_prim_wrapper__parameterized33_HD200
INFO: [VRFC 10-311] analyzing module blk_mem_gen_0_blk_mem_gen_prim_wrapper__parameterized33_HD65
INFO: [VRFC 10-311] analyzing module blk_mem_gen_0_blk_mem_gen_prim_wrapper__parameterized34
INFO: [VRFC 10-311] analyzing module blk_mem_gen_0_blk_mem_gen_prim_wrapper__parameterized34_HD202
INFO: [VRFC 10-311] analyzing module blk_mem_gen_0_blk_mem_gen_prim_wrapper__parameterized34_HD67
INFO: [VRFC 10-311] analyzing module blk_mem_gen_0_blk_mem_gen_prim_wrapper__parameterized35
INFO: [VRFC 10-311] analyzing module blk_mem_gen_0_blk_mem_gen_prim_wrapper__parameterized35_HD204
INFO: [VRFC 10-311] analyzing module blk_mem_gen_0_blk_mem_gen_prim_wrapper__parameterized35_HD69
INFO: [VRFC 10-311] analyzing module blk_mem_gen_0_blk_mem_gen_prim_wrapper__parameterized36
INFO: [VRFC 10-311] analyzing module blk_mem_gen_0_blk_mem_gen_prim_wrapper__parameterized36_HD206
INFO: [VRFC 10-311] analyzing module blk_mem_gen_0_blk_mem_gen_prim_wrapper__parameterized36_HD71
INFO: [VRFC 10-311] analyzing module blk_mem_gen_0_blk_mem_gen_prim_wrapper__parameterized37
INFO: [VRFC 10-311] analyzing module blk_mem_gen_0_blk_mem_gen_prim_wrapper__parameterized37_HD208
INFO: [VRFC 10-311] analyzing module blk_mem_gen_0_blk_mem_gen_prim_wrapper__parameterized37_HD73
INFO: [VRFC 10-311] analyzing module blk_mem_gen_0_blk_mem_gen_prim_wrapper__parameterized38
INFO: [VRFC 10-311] analyzing module blk_mem_gen_0_blk_mem_gen_prim_wrapper__parameterized38_HD210
INFO: [VRFC 10-311] analyzing module blk_mem_gen_0_blk_mem_gen_prim_wrapper__parameterized38_HD75
INFO: [VRFC 10-311] analyzing module blk_mem_gen_0_blk_mem_gen_prim_wrapper__parameterized39
INFO: [VRFC 10-311] analyzing module blk_mem_gen_0_blk_mem_gen_prim_wrapper__parameterized39_HD214
INFO: [VRFC 10-311] analyzing module blk_mem_gen_0_blk_mem_gen_prim_wrapper__parameterized39_HD79
INFO: [VRFC 10-311] analyzing module blk_mem_gen_0_blk_mem_gen_prim_wrapper__parameterized3_HD234
INFO: [VRFC 10-311] analyzing module blk_mem_gen_0_blk_mem_gen_prim_wrapper__parameterized3_HD99
INFO: [VRFC 10-311] analyzing module blk_mem_gen_0_blk_mem_gen_prim_wrapper__parameterized4
INFO: [VRFC 10-311] analyzing module blk_mem_gen_0_blk_mem_gen_prim_wrapper__parameterized40
INFO: [VRFC 10-311] analyzing module blk_mem_gen_0_blk_mem_gen_prim_wrapper__parameterized40_HD216
INFO: [VRFC 10-311] analyzing module blk_mem_gen_0_blk_mem_gen_prim_wrapper__parameterized40_HD81
INFO: [VRFC 10-311] analyzing module blk_mem_gen_0_blk_mem_gen_prim_wrapper__parameterized41
INFO: [VRFC 10-311] analyzing module blk_mem_gen_0_blk_mem_gen_prim_wrapper__parameterized41_HD218
INFO: [VRFC 10-311] analyzing module blk_mem_gen_0_blk_mem_gen_prim_wrapper__parameterized41_HD83
INFO: [VRFC 10-311] analyzing module blk_mem_gen_0_blk_mem_gen_prim_wrapper__parameterized42
INFO: [VRFC 10-311] analyzing module blk_mem_gen_0_blk_mem_gen_prim_wrapper__parameterized42_HD220
INFO: [VRFC 10-311] analyzing module blk_mem_gen_0_blk_mem_gen_prim_wrapper__parameterized42_HD85
INFO: [VRFC 10-311] analyzing module blk_mem_gen_0_blk_mem_gen_prim_wrapper__parameterized43
INFO: [VRFC 10-311] analyzing module blk_mem_gen_0_blk_mem_gen_prim_wrapper__parameterized43_HD222
INFO: [VRFC 10-311] analyzing module blk_mem_gen_0_blk_mem_gen_prim_wrapper__parameterized43_HD87
INFO: [VRFC 10-311] analyzing module blk_mem_gen_0_blk_mem_gen_prim_wrapper__parameterized44
INFO: [VRFC 10-311] analyzing module blk_mem_gen_0_blk_mem_gen_prim_wrapper__parameterized44_HD224
INFO: [VRFC 10-311] analyzing module blk_mem_gen_0_blk_mem_gen_prim_wrapper__parameterized44_HD89
INFO: [VRFC 10-311] analyzing module blk_mem_gen_0_blk_mem_gen_prim_wrapper__parameterized45
INFO: [VRFC 10-311] analyzing module blk_mem_gen_0_blk_mem_gen_prim_wrapper__parameterized45_HD226
INFO: [VRFC 10-311] analyzing module blk_mem_gen_0_blk_mem_gen_prim_wrapper__parameterized45_HD91
INFO: [VRFC 10-311] analyzing module blk_mem_gen_0_blk_mem_gen_prim_wrapper__parameterized46
INFO: [VRFC 10-311] analyzing module blk_mem_gen_0_blk_mem_gen_prim_wrapper__parameterized46_HD228
INFO: [VRFC 10-311] analyzing module blk_mem_gen_0_blk_mem_gen_prim_wrapper__parameterized46_HD93
INFO: [VRFC 10-311] analyzing module blk_mem_gen_0_blk_mem_gen_prim_wrapper__parameterized47
INFO: [VRFC 10-311] analyzing module blk_mem_gen_0_blk_mem_gen_prim_wrapper__parameterized47_HD230
INFO: [VRFC 10-311] analyzing module blk_mem_gen_0_blk_mem_gen_prim_wrapper__parameterized47_HD95
INFO: [VRFC 10-311] analyzing module blk_mem_gen_0_blk_mem_gen_prim_wrapper__parameterized48
INFO: [VRFC 10-311] analyzing module blk_mem_gen_0_blk_mem_gen_prim_wrapper__parameterized48_HD232
INFO: [VRFC 10-311] analyzing module blk_mem_gen_0_blk_mem_gen_prim_wrapper__parameterized48_HD97
INFO: [VRFC 10-311] analyzing module blk_mem_gen_0_blk_mem_gen_prim_wrapper__parameterized49
INFO: [VRFC 10-311] analyzing module blk_mem_gen_0_blk_mem_gen_prim_wrapper__parameterized49_HD101
INFO: [VRFC 10-311] analyzing module blk_mem_gen_0_blk_mem_gen_prim_wrapper__parameterized49_HD236
INFO: [VRFC 10-311] analyzing module blk_mem_gen_0_blk_mem_gen_prim_wrapper__parameterized4_HD121
INFO: [VRFC 10-311] analyzing module blk_mem_gen_0_blk_mem_gen_prim_wrapper__parameterized4_HD256
INFO: [VRFC 10-311] analyzing module blk_mem_gen_0_blk_mem_gen_prim_wrapper__parameterized5
INFO: [VRFC 10-311] analyzing module blk_mem_gen_0_blk_mem_gen_prim_wrapper__parameterized50
INFO: [VRFC 10-311] analyzing module blk_mem_gen_0_blk_mem_gen_prim_wrapper__parameterized50_HD103
INFO: [VRFC 10-311] analyzing module blk_mem_gen_0_blk_mem_gen_prim_wrapper__parameterized50_HD238
INFO: [VRFC 10-311] analyzing module blk_mem_gen_0_blk_mem_gen_prim_wrapper__parameterized51
INFO: [VRFC 10-311] analyzing module blk_mem_gen_0_blk_mem_gen_prim_wrapper__parameterized51_HD105
INFO: [VRFC 10-311] analyzing module blk_mem_gen_0_blk_mem_gen_prim_wrapper__parameterized51_HD240
INFO: [VRFC 10-311] analyzing module blk_mem_gen_0_blk_mem_gen_prim_wrapper__parameterized52
INFO: [VRFC 10-311] analyzing module blk_mem_gen_0_blk_mem_gen_prim_wrapper__parameterized52_HD107
INFO: [VRFC 10-311] analyzing module blk_mem_gen_0_blk_mem_gen_prim_wrapper__parameterized52_HD242
INFO: [VRFC 10-311] analyzing module blk_mem_gen_0_blk_mem_gen_prim_wrapper__parameterized53
INFO: [VRFC 10-311] analyzing module blk_mem_gen_0_blk_mem_gen_prim_wrapper__parameterized53_HD109
INFO: [VRFC 10-311] analyzing module blk_mem_gen_0_blk_mem_gen_prim_wrapper__parameterized53_HD244
INFO: [VRFC 10-311] analyzing module blk_mem_gen_0_blk_mem_gen_prim_wrapper__parameterized54
INFO: [VRFC 10-311] analyzing module blk_mem_gen_0_blk_mem_gen_prim_wrapper__parameterized54_HD111
INFO: [VRFC 10-311] analyzing module blk_mem_gen_0_blk_mem_gen_prim_wrapper__parameterized54_HD246
INFO: [VRFC 10-311] analyzing module blk_mem_gen_0_blk_mem_gen_prim_wrapper__parameterized55
INFO: [VRFC 10-311] analyzing module blk_mem_gen_0_blk_mem_gen_prim_wrapper__parameterized55_HD113
INFO: [VRFC 10-311] analyzing module blk_mem_gen_0_blk_mem_gen_prim_wrapper__parameterized55_HD248
INFO: [VRFC 10-311] analyzing module blk_mem_gen_0_blk_mem_gen_prim_wrapper__parameterized56
INFO: [VRFC 10-311] analyzing module blk_mem_gen_0_blk_mem_gen_prim_wrapper__parameterized56_HD115
INFO: [VRFC 10-311] analyzing module blk_mem_gen_0_blk_mem_gen_prim_wrapper__parameterized56_HD250
INFO: [VRFC 10-311] analyzing module blk_mem_gen_0_blk_mem_gen_prim_wrapper__parameterized57
INFO: [VRFC 10-311] analyzing module blk_mem_gen_0_blk_mem_gen_prim_wrapper__parameterized57_HD117
INFO: [VRFC 10-311] analyzing module blk_mem_gen_0_blk_mem_gen_prim_wrapper__parameterized57_HD252
INFO: [VRFC 10-311] analyzing module blk_mem_gen_0_blk_mem_gen_prim_wrapper__parameterized58
INFO: [VRFC 10-311] analyzing module blk_mem_gen_0_blk_mem_gen_prim_wrapper__parameterized58_HD119
INFO: [VRFC 10-311] analyzing module blk_mem_gen_0_blk_mem_gen_prim_wrapper__parameterized58_HD254
INFO: [VRFC 10-311] analyzing module blk_mem_gen_0_blk_mem_gen_prim_wrapper__parameterized59
INFO: [VRFC 10-311] analyzing module blk_mem_gen_0_blk_mem_gen_prim_wrapper__parameterized59_HD123
INFO: [VRFC 10-311] analyzing module blk_mem_gen_0_blk_mem_gen_prim_wrapper__parameterized59_HD258
INFO: [VRFC 10-311] analyzing module blk_mem_gen_0_blk_mem_gen_prim_wrapper__parameterized5_HD131
INFO: [VRFC 10-311] analyzing module blk_mem_gen_0_blk_mem_gen_prim_wrapper__parameterized5_HD266
INFO: [VRFC 10-311] analyzing module blk_mem_gen_0_blk_mem_gen_prim_wrapper__parameterized6
INFO: [VRFC 10-311] analyzing module blk_mem_gen_0_blk_mem_gen_prim_wrapper__parameterized60
INFO: [VRFC 10-311] analyzing module blk_mem_gen_0_blk_mem_gen_prim_wrapper__parameterized60_HD125
INFO: [VRFC 10-311] analyzing module blk_mem_gen_0_blk_mem_gen_prim_wrapper__parameterized60_HD260
INFO: [VRFC 10-311] analyzing module blk_mem_gen_0_blk_mem_gen_prim_wrapper__parameterized61
INFO: [VRFC 10-311] analyzing module blk_mem_gen_0_blk_mem_gen_prim_wrapper__parameterized61_HD127
INFO: [VRFC 10-311] analyzing module blk_mem_gen_0_blk_mem_gen_prim_wrapper__parameterized61_HD262
INFO: [VRFC 10-311] analyzing module blk_mem_gen_0_blk_mem_gen_prim_wrapper__parameterized62
INFO: [VRFC 10-311] analyzing module blk_mem_gen_0_blk_mem_gen_prim_wrapper__parameterized62_HD129
INFO: [VRFC 10-311] analyzing module blk_mem_gen_0_blk_mem_gen_prim_wrapper__parameterized62_HD264
INFO: [VRFC 10-311] analyzing module blk_mem_gen_0_blk_mem_gen_prim_wrapper__parameterized6_HD133
INFO: [VRFC 10-311] analyzing module blk_mem_gen_0_blk_mem_gen_prim_wrapper__parameterized6_HD268
INFO: [VRFC 10-311] analyzing module blk_mem_gen_0_blk_mem_gen_prim_wrapper__parameterized7
INFO: [VRFC 10-311] analyzing module blk_mem_gen_0_blk_mem_gen_prim_wrapper__parameterized7_HD135
INFO: [VRFC 10-311] analyzing module blk_mem_gen_0_blk_mem_gen_prim_wrapper__parameterized7_HD270
INFO: [VRFC 10-311] analyzing module blk_mem_gen_0_blk_mem_gen_prim_wrapper__parameterized8
INFO: [VRFC 10-311] analyzing module blk_mem_gen_0_blk_mem_gen_prim_wrapper__parameterized8_HD137
INFO: [VRFC 10-311] analyzing module blk_mem_gen_0_blk_mem_gen_prim_wrapper__parameterized8_HD272
INFO: [VRFC 10-311] analyzing module blk_mem_gen_0_blk_mem_gen_prim_wrapper__parameterized9
INFO: [VRFC 10-311] analyzing module blk_mem_gen_0_blk_mem_gen_prim_wrapper__parameterized9_HD13
INFO: [VRFC 10-311] analyzing module blk_mem_gen_0_blk_mem_gen_prim_wrapper__parameterized9_HD148
INFO: [VRFC 10-311] analyzing module blk_mem_gen_0_blk_mem_gen_top
INFO: [VRFC 10-311] analyzing module blk_mem_gen_0_blk_mem_gen_top_HD141
INFO: [VRFC 10-311] analyzing module blk_mem_gen_0_blk_mem_gen_top_HD6
INFO: [VRFC 10-311] analyzing module blk_mem_gen_0_blk_mem_gen_v8_4_4
INFO: [VRFC 10-311] analyzing module blk_mem_gen_0_blk_mem_gen_v8_4_4_HD139
INFO: [VRFC 10-311] analyzing module blk_mem_gen_0_blk_mem_gen_v8_4_4_HD4
INFO: [VRFC 10-311] analyzing module blk_mem_gen_0_blk_mem_gen_v8_4_4_synth
INFO: [VRFC 10-311] analyzing module blk_mem_gen_0_blk_mem_gen_v8_4_4_synth_HD140
INFO: [VRFC 10-311] analyzing module blk_mem_gen_0_blk_mem_gen_v8_4_4_synth_HD5
INFO: [VRFC 10-311] analyzing module blk_mem_gen_1_blk_mem_gen_generic_cstr
INFO: [VRFC 10-311] analyzing module blk_mem_gen_1_blk_mem_gen_prim_width
INFO: [VRFC 10-311] analyzing module blk_mem_gen_1_blk_mem_gen_prim_wrapper
INFO: [VRFC 10-311] analyzing module blk_mem_gen_1_blk_mem_gen_top
INFO: [VRFC 10-311] analyzing module blk_mem_gen_1_blk_mem_gen_v8_4_4
INFO: [VRFC 10-311] analyzing module blk_mem_gen_1_blk_mem_gen_v8_4_4_synth
INFO: [VRFC 10-311] analyzing module blk_mem_gen_2_blk_mem_gen_generic_cstr
INFO: [VRFC 10-311] analyzing module blk_mem_gen_2_blk_mem_gen_prim_width
INFO: [VRFC 10-311] analyzing module blk_mem_gen_2_blk_mem_gen_prim_wrapper
INFO: [VRFC 10-311] analyzing module blk_mem_gen_2_blk_mem_gen_top
INFO: [VRFC 10-311] analyzing module blk_mem_gen_2_blk_mem_gen_v8_4_4
INFO: [VRFC 10-311] analyzing module blk_mem_gen_2_blk_mem_gen_v8_4_4_synth
INFO: [VRFC 10-311] analyzing module fifo_generator_0_blk_mem_gen_generic_cstr
INFO: [VRFC 10-311] analyzing module fifo_generator_0_blk_mem_gen_mux__parameterized0
INFO: [VRFC 10-311] analyzing module fifo_generator_0_blk_mem_gen_prim_width
INFO: [VRFC 10-311] analyzing module fifo_generator_0_blk_mem_gen_prim_width__parameterized0
INFO: [VRFC 10-311] analyzing module fifo_generator_0_blk_mem_gen_prim_width__parameterized1
INFO: [VRFC 10-311] analyzing module fifo_generator_0_blk_mem_gen_prim_width__parameterized10
INFO: [VRFC 10-311] analyzing module fifo_generator_0_blk_mem_gen_prim_width__parameterized11
INFO: [VRFC 10-311] analyzing module fifo_generator_0_blk_mem_gen_prim_width__parameterized12
INFO: [VRFC 10-311] analyzing module fifo_generator_0_blk_mem_gen_prim_width__parameterized13
INFO: [VRFC 10-311] analyzing module fifo_generator_0_blk_mem_gen_prim_width__parameterized14
INFO: [VRFC 10-311] analyzing module fifo_generator_0_blk_mem_gen_prim_width__parameterized15
INFO: [VRFC 10-311] analyzing module fifo_generator_0_blk_mem_gen_prim_width__parameterized16
INFO: [VRFC 10-311] analyzing module fifo_generator_0_blk_mem_gen_prim_width__parameterized17
INFO: [VRFC 10-311] analyzing module fifo_generator_0_blk_mem_gen_prim_width__parameterized18
INFO: [VRFC 10-311] analyzing module fifo_generator_0_blk_mem_gen_prim_width__parameterized19
INFO: [VRFC 10-311] analyzing module fifo_generator_0_blk_mem_gen_prim_width__parameterized2
INFO: [VRFC 10-311] analyzing module fifo_generator_0_blk_mem_gen_prim_width__parameterized20
INFO: [VRFC 10-311] analyzing module fifo_generator_0_blk_mem_gen_prim_width__parameterized21
INFO: [VRFC 10-311] analyzing module fifo_generator_0_blk_mem_gen_prim_width__parameterized22
INFO: [VRFC 10-311] analyzing module fifo_generator_0_blk_mem_gen_prim_width__parameterized23
INFO: [VRFC 10-311] analyzing module fifo_generator_0_blk_mem_gen_prim_width__parameterized24
INFO: [VRFC 10-311] analyzing module fifo_generator_0_blk_mem_gen_prim_width__parameterized25
INFO: [VRFC 10-311] analyzing module fifo_generator_0_blk_mem_gen_prim_width__parameterized26
INFO: [VRFC 10-311] analyzing module fifo_generator_0_blk_mem_gen_prim_width__parameterized27
INFO: [VRFC 10-311] analyzing module fifo_generator_0_blk_mem_gen_prim_width__parameterized28
INFO: [VRFC 10-311] analyzing module fifo_generator_0_blk_mem_gen_prim_width__parameterized29
INFO: [VRFC 10-311] analyzing module fifo_generator_0_blk_mem_gen_prim_width__parameterized3
INFO: [VRFC 10-311] analyzing module fifo_generator_0_blk_mem_gen_prim_width__parameterized30
INFO: [VRFC 10-311] analyzing module fifo_generator_0_blk_mem_gen_prim_width__parameterized31
INFO: [VRFC 10-311] analyzing module fifo_generator_0_blk_mem_gen_prim_width__parameterized32
INFO: [VRFC 10-311] analyzing module fifo_generator_0_blk_mem_gen_prim_width__parameterized33
INFO: [VRFC 10-311] analyzing module fifo_generator_0_blk_mem_gen_prim_width__parameterized34
INFO: [VRFC 10-311] analyzing module fifo_generator_0_blk_mem_gen_prim_width__parameterized35
INFO: [VRFC 10-311] analyzing module fifo_generator_0_blk_mem_gen_prim_width__parameterized36
INFO: [VRFC 10-311] analyzing module fifo_generator_0_blk_mem_gen_prim_width__parameterized37
INFO: [VRFC 10-311] analyzing module fifo_generator_0_blk_mem_gen_prim_width__parameterized38
INFO: [VRFC 10-311] analyzing module fifo_generator_0_blk_mem_gen_prim_width__parameterized39
INFO: [VRFC 10-311] analyzing module fifo_generator_0_blk_mem_gen_prim_width__parameterized4
INFO: [VRFC 10-311] analyzing module fifo_generator_0_blk_mem_gen_prim_width__parameterized40
INFO: [VRFC 10-311] analyzing module fifo_generator_0_blk_mem_gen_prim_width__parameterized41
INFO: [VRFC 10-311] analyzing module fifo_generator_0_blk_mem_gen_prim_width__parameterized42
INFO: [VRFC 10-311] analyzing module fifo_generator_0_blk_mem_gen_prim_width__parameterized43
INFO: [VRFC 10-311] analyzing module fifo_generator_0_blk_mem_gen_prim_width__parameterized44
INFO: [VRFC 10-311] analyzing module fifo_generator_0_blk_mem_gen_prim_width__parameterized45
INFO: [VRFC 10-311] analyzing module fifo_generator_0_blk_mem_gen_prim_width__parameterized46
INFO: [VRFC 10-311] analyzing module fifo_generator_0_blk_mem_gen_prim_width__parameterized47
INFO: [VRFC 10-311] analyzing module fifo_generator_0_blk_mem_gen_prim_width__parameterized48
INFO: [VRFC 10-311] analyzing module fifo_generator_0_blk_mem_gen_prim_width__parameterized49
INFO: [VRFC 10-311] analyzing module fifo_generator_0_blk_mem_gen_prim_width__parameterized5
INFO: [VRFC 10-311] analyzing module fifo_generator_0_blk_mem_gen_prim_width__parameterized50
INFO: [VRFC 10-311] analyzing module fifo_generator_0_blk_mem_gen_prim_width__parameterized51
INFO: [VRFC 10-311] analyzing module fifo_generator_0_blk_mem_gen_prim_width__parameterized52
INFO: [VRFC 10-311] analyzing module fifo_generator_0_blk_mem_gen_prim_width__parameterized53
INFO: [VRFC 10-311] analyzing module fifo_generator_0_blk_mem_gen_prim_width__parameterized54
INFO: [VRFC 10-311] analyzing module fifo_generator_0_blk_mem_gen_prim_width__parameterized55
INFO: [VRFC 10-311] analyzing module fifo_generator_0_blk_mem_gen_prim_width__parameterized56
INFO: [VRFC 10-311] analyzing module fifo_generator_0_blk_mem_gen_prim_width__parameterized57
INFO: [VRFC 10-311] analyzing module fifo_generator_0_blk_mem_gen_prim_width__parameterized58
INFO: [VRFC 10-311] analyzing module fifo_generator_0_blk_mem_gen_prim_width__parameterized59
INFO: [VRFC 10-311] analyzing module fifo_generator_0_blk_mem_gen_prim_width__parameterized6
INFO: [VRFC 10-311] analyzing module fifo_generator_0_blk_mem_gen_prim_width__parameterized60
INFO: [VRFC 10-311] analyzing module fifo_generator_0_blk_mem_gen_prim_width__parameterized61
INFO: [VRFC 10-311] analyzing module fifo_generator_0_blk_mem_gen_prim_width__parameterized62
INFO: [VRFC 10-311] analyzing module fifo_generator_0_blk_mem_gen_prim_width__parameterized7
INFO: [VRFC 10-311] analyzing module fifo_generator_0_blk_mem_gen_prim_width__parameterized8
INFO: [VRFC 10-311] analyzing module fifo_generator_0_blk_mem_gen_prim_width__parameterized9
INFO: [VRFC 10-311] analyzing module fifo_generator_0_blk_mem_gen_prim_wrapper
INFO: [VRFC 10-311] analyzing module fifo_generator_0_blk_mem_gen_prim_wrapper__parameterized0
INFO: [VRFC 10-311] analyzing module fifo_generator_0_blk_mem_gen_prim_wrapper__parameterized1
INFO: [VRFC 10-311] analyzing module fifo_generator_0_blk_mem_gen_prim_wrapper__parameterized10
INFO: [VRFC 10-311] analyzing module fifo_generator_0_blk_mem_gen_prim_wrapper__parameterized11
INFO: [VRFC 10-311] analyzing module fifo_generator_0_blk_mem_gen_prim_wrapper__parameterized12
INFO: [VRFC 10-311] analyzing module fifo_generator_0_blk_mem_gen_prim_wrapper__parameterized13
INFO: [VRFC 10-311] analyzing module fifo_generator_0_blk_mem_gen_prim_wrapper__parameterized14
INFO: [VRFC 10-311] analyzing module fifo_generator_0_blk_mem_gen_prim_wrapper__parameterized15
INFO: [VRFC 10-311] analyzing module fifo_generator_0_blk_mem_gen_prim_wrapper__parameterized16
INFO: [VRFC 10-311] analyzing module fifo_generator_0_blk_mem_gen_prim_wrapper__parameterized17
INFO: [VRFC 10-311] analyzing module fifo_generator_0_blk_mem_gen_prim_wrapper__parameterized18
INFO: [VRFC 10-311] analyzing module fifo_generator_0_blk_mem_gen_prim_wrapper__parameterized19
INFO: [VRFC 10-311] analyzing module fifo_generator_0_blk_mem_gen_prim_wrapper__parameterized2
INFO: [VRFC 10-311] analyzing module fifo_generator_0_blk_mem_gen_prim_wrapper__parameterized20
INFO: [VRFC 10-311] analyzing module fifo_generator_0_blk_mem_gen_prim_wrapper__parameterized21
INFO: [VRFC 10-311] analyzing module fifo_generator_0_blk_mem_gen_prim_wrapper__parameterized22
INFO: [VRFC 10-311] analyzing module fifo_generator_0_blk_mem_gen_prim_wrapper__parameterized23
INFO: [VRFC 10-311] analyzing module fifo_generator_0_blk_mem_gen_prim_wrapper__parameterized24
INFO: [VRFC 10-311] analyzing module fifo_generator_0_blk_mem_gen_prim_wrapper__parameterized25
INFO: [VRFC 10-311] analyzing module fifo_generator_0_blk_mem_gen_prim_wrapper__parameterized26
INFO: [VRFC 10-311] analyzing module fifo_generator_0_blk_mem_gen_prim_wrapper__parameterized27
INFO: [VRFC 10-311] analyzing module fifo_generator_0_blk_mem_gen_prim_wrapper__parameterized28
INFO: [VRFC 10-311] analyzing module fifo_generator_0_blk_mem_gen_prim_wrapper__parameterized29
INFO: [VRFC 10-311] analyzing module fifo_generator_0_blk_mem_gen_prim_wrapper__parameterized3
INFO: [VRFC 10-311] analyzing module fifo_generator_0_blk_mem_gen_prim_wrapper__parameterized30
INFO: [VRFC 10-311] analyzing module fifo_generator_0_blk_mem_gen_prim_wrapper__parameterized31
INFO: [VRFC 10-311] analyzing module fifo_generator_0_blk_mem_gen_prim_wrapper__parameterized32
INFO: [VRFC 10-311] analyzing module fifo_generator_0_blk_mem_gen_prim_wrapper__parameterized33
INFO: [VRFC 10-311] analyzing module fifo_generator_0_blk_mem_gen_prim_wrapper__parameterized34
INFO: [VRFC 10-311] analyzing module fifo_generator_0_blk_mem_gen_prim_wrapper__parameterized35
INFO: [VRFC 10-311] analyzing module fifo_generator_0_blk_mem_gen_prim_wrapper__parameterized36
INFO: [VRFC 10-311] analyzing module fifo_generator_0_blk_mem_gen_prim_wrapper__parameterized37
INFO: [VRFC 10-311] analyzing module fifo_generator_0_blk_mem_gen_prim_wrapper__parameterized38
INFO: [VRFC 10-311] analyzing module fifo_generator_0_blk_mem_gen_prim_wrapper__parameterized39
INFO: [VRFC 10-311] analyzing module fifo_generator_0_blk_mem_gen_prim_wrapper__parameterized4
INFO: [VRFC 10-311] analyzing module fifo_generator_0_blk_mem_gen_prim_wrapper__parameterized40
INFO: [VRFC 10-311] analyzing module fifo_generator_0_blk_mem_gen_prim_wrapper__parameterized41
INFO: [VRFC 10-311] analyzing module fifo_generator_0_blk_mem_gen_prim_wrapper__parameterized42
INFO: [VRFC 10-311] analyzing module fifo_generator_0_blk_mem_gen_prim_wrapper__parameterized43
INFO: [VRFC 10-311] analyzing module fifo_generator_0_blk_mem_gen_prim_wrapper__parameterized44
INFO: [VRFC 10-311] analyzing module fifo_generator_0_blk_mem_gen_prim_wrapper__parameterized45
INFO: [VRFC 10-311] analyzing module fifo_generator_0_blk_mem_gen_prim_wrapper__parameterized46
INFO: [VRFC 10-311] analyzing module fifo_generator_0_blk_mem_gen_prim_wrapper__parameterized47
INFO: [VRFC 10-311] analyzing module fifo_generator_0_blk_mem_gen_prim_wrapper__parameterized48
INFO: [VRFC 10-311] analyzing module fifo_generator_0_blk_mem_gen_prim_wrapper__parameterized49
INFO: [VRFC 10-311] analyzing module fifo_generator_0_blk_mem_gen_prim_wrapper__parameterized5
INFO: [VRFC 10-311] analyzing module fifo_generator_0_blk_mem_gen_prim_wrapper__parameterized50
INFO: [VRFC 10-311] analyzing module fifo_generator_0_blk_mem_gen_prim_wrapper__parameterized51
INFO: [VRFC 10-311] analyzing module fifo_generator_0_blk_mem_gen_prim_wrapper__parameterized52
INFO: [VRFC 10-311] analyzing module fifo_generator_0_blk_mem_gen_prim_wrapper__parameterized53
INFO: [VRFC 10-311] analyzing module fifo_generator_0_blk_mem_gen_prim_wrapper__parameterized54
INFO: [VRFC 10-311] analyzing module fifo_generator_0_blk_mem_gen_prim_wrapper__parameterized55
INFO: [VRFC 10-311] analyzing module fifo_generator_0_blk_mem_gen_prim_wrapper__parameterized56
INFO: [VRFC 10-311] analyzing module fifo_generator_0_blk_mem_gen_prim_wrapper__parameterized57
INFO: [VRFC 10-311] analyzing module fifo_generator_0_blk_mem_gen_prim_wrapper__parameterized58
INFO: [VRFC 10-311] analyzing module fifo_generator_0_blk_mem_gen_prim_wrapper__parameterized59
INFO: [VRFC 10-311] analyzing module fifo_generator_0_blk_mem_gen_prim_wrapper__parameterized6
INFO: [VRFC 10-311] analyzing module fifo_generator_0_blk_mem_gen_prim_wrapper__parameterized60
INFO: [VRFC 10-311] analyzing module fifo_generator_0_blk_mem_gen_prim_wrapper__parameterized61
INFO: [VRFC 10-311] analyzing module fifo_generator_0_blk_mem_gen_prim_wrapper__parameterized62
INFO: [VRFC 10-311] analyzing module fifo_generator_0_blk_mem_gen_prim_wrapper__parameterized7
INFO: [VRFC 10-311] analyzing module fifo_generator_0_blk_mem_gen_prim_wrapper__parameterized8
INFO: [VRFC 10-311] analyzing module fifo_generator_0_blk_mem_gen_prim_wrapper__parameterized9
INFO: [VRFC 10-311] analyzing module fifo_generator_0_blk_mem_gen_top
INFO: [VRFC 10-311] analyzing module fifo_generator_0_blk_mem_gen_v8_4_4
INFO: [VRFC 10-311] analyzing module fifo_generator_0_blk_mem_gen_v8_4_4_synth
INFO: [VRFC 10-311] analyzing module fifo_generator_0_compare
INFO: [VRFC 10-311] analyzing module fifo_generator_0_compare_0
INFO: [VRFC 10-311] analyzing module fifo_generator_0_compare_1
INFO: [VRFC 10-311] analyzing module fifo_generator_0_compare_2
INFO: [VRFC 10-311] analyzing module fifo_generator_0_fifo_generator_ramfifo
INFO: [VRFC 10-311] analyzing module fifo_generator_0_fifo_generator_top
INFO: [VRFC 10-311] analyzing module fifo_generator_0_fifo_generator_v13_2_5
INFO: [VRFC 10-311] analyzing module fifo_generator_0_fifo_generator_v13_2_5_synth
INFO: [VRFC 10-311] analyzing module fifo_generator_0_memory
INFO: [VRFC 10-311] analyzing module fifo_generator_0_rd_bin_cntr
INFO: [VRFC 10-311] analyzing module fifo_generator_0_rd_logic
INFO: [VRFC 10-311] analyzing module fifo_generator_0_rd_status_flags_ss
INFO: [VRFC 10-311] analyzing module fifo_generator_0_wr_bin_cntr
INFO: [VRFC 10-311] analyzing module fifo_generator_0_wr_logic
INFO: [VRFC 10-311] analyzing module fifo_generator_0_wr_status_flags_ss
INFO: [VRFC 10-311] analyzing module ila_0_blk_mem_gen_v8_4_4
INFO: [VRFC 10-311] analyzing module ila_0_blk_mem_gen_v8_4_4_blk_mem_gen_generic_cstr
INFO: [VRFC 10-311] analyzing module ila_0_blk_mem_gen_v8_4_4_blk_mem_gen_prim_width
INFO: [VRFC 10-311] analyzing module ila_0_blk_mem_gen_v8_4_4_blk_mem_gen_prim_wrapper
INFO: [VRFC 10-311] analyzing module ila_0_blk_mem_gen_v8_4_4_blk_mem_gen_top
INFO: [VRFC 10-311] analyzing module ila_0_blk_mem_gen_v8_4_4_synth
INFO: [VRFC 10-311] analyzing module glbl
INFO: [VRFC 10-2263] Analyzing SystemVerilog file "/home/pnic/mkxue/Clone/BBQ/hardware/bbq-xilinx/hardware/hardware.srcs/sources_1/new/heap_ops.sv" into library xil_defaultlib
INFO: [VRFC 10-2263] Analyzing SystemVerilog file "/home/pnic/mkxue/Clone/BBQ/hardware/bbq-xilinx/hardware/hardware.srcs/sources_1/new/bbq.sv" into library xil_defaultlib
INFO: [VRFC 10-311] analyzing module bbq
WARNING: [VRFC 10-3609] overwriting previous definition of module 'bbq' [/home/pnic/mkxue/Clone/BBQ/hardware/bbq-xilinx/hardware/hardware.srcs/sources_1/new/bbq.sv:32]
INFO: [VRFC 10-2263] Analyzing SystemVerilog file "/home/pnic/mkxue/Clone/BBQ/hardware/bbq-xilinx/hardware/hardware.srcs/sources_1/new/ffs.sv" into library xil_defaultlib
INFO: [VRFC 10-311] analyzing module ffs
INFO: [VRFC 10-2263] Analyzing SystemVerilog file "/home/pnic/mkxue/Clone/BBQ/hardware/bbq-xilinx/hardware/hardware.srcs/sim_1/new/tb_bbq.sv" into library xil_defaultlib
INFO: [VRFC 10-311] analyzing module tb_bbq
