
*** Running vivado
    with args -log ila_2.vds -m64 -product Vivado -mode batch -messageDb vivado.pb -notrace -source ila_2.tcl


****** Vivado v2020.2 (64-bit)
  **** SW Build 3064766 on Wed Nov 18 09:12:47 MST 2020
  **** IP Build 3064653 on Wed Nov 18 14:17:31 MST 2020
    ** Copyright 1986-2020 Xilinx, Inc. All Rights Reserved.

source ila_2.tcl -notrace
Command: synth_design -top ila_2 -part xcu280-fsvh2892-2L-e -mode out_of_context
Starting synth_design
Attempting to get a license for feature 'Synthesis' and/or device 'xcu280'
INFO: [Common 17-349] Got license for feature 'Synthesis' and/or device 'xcu280'
INFO: [Device 21-403] Loading part xcu280-fsvh2892-2L-e
INFO: [Synth 8-7079] Multithreading enabled for synth_design using a maximum of 4 processes.
INFO: [Synth 8-7078] Launching helper process for spawning children vivado processes
INFO: [Synth 8-7075] Helper process launched with PID 3359840
---------------------------------------------------------------------------------
Starting RTL Elaboration : Time (s): cpu = 00:00:06 ; elapsed = 00:00:26 . Memory (MB): peak = 3247.488 ; gain = 182.719 ; free physical = 33020 ; free virtual = 116183
---------------------------------------------------------------------------------
INFO: [Synth 8-6157] synthesizing module 'ila_2' [/home/pnic/mkxue/Clone/BBQ/hardware/bbq-xilinx/hardware/hardware.gen/sources_1/ip/ila_2/synth/ila_2.v:84]
INFO: [Synth 8-6157] synthesizing module 'CFGLUT5' [/tools/Xilinx/Vivado/2020.2/scripts/rt/data/unisim_comp.v:1524]
INFO: [Synth 8-6155] done synthesizing module 'CFGLUT5' (8#1) [/tools/Xilinx/Vivado/2020.2/scripts/rt/data/unisim_comp.v:1524]
INFO: [Synth 8-6157] synthesizing module 'CARRY4' [/tools/Xilinx/Vivado/2020.2/scripts/rt/data/unisim_comp.v:1487]
INFO: [Synth 8-6155] done synthesizing module 'CARRY4' (9#1) [/tools/Xilinx/Vivado/2020.2/scripts/rt/data/unisim_comp.v:1487]
INFO: [Synth 8-6157] synthesizing module 'SRLC32E' [/tools/Xilinx/Vivado/2020.2/scripts/rt/data/unisim_comp.v:78184]
INFO: [Synth 8-6155] done synthesizing module 'SRLC32E' (19#1) [/tools/Xilinx/Vivado/2020.2/scripts/rt/data/unisim_comp.v:78184]
INFO: [Synth 8-6157] synthesizing module 'SRL16E' [/tools/Xilinx/Vivado/2020.2/scripts/rt/data/unisim_comp.v:78034]
INFO: [Synth 8-6155] done synthesizing module 'SRL16E' (21#1) [/tools/Xilinx/Vivado/2020.2/scripts/rt/data/unisim_comp.v:78034]
INFO: [Synth 8-6157] synthesizing module 'SRLC16E' [/tools/Xilinx/Vivado/2020.2/scripts/rt/data/unisim_comp.v:78123]
INFO: [Synth 8-6155] done synthesizing module 'SRLC16E' (23#1) [/tools/Xilinx/Vivado/2020.2/scripts/rt/data/unisim_comp.v:78123]
INFO: [Synth 8-6157] synthesizing module 'FDRE' [/tools/Xilinx/Vivado/2020.2/scripts/rt/data/unisim_comp.v:13724]
INFO: [Synth 8-6155] done synthesizing module 'FDRE' (28#1) [/tools/Xilinx/Vivado/2020.2/scripts/rt/data/unisim_comp.v:13724]
WARNING: [Synth 8-7071] port 'clk_nobuf' of module 'ila_v6_2_11_ila' is unconnected for instance 'inst' [/home/pnic/mkxue/Clone/BBQ/hardware/bbq-xilinx/hardware/hardware.gen/sources_1/ip/ila_2/synth/ila_2.v:3217]
WARNING: [Synth 8-7071] port 'clkdiv_out' of module 'ila_v6_2_11_ila' is unconnected for instance 'inst' [/home/pnic/mkxue/Clone/BBQ/hardware/bbq-xilinx/hardware/hardware.gen/sources_1/ip/ila_2/synth/ila_2.v:3217]
WARNING: [Synth 8-7071] port 'trig_in' of module 'ila_v6_2_11_ila' is unconnected for instance 'inst' [/home/pnic/mkxue/Clone/BBQ/hardware/bbq-xilinx/hardware/hardware.gen/sources_1/ip/ila_2/synth/ila_2.v:3217]
WARNING: [Synth 8-7071] port 'trig_in_ack' of module 'ila_v6_2_11_ila' is unconnected for instance 'inst' [/home/pnic/mkxue/Clone/BBQ/hardware/bbq-xilinx/hardware/hardware.gen/sources_1/ip/ila_2/synth/ila_2.v:3217]
WARNING: [Synth 8-7071] port 'trig_out' of module 'ila_v6_2_11_ila' is unconnected for instance 'inst' [/home/pnic/mkxue/Clone/BBQ/hardware/bbq-xilinx/hardware/hardware.gen/sources_1/ip/ila_2/synth/ila_2.v:3217]
WARNING: [Synth 8-7071] port 'trig_out_ack' of module 'ila_v6_2_11_ila' is unconnected for instance 'inst' [/home/pnic/mkxue/Clone/BBQ/hardware/bbq-xilinx/hardware/hardware.gen/sources_1/ip/ila_2/synth/ila_2.v:3217]
WARNING: [Synth 8-7023] instance 'inst' of module 'ila_v6_2_11_ila' has 1033 connections declared, but only 1027 given [/home/pnic/mkxue/Clone/BBQ/hardware/bbq-xilinx/hardware/hardware.gen/sources_1/ip/ila_2/synth/ila_2.v:3217]
INFO: [Synth 8-6155] done synthesizing module 'ila_2' (46#1) [/home/pnic/mkxue/Clone/BBQ/hardware/bbq-xilinx/hardware/hardware.gen/sources_1/ip/ila_2/synth/ila_2.v:84]
---------------------------------------------------------------------------------
Finished RTL Elaboration : Time (s): cpu = 00:00:19 ; elapsed = 00:00:58 . Memory (MB): peak = 3616.613 ; gain = 551.844 ; free physical = 33008 ; free virtual = 116172
---------------------------------------------------------------------------------
---------------------------------------------------------------------------------
Start Handling Custom Attributes
---------------------------------------------------------------------------------
---------------------------------------------------------------------------------
Finished Handling Custom Attributes : Time (s): cpu = 00:00:19 ; elapsed = 00:00:59 . Memory (MB): peak = 3616.613 ; gain = 551.844 ; free physical = 33020 ; free virtual = 116185
---------------------------------------------------------------------------------
---------------------------------------------------------------------------------
Finished RTL Optimization Phase 1 : Time (s): cpu = 00:00:19 ; elapsed = 00:00:59 . Memory (MB): peak = 3616.613 ; gain = 551.844 ; free physical = 33020 ; free virtual = 116185
---------------------------------------------------------------------------------
Netlist sorting complete. Time (s): cpu = 00:00:00.04 ; elapsed = 00:00:00.04 . Memory (MB): peak = 3616.613 ; gain = 0.000 ; free physical = 33012 ; free virtual = 116176
INFO: [Netlist 29-17] Analyzing 93 Unisim elements for replacement
INFO: [Netlist 29-28] Unisim Transformation completed in 0 CPU seconds
INFO: [Project 1-570] Preparing netlist for logic optimization

Processing XDC Constraints
Initializing timing engine
Parsing XDC File [/home/pnic/mkxue/Clone/BBQ/hardware/bbq-xilinx/hardware/hardware.gen/sources_1/ip/ila_2/ila_2_ooc.xdc] for cell 'inst'
Finished Parsing XDC File [/home/pnic/mkxue/Clone/BBQ/hardware/bbq-xilinx/hardware/hardware.gen/sources_1/ip/ila_2/ila_2_ooc.xdc] for cell 'inst'
Parsing XDC File [/home/pnic/mkxue/Clone/BBQ/hardware/bbq-xilinx/hardware/hardware.gen/sources_1/ip/ila_2/ila_v6_2/constraints/ila.xdc] for cell 'inst'
Finished Parsing XDC File [/home/pnic/mkxue/Clone/BBQ/hardware/bbq-xilinx/hardware/hardware.gen/sources_1/ip/ila_2/ila_v6_2/constraints/ila.xdc] for cell 'inst'
Parsing XDC File [/home/pnic/mkxue/Clone/BBQ/hardware/bbq-xilinx/hardware/hardware.runs/ila_2_synth_1/dont_touch.xdc]
Finished Parsing XDC File [/home/pnic/mkxue/Clone/BBQ/hardware/bbq-xilinx/hardware/hardware.runs/ila_2_synth_1/dont_touch.xdc]
Completed Processing XDC Constraints

Netlist sorting complete. Time (s): cpu = 00:00:00 ; elapsed = 00:00:00 . Memory (MB): peak = 3694.738 ; gain = 0.000 ; free physical = 32934 ; free virtual = 116099
INFO: [Project 1-111] Unisim Transformation Summary:
  A total of 69 instances were transformed.
  CFGLUT5 => CFGLUT5 (SRL16E, SRLC32E): 60 instances
  CFGLUT5 => SRLC32E: 9 instances

Constraint Validation Runtime : Time (s): cpu = 00:00:00.08 ; elapsed = 00:00:00.06 . Memory (MB): peak = 3694.738 ; gain = 0.000 ; free physical = 32934 ; free virtual = 116099
---------------------------------------------------------------------------------
Finished Constraint Validation : Time (s): cpu = 00:00:27 ; elapsed = 00:01:08 . Memory (MB): peak = 3694.738 ; gain = 629.969 ; free physical = 32954 ; free virtual = 116118
---------------------------------------------------------------------------------
---------------------------------------------------------------------------------
Start Loading Part and Timing Information
---------------------------------------------------------------------------------
Loading part: xcu280-fsvh2892-2L-e
INFO: [Synth 8-6742] Reading net delay rules and data
---------------------------------------------------------------------------------
Finished Loading Part and Timing Information : Time (s): cpu = 00:00:27 ; elapsed = 00:01:08 . Memory (MB): peak = 3694.738 ; gain = 629.969 ; free physical = 32946 ; free virtual = 116110
---------------------------------------------------------------------------------
---------------------------------------------------------------------------------
Start Applying 'set_property' XDC Constraints
---------------------------------------------------------------------------------
Applied set_property KEEP_HIERARCHY = SOFT for inst. (constraint file  /home/pnic/mkxue/Clone/BBQ/hardware/bbq-xilinx/hardware/hardware.runs/ila_2_synth_1/dont_touch.xdc, line 9).
---------------------------------------------------------------------------------
Finished applying 'set_property' XDC Constraints : Time (s): cpu = 00:00:27 ; elapsed = 00:01:08 . Memory (MB): peak = 3694.738 ; gain = 629.969 ; free physical = 32969 ; free virtual = 116134
---------------------------------------------------------------------------------
INFO: [Synth 8-802] inferred FSM for state register 'current_state_reg' in module 'xsdbs_v1_0_2_reg_p2s'
INFO: [Synth 8-802] inferred FSM for state register 'current_state_reg' in module 'xsdbs_v1_0_2_reg_p2s__parameterized0'
INFO: [Synth 8-802] inferred FSM for state register 'current_state_reg' in module 'xsdbs_v1_0_2_reg_p2s__parameterized1'
INFO: [Synth 8-802] inferred FSM for state register 'current_state_reg' in module 'xsdbs_v1_0_2_reg_p2s__parameterized2'
INFO: [Synth 8-802] inferred FSM for state register 'current_state_reg' in module 'xsdbs_v1_0_2_reg_p2s__parameterized3'
INFO: [Synth 8-802] inferred FSM for state register 'current_state_reg' in module 'xsdbs_v1_0_2_reg_p2s__parameterized4'
INFO: [Synth 8-802] inferred FSM for state register 'current_state_reg' in module 'xsdbs_v1_0_2_reg_p2s__parameterized5'
INFO: [Synth 8-802] inferred FSM for state register 'current_state_reg' in module 'ltlib_v1_0_0_generic_memrd'
---------------------------------------------------------------------------------------------------
                   State |                     New Encoding |                Previous Encoding 
---------------------------------------------------------------------------------------------------
*
                    IDLE |                             0001 |                             0001
                     REG |                             0010 |                             0010
                     P2S |                             0100 |                             0100
                     S2P |                             1000 |                             1000
---------------------------------------------------------------------------------------------------
INFO: [Synth 8-3898] No Re-encoding of one hot register 'current_state_reg' in module 'xsdbs_v1_0_2_reg_p2s'
---------------------------------------------------------------------------------------------------
                   State |                     New Encoding |                Previous Encoding 
---------------------------------------------------------------------------------------------------
*
                    IDLE |                             0001 |                             0001
                     REG |                             0010 |                             0010
                     P2S |                             0100 |                             0100
                     S2P |                             1000 |                             1000
---------------------------------------------------------------------------------------------------
INFO: [Synth 8-3898] No Re-encoding of one hot register 'current_state_reg' in module 'xsdbs_v1_0_2_reg_p2s__parameterized0'
---------------------------------------------------------------------------------------------------
                   State |                     New Encoding |                Previous Encoding 
---------------------------------------------------------------------------------------------------
*
                    IDLE |                             0001 |                             0001
                     REG |                             0010 |                             0010
                     P2S |                             0100 |                             0100
                     S2P |                             1000 |                             1000
---------------------------------------------------------------------------------------------------
INFO: [Synth 8-3898] No Re-encoding of one hot register 'current_state_reg' in module 'xsdbs_v1_0_2_reg_p2s__parameterized1'
---------------------------------------------------------------------------------------------------
                   State |                     New Encoding |                Previous Encoding 
---------------------------------------------------------------------------------------------------
*
                    IDLE |                             0001 |                             0001
                     REG |                             0010 |                             0010
                     P2S |                             0100 |                             0100
                     S2P |                             1000 |                             1000
---------------------------------------------------------------------------------------------------
INFO: [Synth 8-3898] No Re-encoding of one hot register 'current_state_reg' in module 'xsdbs_v1_0_2_reg_p2s__parameterized2'
---------------------------------------------------------------------------------------------------
                   State |                     New Encoding |                Previous Encoding 
---------------------------------------------------------------------------------------------------
*
                    IDLE |                             0001 |                             0001
                     REG |                             0010 |                             0010
                     P2S |                             0100 |                             0100
                     S2P |                             1000 |                             1000
---------------------------------------------------------------------------------------------------
INFO: [Synth 8-3898] No Re-encoding of one hot register 'current_state_reg' in module 'xsdbs_v1_0_2_reg_p2s__parameterized3'
---------------------------------------------------------------------------------------------------
                   State |                     New Encoding |                Previous Encoding 
---------------------------------------------------------------------------------------------------
*
                    IDLE |                             0001 |                             0001
                     REG |                             0010 |                             0010
                     P2S |                             0100 |                             0100
                     S2P |                             1000 |                             1000
---------------------------------------------------------------------------------------------------
INFO: [Synth 8-3898] No Re-encoding of one hot register 'current_state_reg' in module 'xsdbs_v1_0_2_reg_p2s__parameterized4'
---------------------------------------------------------------------------------------------------
                   State |                     New Encoding |                Previous Encoding 
---------------------------------------------------------------------------------------------------
*
                    IDLE |                             0001 |                             0001
                     REG |                             0010 |                             0010
                     P2S |                             0100 |                             0100
                     S2P |                             1000 |                             1000
---------------------------------------------------------------------------------------------------
INFO: [Synth 8-3898] No Re-encoding of one hot register 'current_state_reg' in module 'xsdbs_v1_0_2_reg_p2s__parameterized5'
---------------------------------------------------------------------------------------------------
                   State |                     New Encoding |                Previous Encoding 
---------------------------------------------------------------------------------------------------
*
              RESET_ADDR |                          0000001 |                          0000001
            REQUEST_READ |                          0000010 |                          0000010
           WAIT_READ_ACK |                          0000100 |                          0000100
             OUTPUT_DATA |                          0001000 |                          0001000
                    IDLE |                          0010000 |                          0010000
         INCREMENT_BLOCK |                          0100000 |                          0100000
       INCREMENT_ADDRESS |                          1000000 |                          1000000
---------------------------------------------------------------------------------------------------
INFO: [Synth 8-3898] No Re-encoding of one hot register 'current_state_reg' in module 'ltlib_v1_0_0_generic_memrd'
---------------------------------------------------------------------------------
Finished RTL Optimization Phase 2 : Time (s): cpu = 00:00:28 ; elapsed = 00:01:09 . Memory (MB): peak = 3694.738 ; gain = 629.969 ; free physical = 32926 ; free virtual = 116092
---------------------------------------------------------------------------------
---------------------------------------------------------------------------------
Start RTL Component Statistics 
---------------------------------------------------------------------------------
---------------------------------------------------------------------------------
Finished RTL Component Statistics 
---------------------------------------------------------------------------------
---------------------------------------------------------------------------------
Start Part Resource Summary
---------------------------------------------------------------------------------
Part Resources:
DSPs: 9024 (col length:94)
BRAMs: 4032 (col length: RAMB18 288 RAMB36 144)
---------------------------------------------------------------------------------
Finished Part Resource Summary
---------------------------------------------------------------------------------
---------------------------------------------------------------------------------
Start Cross Boundary and Area Optimization
---------------------------------------------------------------------------------
---------------------------------------------------------------------------------
Finished Cross Boundary and Area Optimization : Time (s): cpu = 00:00:33 ; elapsed = 00:01:15 . Memory (MB): peak = 3694.738 ; gain = 629.969 ; free physical = 32870 ; free virtual = 116049
---------------------------------------------------------------------------------
---------------------------------------------------------------------------------
Start Applying XDC Timing Constraints
---------------------------------------------------------------------------------
---------------------------------------------------------------------------------
Finished Applying XDC Timing Constraints : Time (s): cpu = 00:00:43 ; elapsed = 00:01:43 . Memory (MB): peak = 3819.246 ; gain = 754.477 ; free physical = 32630 ; free virtual = 115809
---------------------------------------------------------------------------------
---------------------------------------------------------------------------------
Start Timing Optimization
---------------------------------------------------------------------------------
---------------------------------------------------------------------------------
Finished Timing Optimization : Time (s): cpu = 00:00:45 ; elapsed = 00:01:45 . Memory (MB): peak = 3880.871 ; gain = 816.102 ; free physical = 32481 ; free virtual = 115660
---------------------------------------------------------------------------------
---------------------------------------------------------------------------------
Start Technology Mapping
---------------------------------------------------------------------------------
---------------------------------------------------------------------------------
Finished Technology Mapping : Time (s): cpu = 00:00:45 ; elapsed = 00:01:46 . Memory (MB): peak = 3896.887 ; gain = 832.117 ; free physical = 32482 ; free virtual = 115661
---------------------------------------------------------------------------------
---------------------------------------------------------------------------------
Start IO Insertion
---------------------------------------------------------------------------------
---------------------------------------------------------------------------------
Start Flattening Before IO Insertion
---------------------------------------------------------------------------------
---------------------------------------------------------------------------------
Finished Flattening Before IO Insertion
---------------------------------------------------------------------------------
---------------------------------------------------------------------------------
Start Final Netlist Cleanup
---------------------------------------------------------------------------------
---------------------------------------------------------------------------------
Finished Final Netlist Cleanup
---------------------------------------------------------------------------------
INFO: [Synth 8-3295] tying undriven pin dummy_inferred:in0 to constant 0
INFO: [Synth 8-3295] tying undriven pin inst:sl_iport0[36] to constant 0
INFO: [Synth 8-3295] tying undriven pin inst:sl_iport0[35] to constant 0
INFO: [Synth 8-3295] tying undriven pin inst:sl_iport0[34] to constant 0
INFO: [Synth 8-3295] tying undriven pin inst:sl_iport0[33] to constant 0
INFO: [Synth 8-3295] tying undriven pin inst:sl_iport0[32] to constant 0
INFO: [Synth 8-3295] tying undriven pin inst:sl_iport0[31] to constant 0
INFO: [Synth 8-3295] tying undriven pin inst:sl_iport0[30] to constant 0
INFO: [Synth 8-3295] tying undriven pin inst:sl_iport0[29] to constant 0
INFO: [Synth 8-3295] tying undriven pin inst:sl_iport0[28] to constant 0
INFO: [Synth 8-3295] tying undriven pin inst:sl_iport0[27] to constant 0
INFO: [Synth 8-3295] tying undriven pin inst:sl_iport0[26] to constant 0
INFO: [Synth 8-3295] tying undriven pin inst:sl_iport0[25] to constant 0
INFO: [Synth 8-3295] tying undriven pin inst:sl_iport0[24] to constant 0
INFO: [Synth 8-3295] tying undriven pin inst:sl_iport0[23] to constant 0
INFO: [Synth 8-3295] tying undriven pin inst:sl_iport0[22] to constant 0
INFO: [Synth 8-3295] tying undriven pin inst:sl_iport0[21] to constant 0
INFO: [Synth 8-3295] tying undriven pin inst:sl_iport0[20] to constant 0
INFO: [Synth 8-3295] tying undriven pin inst:sl_iport0[19] to constant 0
INFO: [Synth 8-3295] tying undriven pin inst:sl_iport0[18] to constant 0
INFO: [Synth 8-3295] tying undriven pin inst:sl_iport0[17] to constant 0
INFO: [Synth 8-3295] tying undriven pin inst:sl_iport0[16] to constant 0
INFO: [Synth 8-3295] tying undriven pin inst:sl_iport0[15] to constant 0
INFO: [Synth 8-3295] tying undriven pin inst:sl_iport0[14] to constant 0
INFO: [Synth 8-3295] tying undriven pin inst:sl_iport0[13] to constant 0
INFO: [Synth 8-3295] tying undriven pin inst:sl_iport0[12] to constant 0
INFO: [Synth 8-3295] tying undriven pin inst:sl_iport0[11] to constant 0
INFO: [Synth 8-3295] tying undriven pin inst:sl_iport0[10] to constant 0
INFO: [Synth 8-3295] tying undriven pin inst:sl_iport0[9] to constant 0
INFO: [Synth 8-3295] tying undriven pin inst:sl_iport0[8] to constant 0
INFO: [Synth 8-3295] tying undriven pin inst:sl_iport0[7] to constant 0
INFO: [Synth 8-3295] tying undriven pin inst:sl_iport0[6] to constant 0
INFO: [Synth 8-3295] tying undriven pin inst:sl_iport0[5] to constant 0
INFO: [Synth 8-3295] tying undriven pin inst:sl_iport0[4] to constant 0
INFO: [Synth 8-3295] tying undriven pin inst:sl_iport0[3] to constant 0
INFO: [Synth 8-3295] tying undriven pin inst:sl_iport0[2] to constant 0
INFO: [Synth 8-3295] tying undriven pin inst:sl_iport0[1] to constant 0
INFO: [Synth 8-3295] tying undriven pin inst:sl_iport0[0] to constant 0
INFO: [Synth 8-3295] tying undriven pin inst:trig_in to constant 0
INFO: [Synth 8-3295] tying undriven pin inst:trig_out_ack to constant 0
---------------------------------------------------------------------------------
Finished IO Insertion : Time (s): cpu = 00:00:47 ; elapsed = 00:01:47 . Memory (MB): peak = 3896.887 ; gain = 832.117 ; free physical = 32486 ; free virtual = 115665
---------------------------------------------------------------------------------
---------------------------------------------------------------------------------
Start Renaming Generated Instances
---------------------------------------------------------------------------------
---------------------------------------------------------------------------------
Finished Renaming Generated Instances : Time (s): cpu = 00:00:47 ; elapsed = 00:01:47 . Memory (MB): peak = 3896.887 ; gain = 832.117 ; free physical = 32486 ; free virtual = 115665
---------------------------------------------------------------------------------
---------------------------------------------------------------------------------
Start Rebuilding User Hierarchy
---------------------------------------------------------------------------------
---------------------------------------------------------------------------------
Finished Rebuilding User Hierarchy : Time (s): cpu = 00:00:47 ; elapsed = 00:01:48 . Memory (MB): peak = 3896.887 ; gain = 832.117 ; free physical = 32488 ; free virtual = 115667
---------------------------------------------------------------------------------
---------------------------------------------------------------------------------
Start Renaming Generated Ports
---------------------------------------------------------------------------------
---------------------------------------------------------------------------------
Finished Renaming Generated Ports : Time (s): cpu = 00:00:47 ; elapsed = 00:01:48 . Memory (MB): peak = 3896.887 ; gain = 832.117 ; free physical = 32488 ; free virtual = 115667
---------------------------------------------------------------------------------
---------------------------------------------------------------------------------
Start Handling Custom Attributes
---------------------------------------------------------------------------------
---------------------------------------------------------------------------------
Finished Handling Custom Attributes : Time (s): cpu = 00:00:47 ; elapsed = 00:01:48 . Memory (MB): peak = 3896.887 ; gain = 832.117 ; free physical = 32488 ; free virtual = 115667
---------------------------------------------------------------------------------
---------------------------------------------------------------------------------
Start Renaming Generated Nets
---------------------------------------------------------------------------------
---------------------------------------------------------------------------------
Finished Renaming Generated Nets : Time (s): cpu = 00:00:47 ; elapsed = 00:01:48 . Memory (MB): peak = 3896.887 ; gain = 832.117 ; free physical = 32488 ; free virtual = 115667
---------------------------------------------------------------------------------
---------------------------------------------------------------------------------
Start Writing Synthesis Report
---------------------------------------------------------------------------------

Report BlackBoxes: 
+-+--------------+----------+
| |BlackBox name |Instances |
+-+--------------+----------+
+-+--------------+----------+

Report Cell Usage: 
+------+---------+------+
|      |Cell     |Count |
+------+---------+------+
|1     |CARRY4   |    24|
|2     |CFGLUT5  |    69|
|3     |LUT1     |    34|
|4     |LUT2     |    44|
|5     |LUT3     |   127|
|6     |LUT4     |   108|
|7     |LUT5     |    99|
|8     |LUT6     |   380|
|9     |MUXF7    |    10|
|10    |RAMB36E2 |     1|
|11    |SRL16E   |    35|
|12    |SRLC16E  |     2|
|13    |SRLC32E  |    17|
|14    |FDRE     |  1365|
|15    |FDSE     |    10|
+------+---------+------+
---------------------------------------------------------------------------------
Finished Writing Synthesis Report : Time (s): cpu = 00:00:47 ; elapsed = 00:01:48 . Memory (MB): peak = 3896.887 ; gain = 832.117 ; free physical = 32488 ; free virtual = 115667
---------------------------------------------------------------------------------
Synthesis finished with 0 errors, 0 critical warnings and 0 warnings.
Synthesis Optimization Runtime : Time (s): cpu = 00:00:42 ; elapsed = 00:01:41 . Memory (MB): peak = 3896.887 ; gain = 753.992 ; free physical = 32488 ; free virtual = 115667
Synthesis Optimization Complete : Time (s): cpu = 00:00:47 ; elapsed = 00:01:48 . Memory (MB): peak = 3896.895 ; gain = 832.117 ; free physical = 32488 ; free virtual = 115667
INFO: [Project 1-571] Translating synthesized netlist
Netlist sorting complete. Time (s): cpu = 00:00:00.02 ; elapsed = 00:00:00.02 . Memory (MB): peak = 3896.895 ; gain = 0.000 ; free physical = 32579 ; free virtual = 115758
INFO: [Netlist 29-17] Analyzing 103 Unisim elements for replacement
INFO: [Netlist 29-28] Unisim Transformation completed in 0 CPU seconds
INFO: [Project 1-570] Preparing netlist for logic optimization
INFO: [Opt 31-138] Pushed 0 inverter(s) to 0 load pin(s).
Netlist sorting complete. Time (s): cpu = 00:00:00 ; elapsed = 00:00:00 . Memory (MB): peak = 3969.285 ; gain = 0.000 ; free physical = 32553 ; free virtual = 115732
INFO: [Project 1-111] Unisim Transformation Summary:
  A total of 83 instances were transformed.
  (CARRY4) => CARRY8: 14 instances
  CFGLUT5 => CFGLUT5 (SRL16E, SRLC32E): 60 instances
  CFGLUT5 => SRLC32E: 9 instances

INFO: [Common 17-83] Releasing license: Synthesis
87 Infos, 7 Warnings, 0 Critical Warnings and 0 Errors encountered.
synth_design completed successfully
synth_design: Time (s): cpu = 00:00:58 ; elapsed = 00:02:03 . Memory (MB): peak = 3969.285 ; gain = 1574.898 ; free physical = 32588 ; free virtual = 115767
INFO: [Common 17-1381] The checkpoint '/home/pnic/mkxue/Clone/BBQ/hardware/bbq-xilinx/hardware/hardware.runs/ila_2_synth_1/ila_2.dcp' has been generated.
WARNING: [Common 17-576] 'use_project_ipc' is deprecated. This option is deprecated and no longer used.
INFO: [Coretcl 2-1648] Added synthesis output to IP cache for IP ila_2, cache-ID = 97ef6fa17f94f1dc
INFO: [Coretcl 2-1174] Renamed 126 cell refs.
INFO: [Common 17-1381] The checkpoint '/home/pnic/mkxue/Clone/BBQ/hardware/bbq-xilinx/hardware/hardware.runs/ila_2_synth_1/ila_2.dcp' has been generated.
INFO: [runtcl-4] Executing : report_utilization -file ila_2_utilization_synth.rpt -pb ila_2_utilization_synth.pb
INFO: [Common 17-206] Exiting Vivado at Wed Jul 16 21:02:27 2025...
