Vivado Simulator 2020.2
Copyright 1986-1999, 2001-2020 Xilinx, Inc. All Rights Reserved.
Running: /tools/Xilinx/Vivado/2020.2/bin/unwrapped/lnx64.o/xelab -wto 445a34cfabd24911bf3c5c1bb1f41b89 --incr --debug typical --relax --mt 8 -L xil_defaultlib -L blk_mem_gen_v8_4_4 -L fifo_generator_v13_2_5 -L uvm -L unisims_ver -L unimacro_ver -L secureip -L xpm --snapshot tb_bbq_behav xil_defaultlib.tb_bbq xil_defaultlib.glbl -log elaborate.log 
Using 8 slave threads.
Starting static elaboration
Pass Through NonSizing Optimizer
WARNING: [VRFC 10-3815] value of parameter 'P' cannot contain a hierarchical identifier [/home/pnic/mkxue/Clone/BBQ/hardware/bbq-xilinx/hardware/hardware.srcs/sim_1/new/tb_bbq.sv:41]
WARNING: [VRFC 10-3815] value of parameter 'HEAP_NUM_LEVELS' cannot contain a hierarchical identifier [/home/pnic/mkxue/Clone/BBQ/hardware/bbq-xilinx/hardware/hardware.srcs/sim_1/new/tb_bbq.sv:42]
WARNING: [VRFC 10-8278] $error : HEAP_MAX_NUM_ENTRIES must be of the form (2^k - 1) [/home/pnic/mkxue/Clone/BBQ/hardware/bbq-xilinx/hardware/hardware.srcs/sources_1/new/bbq.sv:67]
Completed static elaboration
Starting simulation data flow analysis
Completed simulation data flow analysis
Time Resolution for simulation is 1ps
Compiling package xil_defaultlib.heap_ops
Compiling module fifo_generator_v13_2_5.fifo_generator_v13_2_5_bhv_ver_s...
Compiling module fifo_generator_v13_2_5.fifo_generator_v13_2_5_CONV_VER(...
Compiling module fifo_generator_v13_2_5.fifo_generator_vlog_beh(C_COMMON...
Compiling module xil_defaultlib.fifo_generator_0
Compiling module blk_mem_gen_v8_4_4.blk_mem_gen_v8_4_4_output_stage(...
Compiling module blk_mem_gen_v8_4_4.blk_mem_gen_v8_4_4_softecc_outpu...
Compiling module blk_mem_gen_v8_4_4.blk_mem_gen_v8_4_4_mem_module(C_...
Compiling module blk_mem_gen_v8_4_4.blk_mem_gen_v8_4_4(C_FAMILY="vir...
Compiling module xil_defaultlib.blk_mem_gen_0
Compiling module blk_mem_gen_v8_4_4.blk_mem_gen_v8_4_4_output_stage(...
Compiling module blk_mem_gen_v8_4_4.blk_mem_gen_v8_4_4_softecc_outpu...
Compiling module blk_mem_gen_v8_4_4.blk_mem_gen_v8_4_4_mem_module(C_...
Compiling module blk_mem_gen_v8_4_4.blk_mem_gen_v8_4_4(C_FAMILY="vir...
Compiling module xil_defaultlib.blk_mem_gen_1
Compiling module blk_mem_gen_v8_4_4.blk_mem_gen_v8_4_4_output_stage(...
Compiling module blk_mem_gen_v8_4_4.blk_mem_gen_v8_4_4_softecc_outpu...
Compiling module blk_mem_gen_v8_4_4.blk_mem_gen_v8_4_4_mem_module(C_...
Compiling module blk_mem_gen_v8_4_4.blk_mem_gen_v8_4_4(C_FAMILY="vir...
Compiling module xil_defaultlib.blk_mem_gen_2
Compiling module xil_defaultlib.ffs(WIDTH_LOG=5)
Compiling module xil_defaultlib.bbq(HEAP_MAX_NUM_ENTRIES=131072)
Compiling module xil_defaultlib.tb_bbq
Compiling module xil_defaultlib.glbl
Built simulation snapshot tb_bbq_behav
