
*** Running vivado
    with args -log blk_mem_gen_2.vds -m64 -product Vivado -mode batch -messageDb vivado.pb -notrace -source blk_mem_gen_2.tcl


****** Vivado v2020.2 (64-bit)
  **** SW Build 3064766 on Wed Nov 18 09:12:47 MST 2020
  **** IP Build 3064653 on Wed Nov 18 14:17:31 MST 2020
    ** Copyright 1986-2020 Xilinx, Inc. All Rights Reserved.

source blk_mem_gen_2.tcl -notrace
Command: synth_design -top blk_mem_gen_2 -part xcu280-fsvh2892-2L-e -mode out_of_context
Starting synth_design
Attempting to get a license for feature 'Synthesis' and/or device 'xcu280'
INFO: [Common 17-349] Got license for feature 'Synthesis' and/or device 'xcu280'
INFO: [Device 21-403] Loading part xcu280-fsvh2892-2L-e
INFO: [Synth 8-7079] Multithreading enabled for synth_design using a maximum of 4 processes.
INFO: [Synth 8-7078] Launching helper process for spawning children vivado processes
INFO: [Synth 8-7075] Helper process launched with PID 2875019
---------------------------------------------------------------------------------
Starting RTL Elaboration : Time (s): cpu = 00:00:03 ; elapsed = 00:00:13 . Memory (MB): peak = 3221.492 ; gain = 173.719 ; free physical = 30926 ; free virtual = 116535
---------------------------------------------------------------------------------
INFO: [Synth 8-638] synthesizing module 'blk_mem_gen_2' [/home/pnic/mkxue/Clone/BBQ/hardware/bbq-xilinx/hardware/hardware.gen/sources_1/ip/blk_mem_gen_2/synth/blk_mem_gen_2.vhd:71]
	Parameter C_FAMILY bound to: virtexuplusHBM - type: string 
	Parameter C_XDEVICEFAMILY bound to: virtexuplusHBM - type: string 
	Parameter C_ELABORATION_DIR bound to: ./ - type: string 
	Parameter C_INTERFACE_TYPE bound to: 0 - type: integer 
	Parameter C_AXI_TYPE bound to: 1 - type: integer 
	Parameter C_AXI_SLAVE_TYPE bound to: 0 - type: integer 
	Parameter C_USE_BRAM_BLOCK bound to: 0 - type: integer 
	Parameter C_ENABLE_32BIT_ADDRESS bound to: 0 - type: integer 
	Parameter C_CTRL_ECC_ALGO bound to: NONE - type: string 
	Parameter C_HAS_AXI_ID bound to: 0 - type: integer 
	Parameter C_AXI_ID_WIDTH bound to: 4 - type: integer 
	Parameter C_MEM_TYPE bound to: 1 - type: integer 
	Parameter C_BYTE_SIZE bound to: 9 - type: integer 
	Parameter C_ALGORITHM bound to: 1 - type: integer 
	Parameter C_PRIM_TYPE bound to: 1 - type: integer 
	Parameter C_LOAD_INIT_FILE bound to: 0 - type: integer 
	Parameter C_INIT_FILE_NAME bound to: no_coe_file_loaded - type: string 
	Parameter C_INIT_FILE bound to: blk_mem_gen_2.mem - type: string 
	Parameter C_USE_DEFAULT_DATA bound to: 0 - type: integer 
	Parameter C_DEFAULT_DATA bound to: 0 - type: string 
	Parameter C_HAS_RSTA bound to: 0 - type: integer 
	Parameter C_RST_PRIORITY_A bound to: CE - type: string 
	Parameter C_RSTRAM_A bound to: 0 - type: integer 
	Parameter C_INITA_VAL bound to: 0 - type: string 
	Parameter C_HAS_ENA bound to: 0 - type: integer 
	Parameter C_HAS_REGCEA bound to: 0 - type: integer 
	Parameter C_USE_BYTE_WEA bound to: 0 - type: integer 
	Parameter C_WEA_WIDTH bound to: 1 - type: integer 
	Parameter C_WRITE_MODE_A bound to: NO_CHANGE - type: string 
	Parameter C_WRITE_WIDTH_A bound to: 18 - type: integer 
	Parameter C_READ_WIDTH_A bound to: 18 - type: integer 
	Parameter C_WRITE_DEPTH_A bound to: 1024 - type: integer 
	Parameter C_READ_DEPTH_A bound to: 1024 - type: integer 
	Parameter C_ADDRA_WIDTH bound to: 10 - type: integer 
	Parameter C_HAS_RSTB bound to: 0 - type: integer 
	Parameter C_RST_PRIORITY_B bound to: CE - type: string 
	Parameter C_RSTRAM_B bound to: 0 - type: integer 
	Parameter C_INITB_VAL bound to: 0 - type: string 
	Parameter C_HAS_ENB bound to: 0 - type: integer 
	Parameter C_HAS_REGCEB bound to: 0 - type: integer 
	Parameter C_USE_BYTE_WEB bound to: 0 - type: integer 
	Parameter C_WEB_WIDTH bound to: 1 - type: integer 
	Parameter C_WRITE_MODE_B bound to: WRITE_FIRST - type: string 
	Parameter C_WRITE_WIDTH_B bound to: 18 - type: integer 
	Parameter C_READ_WIDTH_B bound to: 18 - type: integer 
	Parameter C_WRITE_DEPTH_B bound to: 1024 - type: integer 
	Parameter C_READ_DEPTH_B bound to: 1024 - type: integer 
	Parameter C_ADDRB_WIDTH bound to: 10 - type: integer 
	Parameter C_HAS_MEM_OUTPUT_REGS_A bound to: 0 - type: integer 
	Parameter C_HAS_MEM_OUTPUT_REGS_B bound to: 0 - type: integer 
	Parameter C_HAS_MUX_OUTPUT_REGS_A bound to: 0 - type: integer 
	Parameter C_HAS_MUX_OUTPUT_REGS_B bound to: 0 - type: integer 
	Parameter C_MUX_PIPELINE_STAGES bound to: 0 - type: integer 
	Parameter C_HAS_SOFTECC_INPUT_REGS_A bound to: 0 - type: integer 
	Parameter C_HAS_SOFTECC_OUTPUT_REGS_B bound to: 0 - type: integer 
	Parameter C_USE_SOFTECC bound to: 0 - type: integer 
	Parameter C_USE_ECC bound to: 0 - type: integer 
	Parameter C_EN_ECC_PIPE bound to: 0 - type: integer 
	Parameter C_READ_LATENCY_A bound to: 1 - type: integer 
	Parameter C_READ_LATENCY_B bound to: 1 - type: integer 
	Parameter C_HAS_INJECTERR bound to: 0 - type: integer 
	Parameter C_SIM_COLLISION_CHECK bound to: ALL - type: string 
	Parameter C_COMMON_CLK bound to: 0 - type: integer 
	Parameter C_DISABLE_WARN_BHV_COLL bound to: 0 - type: integer 
	Parameter C_EN_SLEEP_PIN bound to: 0 - type: integer 
	Parameter C_USE_URAM bound to: 0 - type: integer 
	Parameter C_EN_RDADDRA_CHG bound to: 0 - type: integer 
	Parameter C_EN_RDADDRB_CHG bound to: 0 - type: integer 
	Parameter C_EN_DEEPSLEEP_PIN bound to: 0 - type: integer 
	Parameter C_EN_SHUTDOWN_PIN bound to: 0 - type: integer 
	Parameter C_EN_SAFETY_CKT bound to: 0 - type: integer 
	Parameter C_DISABLE_WARN_BHV_RANGE bound to: 0 - type: integer 
	Parameter C_COUNT_36K_BRAM bound to: 0 - type: string 
	Parameter C_COUNT_18K_BRAM bound to: 1 - type: string 
	Parameter C_EST_POWER_SUMMARY bound to: Estimated Power for IP     :     2.233564 mW - type: string 
INFO: [Synth 8-3491] module 'blk_mem_gen_v8_4_4' declared at '/home/pnic/mkxue/Clone/BBQ/hardware/bbq-xilinx/hardware/hardware.gen/sources_1/ip/blk_mem_gen_2/hdl/blk_mem_gen_v8_4_vhsyn_rfs.vhd:195321' bound to instance 'U0' of component 'blk_mem_gen_v8_4_4' [/home/pnic/mkxue/Clone/BBQ/hardware/bbq-xilinx/hardware/hardware.gen/sources_1/ip/blk_mem_gen_2/synth/blk_mem_gen_2.vhd:239]
INFO: [Synth 8-256] done synthesizing module 'blk_mem_gen_2' (9#1) [/home/pnic/mkxue/Clone/BBQ/hardware/bbq-xilinx/hardware/hardware.gen/sources_1/ip/blk_mem_gen_2/synth/blk_mem_gen_2.vhd:71]
---------------------------------------------------------------------------------
Finished RTL Elaboration : Time (s): cpu = 00:00:10 ; elapsed = 00:00:28 . Memory (MB): peak = 3465.742 ; gain = 417.969 ; free physical = 30797 ; free virtual = 116408
---------------------------------------------------------------------------------
---------------------------------------------------------------------------------
Start Handling Custom Attributes
---------------------------------------------------------------------------------
---------------------------------------------------------------------------------
Finished Handling Custom Attributes : Time (s): cpu = 00:00:10 ; elapsed = 00:00:28 . Memory (MB): peak = 3465.742 ; gain = 417.969 ; free physical = 30796 ; free virtual = 116407
---------------------------------------------------------------------------------
---------------------------------------------------------------------------------
Finished RTL Optimization Phase 1 : Time (s): cpu = 00:00:10 ; elapsed = 00:00:28 . Memory (MB): peak = 3465.742 ; gain = 417.969 ; free physical = 30796 ; free virtual = 116407
---------------------------------------------------------------------------------
Netlist sorting complete. Time (s): cpu = 00:00:00 ; elapsed = 00:00:00 . Memory (MB): peak = 3465.742 ; gain = 0.000 ; free physical = 30773 ; free virtual = 116384
INFO: [Project 1-570] Preparing netlist for logic optimization

Processing XDC Constraints
Initializing timing engine
Parsing XDC File [/home/pnic/mkxue/Clone/BBQ/hardware/bbq-xilinx/hardware/hardware.gen/sources_1/ip/blk_mem_gen_2/blk_mem_gen_2_ooc.xdc] for cell 'U0'
Finished Parsing XDC File [/home/pnic/mkxue/Clone/BBQ/hardware/bbq-xilinx/hardware/hardware.gen/sources_1/ip/blk_mem_gen_2/blk_mem_gen_2_ooc.xdc] for cell 'U0'
Parsing XDC File [/home/pnic/mkxue/Clone/BBQ/hardware/bbq-xilinx/hardware/hardware.runs/blk_mem_gen_2_synth_1/dont_touch.xdc]
Finished Parsing XDC File [/home/pnic/mkxue/Clone/BBQ/hardware/bbq-xilinx/hardware/hardware.runs/blk_mem_gen_2_synth_1/dont_touch.xdc]
Completed Processing XDC Constraints

Netlist sorting complete. Time (s): cpu = 00:00:00 ; elapsed = 00:00:00 . Memory (MB): peak = 3543.867 ; gain = 0.000 ; free physical = 30674 ; free virtual = 116284
INFO: [Project 1-111] Unisim Transformation Summary:
No Unisim elements were transformed.

Constraint Validation Runtime : Time (s): cpu = 00:00:00.02 ; elapsed = 00:00:00.02 . Memory (MB): peak = 3543.867 ; gain = 0.000 ; free physical = 30674 ; free virtual = 116284
---------------------------------------------------------------------------------
Finished Constraint Validation : Time (s): cpu = 00:00:16 ; elapsed = 00:00:37 . Memory (MB): peak = 3543.867 ; gain = 496.094 ; free physical = 30632 ; free virtual = 116246
---------------------------------------------------------------------------------
---------------------------------------------------------------------------------
Start Loading Part and Timing Information
---------------------------------------------------------------------------------
Loading part: xcu280-fsvh2892-2L-e
INFO: [Synth 8-6742] Reading net delay rules and data
---------------------------------------------------------------------------------
Finished Loading Part and Timing Information : Time (s): cpu = 00:00:16 ; elapsed = 00:00:37 . Memory (MB): peak = 3543.867 ; gain = 496.094 ; free physical = 30632 ; free virtual = 116246
---------------------------------------------------------------------------------
---------------------------------------------------------------------------------
Start Applying 'set_property' XDC Constraints
---------------------------------------------------------------------------------
Applied set_property KEEP_HIERARCHY = SOFT for U0. (constraint file  /home/pnic/mkxue/Clone/BBQ/hardware/bbq-xilinx/hardware/hardware.runs/blk_mem_gen_2_synth_1/dont_touch.xdc, line 9).
---------------------------------------------------------------------------------
Finished applying 'set_property' XDC Constraints : Time (s): cpu = 00:00:16 ; elapsed = 00:00:37 . Memory (MB): peak = 3543.867 ; gain = 496.094 ; free physical = 30640 ; free virtual = 116254
---------------------------------------------------------------------------------
---------------------------------------------------------------------------------
Finished RTL Optimization Phase 2 : Time (s): cpu = 00:00:16 ; elapsed = 00:00:37 . Memory (MB): peak = 3543.867 ; gain = 496.094 ; free physical = 30616 ; free virtual = 116231
---------------------------------------------------------------------------------
---------------------------------------------------------------------------------
Start RTL Component Statistics 
---------------------------------------------------------------------------------
Detailed RTL Component Info : 
---------------------------------------------------------------------------------
Finished RTL Component Statistics 
---------------------------------------------------------------------------------
---------------------------------------------------------------------------------
Start Part Resource Summary
---------------------------------------------------------------------------------
Part Resources:
DSPs: 9024 (col length:94)
BRAMs: 4032 (col length: RAMB18 288 RAMB36 144)
---------------------------------------------------------------------------------
Finished Part Resource Summary
---------------------------------------------------------------------------------
---------------------------------------------------------------------------------
Start Cross Boundary and Area Optimization
---------------------------------------------------------------------------------
---------------------------------------------------------------------------------
Finished Cross Boundary and Area Optimization : Time (s): cpu = 00:00:17 ; elapsed = 00:00:37 . Memory (MB): peak = 3543.867 ; gain = 496.094 ; free physical = 30612 ; free virtual = 116228
---------------------------------------------------------------------------------
---------------------------------------------------------------------------------
Start Applying XDC Timing Constraints
---------------------------------------------------------------------------------
---------------------------------------------------------------------------------
Finished Applying XDC Timing Constraints : Time (s): cpu = 00:00:26 ; elapsed = 00:01:03 . Memory (MB): peak = 3746.648 ; gain = 698.875 ; free physical = 32852 ; free virtual = 118466
---------------------------------------------------------------------------------
---------------------------------------------------------------------------------
Start Timing Optimization
---------------------------------------------------------------------------------
---------------------------------------------------------------------------------
Finished Timing Optimization : Time (s): cpu = 00:00:26 ; elapsed = 00:01:03 . Memory (MB): peak = 3746.648 ; gain = 698.875 ; free physical = 32852 ; free virtual = 118466
---------------------------------------------------------------------------------
---------------------------------------------------------------------------------
Start Technology Mapping
---------------------------------------------------------------------------------
---------------------------------------------------------------------------------
Finished Technology Mapping : Time (s): cpu = 00:00:26 ; elapsed = 00:01:03 . Memory (MB): peak = 3765.680 ; gain = 717.906 ; free physical = 32828 ; free virtual = 118442
---------------------------------------------------------------------------------
---------------------------------------------------------------------------------
Start IO Insertion
---------------------------------------------------------------------------------
---------------------------------------------------------------------------------
Start Flattening Before IO Insertion
---------------------------------------------------------------------------------
---------------------------------------------------------------------------------
Finished Flattening Before IO Insertion
---------------------------------------------------------------------------------
---------------------------------------------------------------------------------
Start Final Netlist Cleanup
---------------------------------------------------------------------------------
---------------------------------------------------------------------------------
Finished Final Netlist Cleanup
---------------------------------------------------------------------------------
---------------------------------------------------------------------------------
Finished IO Insertion : Time (s): cpu = 00:00:27 ; elapsed = 00:01:05 . Memory (MB): peak = 3771.617 ; gain = 723.844 ; free physical = 32845 ; free virtual = 118459
---------------------------------------------------------------------------------
---------------------------------------------------------------------------------
Start Renaming Generated Instances
---------------------------------------------------------------------------------
---------------------------------------------------------------------------------
Finished Renaming Generated Instances : Time (s): cpu = 00:00:27 ; elapsed = 00:01:05 . Memory (MB): peak = 3771.617 ; gain = 723.844 ; free physical = 32845 ; free virtual = 118459
---------------------------------------------------------------------------------
---------------------------------------------------------------------------------
Start Rebuilding User Hierarchy
---------------------------------------------------------------------------------
---------------------------------------------------------------------------------
Finished Rebuilding User Hierarchy : Time (s): cpu = 00:00:27 ; elapsed = 00:01:05 . Memory (MB): peak = 3771.617 ; gain = 723.844 ; free physical = 32845 ; free virtual = 118459
---------------------------------------------------------------------------------
---------------------------------------------------------------------------------
Start Renaming Generated Ports
---------------------------------------------------------------------------------
---------------------------------------------------------------------------------
Finished Renaming Generated Ports : Time (s): cpu = 00:00:27 ; elapsed = 00:01:05 . Memory (MB): peak = 3771.617 ; gain = 723.844 ; free physical = 32845 ; free virtual = 118459
---------------------------------------------------------------------------------
---------------------------------------------------------------------------------
Start Handling Custom Attributes
---------------------------------------------------------------------------------
---------------------------------------------------------------------------------
Finished Handling Custom Attributes : Time (s): cpu = 00:00:27 ; elapsed = 00:01:05 . Memory (MB): peak = 3771.617 ; gain = 723.844 ; free physical = 32845 ; free virtual = 118459
---------------------------------------------------------------------------------
---------------------------------------------------------------------------------
Start Renaming Generated Nets
---------------------------------------------------------------------------------
---------------------------------------------------------------------------------
Finished Renaming Generated Nets : Time (s): cpu = 00:00:27 ; elapsed = 00:01:05 . Memory (MB): peak = 3771.617 ; gain = 723.844 ; free physical = 32845 ; free virtual = 118459
---------------------------------------------------------------------------------
---------------------------------------------------------------------------------
Start Writing Synthesis Report
---------------------------------------------------------------------------------

Report BlackBoxes: 
+-+--------------+----------+
| |BlackBox name |Instances |
+-+--------------+----------+
+-+--------------+----------+

Report Cell Usage: 
+------+---------+------+
|      |Cell     |Count |
+------+---------+------+
|1     |RAMB18E2 |     1|
+------+---------+------+
---------------------------------------------------------------------------------
Finished Writing Synthesis Report : Time (s): cpu = 00:00:27 ; elapsed = 00:01:05 . Memory (MB): peak = 3771.617 ; gain = 723.844 ; free physical = 32845 ; free virtual = 118459
---------------------------------------------------------------------------------
Synthesis finished with 0 errors, 0 critical warnings and 0 warnings.
Synthesis Optimization Runtime : Time (s): cpu = 00:00:23 ; elapsed = 00:01:00 . Memory (MB): peak = 3771.617 ; gain = 645.719 ; free physical = 32845 ; free virtual = 118459
Synthesis Optimization Complete : Time (s): cpu = 00:00:27 ; elapsed = 00:01:05 . Memory (MB): peak = 3771.625 ; gain = 723.844 ; free physical = 32845 ; free virtual = 118459
INFO: [Project 1-571] Translating synthesized netlist
Netlist sorting complete. Time (s): cpu = 00:00:00 ; elapsed = 00:00:00 . Memory (MB): peak = 3771.625 ; gain = 0.000 ; free physical = 32847 ; free virtual = 118461
INFO: [Project 1-570] Preparing netlist for logic optimization
INFO: [Opt 31-138] Pushed 0 inverter(s) to 0 load pin(s).
Netlist sorting complete. Time (s): cpu = 00:00:00 ; elapsed = 00:00:00 . Memory (MB): peak = 3839.031 ; gain = 0.000 ; free physical = 32903 ; free virtual = 118517
INFO: [Project 1-111] Unisim Transformation Summary:
No Unisim elements were transformed.

INFO: [Common 17-83] Releasing license: Synthesis
16 Infos, 0 Warnings, 0 Critical Warnings and 0 Errors encountered.
synth_design completed successfully
synth_design: Time (s): cpu = 00:00:37 ; elapsed = 00:01:20 . Memory (MB): peak = 3839.031 ; gain = 1444.641 ; free physical = 32903 ; free virtual = 118517
INFO: [Common 17-1381] The checkpoint '/home/pnic/mkxue/Clone/BBQ/hardware/bbq-xilinx/hardware/hardware.runs/blk_mem_gen_2_synth_1/blk_mem_gen_2.dcp' has been generated.
WARNING: [Common 17-576] 'use_project_ipc' is deprecated. This option is deprecated and no longer used.
INFO: [Coretcl 2-1648] Added synthesis output to IP cache for IP blk_mem_gen_2, cache-ID = 4f5ddc09870c4b3f
INFO: [Coretcl 2-1174] Renamed 6 cell refs.
INFO: [Common 17-1381] The checkpoint '/home/pnic/mkxue/Clone/BBQ/hardware/bbq-xilinx/hardware/hardware.runs/blk_mem_gen_2_synth_1/blk_mem_gen_2.dcp' has been generated.
INFO: [runtcl-4] Executing : report_utilization -file blk_mem_gen_2_utilization_synth.rpt -pb blk_mem_gen_2_utilization_synth.pb
INFO: [Common 17-206] Exiting Vivado at Wed Jul 16 15:54:50 2025...
